INFO: [SIM 2] *************** CSIM start ***************
INFO: [SIM 4] CSIM will launch GCC as the compiler.
   Compiling(apcc) ../../../../axi_interfaces_test.c in debug mode
INFO: [HLS 200-10] Running 'C:/Xilinx/Vitis_HLS/2022.1/bin/unwrapped/win64.o/apcc.exe'
INFO: [HLS 200-10] For user 'ecoyu' on host 'joedesktop' (Windows NT_amd64 version 6.2) on Wed Mar 15 17:00:59 +0800 2023
INFO: [HLS 200-10] In directory 'D:/master/HLS/labA_InterfaceSynthesis/lab4/axi_interfaces_prj/solution1/csim/build'
INFO: [APCC 202-3] Tmp directory is apcc_db
INFO: [APCC 202-1] APCC is done.
INFO: [HLS 200-112] Total CPU user time: 0 seconds. Total CPU system time: 0 seconds. Total elapsed time: 2.01 seconds; peak allocated memory: 0.891 MB.
   Compiling(apcc) ../../../../axi_interfaces.c in debug mode
INFO: [HLS 200-10] Running 'C:/Xilinx/Vitis_HLS/2022.1/bin/unwrapped/win64.o/apcc.exe'
INFO: [HLS 200-10] For user 'ecoyu' on host 'joedesktop' (Windows NT_amd64 version 6.2) on Wed Mar 15 17:01:02 +0800 2023
INFO: [HLS 200-10] In directory 'D:/master/HLS/labA_InterfaceSynthesis/lab4/axi_interfaces_prj/solution1/csim/build'
INFO: [APCC 202-3] Tmp directory is apcc_db
INFO: [APCC 202-1] APCC is done.
INFO: [HLS 200-112] Total CPU user time: 0 seconds. Total CPU system time: 0 seconds. Total elapsed time: 2.052 seconds; peak allocated memory: 1.352 MB.
   Generating csim.exe
Test passed !
INFO: [SIM 1] CSim done with 0 errors.
INFO: [SIM 3] *************** CSIM finish ***************
