

================================================================
== Vitis HLS Report for 'array_io'
================================================================
* Date:           Wed Mar 15 16:28:54 2023

* Version:        2022.1 (Build 3526262 on Mon Apr 18 15:48:16 MDT 2022)
* Project:        array_io_prj
* Solution:       solution3 (Vivado IP Flow Target)
* Product family: virtexuplus
* Target device:  xcvu9p-flgb2104-1-e


================================================================
== Performance Estimates
================================================================
+ Timing: 
    * Summary: 
    +--------+---------+----------+------------+
    |  Clock |  Target | Estimated| Uncertainty|
    +--------+---------+----------+------------+
    |ap_clk  |  4.00 ns|  2.581 ns|     1.08 ns|
    +--------+---------+----------+------------+

+ Latency: 
    * Summary: 
    +---------+---------+-----------+-----------+-----+-----+---------+
    |  Latency (cycles) |   Latency (absolute)  |  Interval | Pipeline|
    |   min   |   max   |    min    |    max    | min | max |   Type  |
    +---------+---------+-----------+-----------+-----+-----+---------+
    |       10|       10|  40.000 ns|  40.000 ns|   11|   11|       no|
    +---------+---------+-----------+-----------+-----+-----+---------+

    + Detail: 
        * Instance: 
        N/A

        * Loop: 
        N/A



================================================================
== Utilization Estimates
================================================================
* Summary: 
+---------------------+---------+------+---------+---------+-----+
|         Name        | BRAM_18K|  DSP |    FF   |   LUT   | URAM|
+---------------------+---------+------+---------+---------+-----+
|DSP                  |        -|     -|        -|        -|    -|
|Expression           |        -|     -|        0|     1642|    -|
|FIFO                 |        -|     -|        -|        -|    -|
|Instance             |        -|     -|        -|        -|    -|
|Memory               |        -|     -|        -|        -|    -|
|Multiplexer          |        -|     -|        -|      493|    -|
|Register             |        -|     -|      867|        -|    -|
+---------------------+---------+------+---------+---------+-----+
|Total                |        0|     0|      867|     2135|    0|
+---------------------+---------+------+---------+---------+-----+
|Available SLR        |     1440|  2280|   788160|   394080|  320|
+---------------------+---------+------+---------+---------+-----+
|Utilization SLR (%)  |        0|     0|       ~0|       ~0|    0|
+---------------------+---------+------+---------+---------+-----+
|Available            |     4320|  6840|  2364480|  1182240|  960|
+---------------------+---------+------+---------+---------+-----+
|Utilization (%)      |        0|     0|       ~0|       ~0|    0|
+---------------------+---------+------+---------+---------+-----+

+ Detail: 
    * Instance: 
    N/A

    * DSP: 
    N/A

    * Memory: 
    N/A

    * FIFO: 
    N/A

    * Expression: 
    +------------------------+----------+----+---+----+------------+------------+
    |      Variable Name     | Operation| DSP| FF| LUT| Bitwidth P0| Bitwidth P1|
    +------------------------+----------+----+---+----+------------+------------+
    |add_ln67_10_fu_673_p2   |         +|   0|  0|  25|          18|          18|
    |add_ln67_12_fu_748_p2   |         +|   0|  0|  32|          32|          32|
    |add_ln67_13_fu_699_p2   |         +|   0|  0|  24|          17|          17|
    |add_ln67_14_fu_756_p2   |         +|   0|  0|  25|          18|          18|
    |add_ln67_16_fu_831_p2   |         +|   0|  0|  32|          32|          32|
    |add_ln67_17_fu_782_p2   |         +|   0|  0|  24|          17|          17|
    |add_ln67_18_fu_839_p2   |         +|   0|  0|  25|          18|          18|
    |add_ln67_1_fu_456_p2    |         +|   0|  0|  24|          17|          17|
    |add_ln67_20_fu_914_p2   |         +|   0|  0|  32|          32|          32|
    |add_ln67_21_fu_865_p2   |         +|   0|  0|  24|          17|          17|
    |add_ln67_22_fu_922_p2   |         +|   0|  0|  25|          18|          18|
    |add_ln67_24_fu_997_p2   |         +|   0|  0|  32|          32|          32|
    |add_ln67_25_fu_948_p2   |         +|   0|  0|  24|          17|          17|
    |add_ln67_26_fu_1005_p2  |         +|   0|  0|  25|          18|          18|
    |add_ln67_28_fu_1062_p2  |         +|   0|  0|  32|          32|          32|
    |add_ln67_29_fu_1031_p2  |         +|   0|  0|  24|          17|          17|
    |add_ln67_2_fu_507_p2    |         +|   0|  0|  25|          18|          18|
    |add_ln67_30_fu_1070_p2  |         +|   0|  0|  25|          18|          18|
    |add_ln67_4_fu_582_p2    |         +|   0|  0|  32|          32|          32|
    |add_ln67_5_fu_533_p2    |         +|   0|  0|  24|          17|          17|
    |add_ln67_6_fu_590_p2    |         +|   0|  0|  25|          18|          18|
    |add_ln67_8_fu_665_p2    |         +|   0|  0|  32|          32|          32|
    |add_ln67_9_fu_616_p2    |         +|   0|  0|  24|          17|          17|
    |add_ln67_fu_499_p2      |         +|   0|  0|  32|          32|          32|
    |add_ln69_10_fu_644_p2   |         +|   0|  0|  23|          16|          16|
    |add_ln69_11_fu_727_p2   |         +|   0|  0|  23|          16|          16|
    |add_ln69_12_fu_810_p2   |         +|   0|  0|  23|          16|          16|
    |add_ln69_13_fu_893_p2   |         +|   0|  0|  23|          16|          16|
    |add_ln69_14_fu_976_p2   |         +|   0|  0|  23|          16|          16|
    |add_ln69_15_fu_1045_p2  |         +|   0|  0|  23|          16|          16|
    |add_ln69_16_fu_489_p2   |         +|   0|  0|  23|          16|          16|
    |add_ln69_17_fu_566_p2   |         +|   0|  0|  23|          16|          16|
    |add_ln69_18_fu_649_p2   |         +|   0|  0|  23|          16|          16|
    |add_ln69_19_fu_732_p2   |         +|   0|  0|  23|          16|          16|
    |add_ln69_1_fu_474_p2    |         +|   0|  0|  23|          16|          16|
    |add_ln69_20_fu_815_p2   |         +|   0|  0|  23|          16|          16|
    |add_ln69_21_fu_898_p2   |         +|   0|  0|  23|          16|          16|
    |add_ln69_22_fu_981_p2   |         +|   0|  0|  23|          16|          16|
    |add_ln69_23_fu_1050_p2  |         +|   0|  0|  23|          16|          16|
    |add_ln69_24_fu_576_p2   |         +|   0|  0|  23|          16|          16|
    |add_ln69_25_fu_659_p2   |         +|   0|  0|  23|          16|          16|
    |add_ln69_26_fu_742_p2   |         +|   0|  0|  23|          16|          16|
    |add_ln69_27_fu_825_p2   |         +|   0|  0|  23|          16|          16|
    |add_ln69_28_fu_908_p2   |         +|   0|  0|  23|          16|          16|
    |add_ln69_29_fu_991_p2   |         +|   0|  0|  23|          16|          16|
    |add_ln69_2_fu_551_p2    |         +|   0|  0|  23|          16|          16|
    |add_ln69_30_fu_1056_p2  |         +|   0|  0|  23|          16|          16|
    |add_ln69_31_fu_1092_p2  |         +|   0|  0|  23|          16|          16|
    |add_ln69_3_fu_634_p2    |         +|   0|  0|  23|          16|          16|
    |add_ln69_4_fu_717_p2    |         +|   0|  0|  23|          16|          16|
    |add_ln69_5_fu_800_p2    |         +|   0|  0|  23|          16|          16|
    |add_ln69_6_fu_883_p2    |         +|   0|  0|  23|          16|          16|
    |add_ln69_7_fu_966_p2    |         +|   0|  0|  23|          16|          16|
    |add_ln69_8_fu_484_p2    |         +|   0|  0|  23|          16|          16|
    |add_ln69_9_fu_561_p2    |         +|   0|  0|  23|          16|          16|
    |add_ln69_fu_442_p2      |         +|   0|  0|  23|          16|          16|
    |temp_1_fu_600_p2        |         +|   0|  0|  32|          32|          32|
    |temp_2_fu_683_p2        |         +|   0|  0|  32|          32|          32|
    |temp_3_fu_766_p2        |         +|   0|  0|  32|          32|          32|
    |temp_4_fu_849_p2        |         +|   0|  0|  32|          32|          32|
    |temp_5_fu_932_p2        |         +|   0|  0|  32|          32|          32|
    |temp_6_fu_1015_p2       |         +|   0|  0|  32|          32|          32|
    |temp_7_fu_1080_p2       |         +|   0|  0|  32|          32|          32|
    |temp_fu_517_p2          |         +|   0|  0|  32|          32|          32|
    |ap_block_state10        |        or|   0|  0|   2|           1|           1|
    +------------------------+----------+----+---+----+------------+------------+
    |Total                   |          |   0|  0|1642|        1305|        1305|
    +------------------------+----------+----+---+----+------------+------------+

    * Multiplexer: 
    +----------------+----+-----------+-----+-----------+
    |      Name      | LUT| Input Size| Bits| Total Bits|
    +----------------+----+-----------+-----+-----------+
    |ap_NS_fsm       |  65|         12|    1|         12|
    |d_i_0_address0  |  49|          9|    4|         36|
    |d_i_0_address1  |  49|          9|    4|         36|
    |d_i_1_address0  |  49|          9|    4|         36|
    |d_i_1_address1  |  49|          9|    4|         36|
    |d_o_0_blk_n     |   9|          2|    1|          2|
    |d_o_0_din       |  49|          9|   16|        144|
    |d_o_1_blk_n     |   9|          2|    1|          2|
    |d_o_1_din       |  49|          9|   16|        144|
    |d_o_2_blk_n     |   9|          2|    1|          2|
    |d_o_2_din       |  49|          9|   16|        144|
    |d_o_3_blk_n     |   9|          2|    1|          2|
    |d_o_3_din       |  49|          9|   16|        144|
    +----------------+----+-----------+-----+-----------+
    |Total           | 493|         92|   85|        740|
    +----------------+----+-----------+-----+-----------+

    * Register: 
    +----------------------+----+----+-----+-----------+
    |         Name         | FF | LUT| Bits| Const Bits|
    +----------------------+----+----+-----+-----------+
    |acc_0                 |  32|   0|   32|          0|
    |acc_1                 |  32|   0|   32|          0|
    |acc_2                 |  32|   0|   32|          0|
    |acc_3                 |  32|   0|   32|          0|
    |acc_4                 |  32|   0|   32|          0|
    |acc_5                 |  32|   0|   32|          0|
    |acc_6                 |  32|   0|   32|          0|
    |acc_7                 |  32|   0|   32|          0|
    |add_ln67_13_reg_1277  |  17|   0|   17|          0|
    |add_ln67_17_reg_1322  |  17|   0|   17|          0|
    |add_ln67_1_reg_1142   |  17|   0|   17|          0|
    |add_ln67_21_reg_1367  |  17|   0|   17|          0|
    |add_ln67_25_reg_1412  |  17|   0|   17|          0|
    |add_ln67_29_reg_1442  |  17|   0|   17|          0|
    |add_ln67_5_reg_1187   |  17|   0|   17|          0|
    |add_ln67_9_reg_1232   |  17|   0|   17|          0|
    |add_ln69_10_reg_1256  |  16|   0|   16|          0|
    |add_ln69_11_reg_1301  |  16|   0|   16|          0|
    |add_ln69_12_reg_1346  |  16|   0|   16|          0|
    |add_ln69_13_reg_1391  |  16|   0|   16|          0|
    |add_ln69_14_reg_1431  |  16|   0|   16|          0|
    |add_ln69_15_reg_1447  |  16|   0|   16|          0|
    |add_ln69_16_reg_1176  |  16|   0|   16|          0|
    |add_ln69_17_reg_1221  |  16|   0|   16|          0|
    |add_ln69_18_reg_1266  |  16|   0|   16|          0|
    |add_ln69_19_reg_1311  |  16|   0|   16|          0|
    |add_ln69_1_reg_1155   |  16|   0|   16|          0|
    |add_ln69_20_reg_1356  |  16|   0|   16|          0|
    |add_ln69_21_reg_1401  |  16|   0|   16|          0|
    |add_ln69_22_reg_1436  |  16|   0|   16|          0|
    |add_ln69_23_reg_1452  |  16|   0|   16|          0|
    |add_ln69_2_reg_1200   |  16|   0|   16|          0|
    |add_ln69_3_reg_1245   |  16|   0|   16|          0|
    |add_ln69_4_reg_1290   |  16|   0|   16|          0|
    |add_ln69_5_reg_1335   |  16|   0|   16|          0|
    |add_ln69_6_reg_1380   |  16|   0|   16|          0|
    |add_ln69_7_reg_1425   |  16|   0|   16|          0|
    |add_ln69_8_reg_1166   |  16|   0|   16|          0|
    |add_ln69_9_reg_1211   |  16|   0|   16|          0|
    |add_ln69_reg_1121     |  16|   0|   16|          0|
    |ap_CS_fsm             |  11|   0|   11|          0|
    |reg_414               |  16|   0|   16|          0|
    |reg_418               |  16|   0|   16|          0|
    |reg_422               |  16|   0|   16|          0|
    |reg_426               |  16|   0|   16|          0|
    |reg_430               |  16|   0|   16|          0|
    +----------------------+----+----+-----+-----------+
    |Total                 | 867|   0|  867|          0|
    +----------------------+----+----+-----+-----------+



================================================================
== Interface
================================================================
* Summary: 
+----------------+-----+-----+------------+--------------+--------------+
|    RTL Ports   | Dir | Bits|  Protocol  | Source Object|    C Type    |
+----------------+-----+-----+------------+--------------+--------------+
|ap_clk          |   in|    1|  ap_ctrl_hs|      array_io|  return value|
|ap_rst          |   in|    1|  ap_ctrl_hs|      array_io|  return value|
|ap_start        |   in|    1|  ap_ctrl_hs|      array_io|  return value|
|ap_done         |  out|    1|  ap_ctrl_hs|      array_io|  return value|
|ap_idle         |  out|    1|  ap_ctrl_hs|      array_io|  return value|
|ap_ready        |  out|    1|  ap_ctrl_hs|      array_io|  return value|
|d_o_0_din       |  out|   16|     ap_fifo|         d_o_0|       pointer|
|d_o_0_full_n    |   in|    1|     ap_fifo|         d_o_0|       pointer|
|d_o_0_write     |  out|    1|     ap_fifo|         d_o_0|       pointer|
|d_o_1_din       |  out|   16|     ap_fifo|         d_o_1|       pointer|
|d_o_1_full_n    |   in|    1|     ap_fifo|         d_o_1|       pointer|
|d_o_1_write     |  out|    1|     ap_fifo|         d_o_1|       pointer|
|d_o_2_din       |  out|   16|     ap_fifo|         d_o_2|       pointer|
|d_o_2_full_n    |   in|    1|     ap_fifo|         d_o_2|       pointer|
|d_o_2_write     |  out|    1|     ap_fifo|         d_o_2|       pointer|
|d_o_3_din       |  out|   16|     ap_fifo|         d_o_3|       pointer|
|d_o_3_full_n    |   in|    1|     ap_fifo|         d_o_3|       pointer|
|d_o_3_write     |  out|    1|     ap_fifo|         d_o_3|       pointer|
|d_i_0_address0  |  out|    4|   ap_memory|         d_i_0|         array|
|d_i_0_ce0       |  out|    1|   ap_memory|         d_i_0|         array|
|d_i_0_q0        |   in|   16|   ap_memory|         d_i_0|         array|
|d_i_0_address1  |  out|    4|   ap_memory|         d_i_0|         array|
|d_i_0_ce1       |  out|    1|   ap_memory|         d_i_0|         array|
|d_i_0_q1        |   in|   16|   ap_memory|         d_i_0|         array|
|d_i_1_address0  |  out|    4|   ap_memory|         d_i_1|         array|
|d_i_1_ce0       |  out|    1|   ap_memory|         d_i_1|         array|
|d_i_1_q0        |   in|   16|   ap_memory|         d_i_1|         array|
|d_i_1_address1  |  out|    4|   ap_memory|         d_i_1|         array|
|d_i_1_ce1       |  out|    1|   ap_memory|         d_i_1|         array|
|d_i_1_q1        |   in|   16|   ap_memory|         d_i_1|         array|
+----------------+-----+-----+------------+--------------+--------------+

