#-----------------------------------------------------------
# xsim v2022.1 (64-bit)
# SW Build 3526262 on Mon Apr 18 15:48:16 MDT 2022
# IP Build 3524634 on Mon Apr 18 20:55:01 MDT 2022
# Start of session at: Sat Mar 18 19:40:16 2023
# Process ID: 1372
# Current directory: D:/master/HLS/labA_InterfaceSynthesis/lab3/array_io_prj/solution4/sim/verilog
# Command line: xsim.exe -mode tcl -source {xsim.dir/array_io/xsim_script.tcl}
# Log file: D:/master/HLS/labA_InterfaceSynthesis/lab3/array_io_prj/solution4/sim/verilog/xsim.log
# Journal file: D:/master/HLS/labA_InterfaceSynthesis/lab3/array_io_prj/solution4/sim/verilog\xsim.jou
# Running On: JoeDesktop, OS: Windows, CPU Frequency: 3187 MHz, CPU Physical cores: 16, Host memory: 68448 MB
#-----------------------------------------------------------
source xsim.dir/array_io/xsim_script.tcl
# xsim {array_io} -view {{array_io_dataflow_ana.wcfg}} -tclbatch {array_io.tcl} -protoinst {array_io.protoinst}
INFO: [Wavedata 42-565] Reading protoinst file array_io.protoinst
INFO: [Wavedata 42-564]   Found protocol instance at /apatb_array_io_top/AESL_inst_array_io//AESL_inst_array_io_activity
Time resolution is 1 ps
open_wave_config array_io_dataflow_ana.wcfg
source array_io.tcl
## log_wave -r /
WARNING: [Simtcl 6-197] One or more HDL objects could not be logged because of object type or size limitations.  To see details please rerun the command with -verbose (-v).
## set designtopgroup [add_wave_group "Design Top Signals"]
## set coutputgroup [add_wave_group "C Outputs" -into $designtopgroup]
## set return_group [add_wave_group return(wire) -into $coutputgroup]
## add_wave /apatb_array_io_top/AESL_inst_array_io/d_o_31_ap_vld -into $return_group -color #ffff00 -radix hex
## add_wave /apatb_array_io_top/AESL_inst_array_io/d_o_31 -into $return_group -radix hex
## add_wave /apatb_array_io_top/AESL_inst_array_io/d_o_30_ap_vld -into $return_group -color #ffff00 -radix hex
## add_wave /apatb_array_io_top/AESL_inst_array_io/d_o_30 -into $return_group -radix hex
## add_wave /apatb_array_io_top/AESL_inst_array_io/d_o_29_ap_vld -into $return_group -color #ffff00 -radix hex
## add_wave /apatb_array_io_top/AESL_inst_array_io/d_o_29 -into $return_group -radix hex
## add_wave /apatb_array_io_top/AESL_inst_array_io/d_o_28_ap_vld -into $return_group -color #ffff00 -radix hex
## add_wave /apatb_array_io_top/AESL_inst_array_io/d_o_28 -into $return_group -radix hex
## add_wave /apatb_array_io_top/AESL_inst_array_io/d_o_27_ap_vld -into $return_group -color #ffff00 -radix hex
## add_wave /apatb_array_io_top/AESL_inst_array_io/d_o_27 -into $return_group -radix hex
## add_wave /apatb_array_io_top/AESL_inst_array_io/d_o_26_ap_vld -into $return_group -color #ffff00 -radix hex
## add_wave /apatb_array_io_top/AESL_inst_array_io/d_o_26 -into $return_group -radix hex
## add_wave /apatb_array_io_top/AESL_inst_array_io/d_o_25_ap_vld -into $return_group -color #ffff00 -radix hex
## add_wave /apatb_array_io_top/AESL_inst_array_io/d_o_25 -into $return_group -radix hex
## add_wave /apatb_array_io_top/AESL_inst_array_io/d_o_24_ap_vld -into $return_group -color #ffff00 -radix hex
## add_wave /apatb_array_io_top/AESL_inst_array_io/d_o_24 -into $return_group -radix hex
## add_wave /apatb_array_io_top/AESL_inst_array_io/d_o_23_ap_vld -into $return_group -color #ffff00 -radix hex
## add_wave /apatb_array_io_top/AESL_inst_array_io/d_o_23 -into $return_group -radix hex
## add_wave /apatb_array_io_top/AESL_inst_array_io/d_o_22_ap_vld -into $return_group -color #ffff00 -radix hex
## add_wave /apatb_array_io_top/AESL_inst_array_io/d_o_22 -into $return_group -radix hex
## add_wave /apatb_array_io_top/AESL_inst_array_io/d_o_21_ap_vld -into $return_group -color #ffff00 -radix hex
## add_wave /apatb_array_io_top/AESL_inst_array_io/d_o_21 -into $return_group -radix hex
## add_wave /apatb_array_io_top/AESL_inst_array_io/d_o_20_ap_vld -into $return_group -color #ffff00 -radix hex
## add_wave /apatb_array_io_top/AESL_inst_array_io/d_o_20 -into $return_group -radix hex
## add_wave /apatb_array_io_top/AESL_inst_array_io/d_o_19_ap_vld -into $return_group -color #ffff00 -radix hex
## add_wave /apatb_array_io_top/AESL_inst_array_io/d_o_19 -into $return_group -radix hex
## add_wave /apatb_array_io_top/AESL_inst_array_io/d_o_18_ap_vld -into $return_group -color #ffff00 -radix hex
## add_wave /apatb_array_io_top/AESL_inst_array_io/d_o_18 -into $return_group -radix hex
## add_wave /apatb_array_io_top/AESL_inst_array_io/d_o_17_ap_vld -into $return_group -color #ffff00 -radix hex
## add_wave /apatb_array_io_top/AESL_inst_array_io/d_o_17 -into $return_group -radix hex
## add_wave /apatb_array_io_top/AESL_inst_array_io/d_o_16_ap_vld -into $return_group -color #ffff00 -radix hex
## add_wave /apatb_array_io_top/AESL_inst_array_io/d_o_16 -into $return_group -radix hex
## add_wave /apatb_array_io_top/AESL_inst_array_io/d_o_15_ap_vld -into $return_group -color #ffff00 -radix hex
## add_wave /apatb_array_io_top/AESL_inst_array_io/d_o_15 -into $return_group -radix hex
## add_wave /apatb_array_io_top/AESL_inst_array_io/d_o_14_ap_vld -into $return_group -color #ffff00 -radix hex
## add_wave /apatb_array_io_top/AESL_inst_array_io/d_o_14 -into $return_group -radix hex
## add_wave /apatb_array_io_top/AESL_inst_array_io/d_o_13_ap_vld -into $return_group -color #ffff00 -radix hex
## add_wave /apatb_array_io_top/AESL_inst_array_io/d_o_13 -into $return_group -radix hex
## add_wave /apatb_array_io_top/AESL_inst_array_io/d_o_12_ap_vld -into $return_group -color #ffff00 -radix hex
## add_wave /apatb_array_io_top/AESL_inst_array_io/d_o_12 -into $return_group -radix hex
## add_wave /apatb_array_io_top/AESL_inst_array_io/d_o_11_ap_vld -into $return_group -color #ffff00 -radix hex
## add_wave /apatb_array_io_top/AESL_inst_array_io/d_o_11 -into $return_group -radix hex
## add_wave /apatb_array_io_top/AESL_inst_array_io/d_o_10_ap_vld -into $return_group -color #ffff00 -radix hex
## add_wave /apatb_array_io_top/AESL_inst_array_io/d_o_10 -into $return_group -radix hex
## add_wave /apatb_array_io_top/AESL_inst_array_io/d_o_9_ap_vld -into $return_group -color #ffff00 -radix hex
## add_wave /apatb_array_io_top/AESL_inst_array_io/d_o_9 -into $return_group -radix hex
## add_wave /apatb_array_io_top/AESL_inst_array_io/d_o_8_ap_vld -into $return_group -color #ffff00 -radix hex
## add_wave /apatb_array_io_top/AESL_inst_array_io/d_o_8 -into $return_group -radix hex
## add_wave /apatb_array_io_top/AESL_inst_array_io/d_o_7_ap_vld -into $return_group -color #ffff00 -radix hex
## add_wave /apatb_array_io_top/AESL_inst_array_io/d_o_7 -into $return_group -radix hex
## add_wave /apatb_array_io_top/AESL_inst_array_io/d_o_6_ap_vld -into $return_group -color #ffff00 -radix hex
## add_wave /apatb_array_io_top/AESL_inst_array_io/d_o_6 -into $return_group -radix hex
## add_wave /apatb_array_io_top/AESL_inst_array_io/d_o_5_ap_vld -into $return_group -color #ffff00 -radix hex
## add_wave /apatb_array_io_top/AESL_inst_array_io/d_o_5 -into $return_group -radix hex
## add_wave /apatb_array_io_top/AESL_inst_array_io/d_o_4_ap_vld -into $return_group -color #ffff00 -radix hex
## add_wave /apatb_array_io_top/AESL_inst_array_io/d_o_4 -into $return_group -radix hex
## add_wave /apatb_array_io_top/AESL_inst_array_io/d_o_3_ap_vld -into $return_group -color #ffff00 -radix hex
## add_wave /apatb_array_io_top/AESL_inst_array_io/d_o_3 -into $return_group -radix hex
## add_wave /apatb_array_io_top/AESL_inst_array_io/d_o_2_ap_vld -into $return_group -color #ffff00 -radix hex
## add_wave /apatb_array_io_top/AESL_inst_array_io/d_o_2 -into $return_group -radix hex
## add_wave /apatb_array_io_top/AESL_inst_array_io/d_o_1_ap_vld -into $return_group -color #ffff00 -radix hex
## add_wave /apatb_array_io_top/AESL_inst_array_io/d_o_1 -into $return_group -radix hex
## add_wave /apatb_array_io_top/AESL_inst_array_io/d_o_0_ap_vld -into $return_group -color #ffff00 -radix hex
## add_wave /apatb_array_io_top/AESL_inst_array_io/d_o_0 -into $return_group -radix hex
## set cinputgroup [add_wave_group "C Inputs" -into $designtopgroup]
## set return_group [add_wave_group return(wire) -into $cinputgroup]
## add_wave /apatb_array_io_top/AESL_inst_array_io/d_i_31 -into $return_group -radix hex
## add_wave /apatb_array_io_top/AESL_inst_array_io/d_i_30 -into $return_group -radix hex
## add_wave /apatb_array_io_top/AESL_inst_array_io/d_i_29 -into $return_group -radix hex
## add_wave /apatb_array_io_top/AESL_inst_array_io/d_i_28 -into $return_group -radix hex
## add_wave /apatb_array_io_top/AESL_inst_array_io/d_i_27 -into $return_group -radix hex
## add_wave /apatb_array_io_top/AESL_inst_array_io/d_i_26 -into $return_group -radix hex
## add_wave /apatb_array_io_top/AESL_inst_array_io/d_i_25 -into $return_group -radix hex
## add_wave /apatb_array_io_top/AESL_inst_array_io/d_i_24 -into $return_group -radix hex
## add_wave /apatb_array_io_top/AESL_inst_array_io/d_i_23 -into $return_group -radix hex
## add_wave /apatb_array_io_top/AESL_inst_array_io/d_i_22 -into $return_group -radix hex
## add_wave /apatb_array_io_top/AESL_inst_array_io/d_i_21 -into $return_group -radix hex
## add_wave /apatb_array_io_top/AESL_inst_array_io/d_i_20 -into $return_group -radix hex
## add_wave /apatb_array_io_top/AESL_inst_array_io/d_i_19 -into $return_group -radix hex
## add_wave /apatb_array_io_top/AESL_inst_array_io/d_i_18 -into $return_group -radix hex
## add_wave /apatb_array_io_top/AESL_inst_array_io/d_i_17 -into $return_group -radix hex
## add_wave /apatb_array_io_top/AESL_inst_array_io/d_i_16 -into $return_group -radix hex
## add_wave /apatb_array_io_top/AESL_inst_array_io/d_i_15 -into $return_group -radix hex
## add_wave /apatb_array_io_top/AESL_inst_array_io/d_i_14 -into $return_group -radix hex
## add_wave /apatb_array_io_top/AESL_inst_array_io/d_i_13 -into $return_group -radix hex
## add_wave /apatb_array_io_top/AESL_inst_array_io/d_i_12 -into $return_group -radix hex
## add_wave /apatb_array_io_top/AESL_inst_array_io/d_i_11 -into $return_group -radix hex
## add_wave /apatb_array_io_top/AESL_inst_array_io/d_i_10 -into $return_group -radix hex
## add_wave /apatb_array_io_top/AESL_inst_array_io/d_i_9 -into $return_group -radix hex
## add_wave /apatb_array_io_top/AESL_inst_array_io/d_i_8 -into $return_group -radix hex
## add_wave /apatb_array_io_top/AESL_inst_array_io/d_i_7 -into $return_group -radix hex
## add_wave /apatb_array_io_top/AESL_inst_array_io/d_i_6 -into $return_group -radix hex
## add_wave /apatb_array_io_top/AESL_inst_array_io/d_i_5 -into $return_group -radix hex
## add_wave /apatb_array_io_top/AESL_inst_array_io/d_i_4 -into $return_group -radix hex
## add_wave /apatb_array_io_top/AESL_inst_array_io/d_i_3 -into $return_group -radix hex
## add_wave /apatb_array_io_top/AESL_inst_array_io/d_i_2 -into $return_group -radix hex
## add_wave /apatb_array_io_top/AESL_inst_array_io/d_i_1 -into $return_group -radix hex
## add_wave /apatb_array_io_top/AESL_inst_array_io/d_i_0 -into $return_group -radix hex
## set blocksiggroup [add_wave_group "Block-level IO Handshake" -into $designtopgroup]
## add_wave /apatb_array_io_top/AESL_inst_array_io/ap_start -into $blocksiggroup
## add_wave /apatb_array_io_top/AESL_inst_array_io/ap_done -into $blocksiggroup
## add_wave /apatb_array_io_top/AESL_inst_array_io/ap_idle -into $blocksiggroup
## add_wave /apatb_array_io_top/AESL_inst_array_io/ap_ready -into $blocksiggroup
## set resetgroup [add_wave_group "Reset" -into $designtopgroup]
## add_wave /apatb_array_io_top/AESL_inst_array_io/ap_rst -into $resetgroup
## set clockgroup [add_wave_group "Clock" -into $designtopgroup]
## add_wave /apatb_array_io_top/AESL_inst_array_io/ap_clk -into $clockgroup
## set testbenchgroup [add_wave_group "Test Bench Signals"]
## set tbinternalsiggroup [add_wave_group "Internal Signals" -into $testbenchgroup]
## set tb_simstatus_group [add_wave_group "Simulation Status" -into $tbinternalsiggroup]
## set tb_portdepth_group [add_wave_group "Port Depth" -into $tbinternalsiggroup]
## add_wave /apatb_array_io_top/AUTOTB_TRANSACTION_NUM -into $tb_simstatus_group -radix hex
## add_wave /apatb_array_io_top/ready_cnt -into $tb_simstatus_group -radix hex
## add_wave /apatb_array_io_top/done_cnt -into $tb_simstatus_group -radix hex
## add_wave /apatb_array_io_top/LENGTH_d_o_0 -into $tb_portdepth_group -radix hex
## add_wave /apatb_array_io_top/LENGTH_d_o_1 -into $tb_portdepth_group -radix hex
## add_wave /apatb_array_io_top/LENGTH_d_o_2 -into $tb_portdepth_group -radix hex
## add_wave /apatb_array_io_top/LENGTH_d_o_3 -into $tb_portdepth_group -radix hex
## add_wave /apatb_array_io_top/LENGTH_d_o_4 -into $tb_portdepth_group -radix hex
## add_wave /apatb_array_io_top/LENGTH_d_o_5 -into $tb_portdepth_group -radix hex
## add_wave /apatb_array_io_top/LENGTH_d_o_6 -into $tb_portdepth_group -radix hex
## add_wave /apatb_array_io_top/LENGTH_d_o_7 -into $tb_portdepth_group -radix hex
## add_wave /apatb_array_io_top/LENGTH_d_o_8 -into $tb_portdepth_group -radix hex
## add_wave /apatb_array_io_top/LENGTH_d_o_9 -into $tb_portdepth_group -radix hex
## add_wave /apatb_array_io_top/LENGTH_d_o_10 -into $tb_portdepth_group -radix hex
## add_wave /apatb_array_io_top/LENGTH_d_o_11 -into $tb_portdepth_group -radix hex
## add_wave /apatb_array_io_top/LENGTH_d_o_12 -into $tb_portdepth_group -radix hex
## add_wave /apatb_array_io_top/LENGTH_d_o_13 -into $tb_portdepth_group -radix hex
## add_wave /apatb_array_io_top/LENGTH_d_o_14 -into $tb_portdepth_group -radix hex
## add_wave /apatb_array_io_top/LENGTH_d_o_15 -into $tb_portdepth_group -radix hex
## add_wave /apatb_array_io_top/LENGTH_d_o_16 -into $tb_portdepth_group -radix hex
## add_wave /apatb_array_io_top/LENGTH_d_o_17 -into $tb_portdepth_group -radix hex
## add_wave /apatb_array_io_top/LENGTH_d_o_18 -into $tb_portdepth_group -radix hex
## add_wave /apatb_array_io_top/LENGTH_d_o_19 -into $tb_portdepth_group -radix hex
## add_wave /apatb_array_io_top/LENGTH_d_o_20 -into $tb_portdepth_group -radix hex
## add_wave /apatb_array_io_top/LENGTH_d_o_21 -into $tb_portdepth_group -radix hex
## add_wave /apatb_array_io_top/LENGTH_d_o_22 -into $tb_portdepth_group -radix hex
## add_wave /apatb_array_io_top/LENGTH_d_o_23 -into $tb_portdepth_group -radix hex
## add_wave /apatb_array_io_top/LENGTH_d_o_24 -into $tb_portdepth_group -radix hex
## add_wave /apatb_array_io_top/LENGTH_d_o_25 -into $tb_portdepth_group -radix hex
## add_wave /apatb_array_io_top/LENGTH_d_o_26 -into $tb_portdepth_group -radix hex
## add_wave /apatb_array_io_top/LENGTH_d_o_27 -into $tb_portdepth_group -radix hex
## add_wave /apatb_array_io_top/LENGTH_d_o_28 -into $tb_portdepth_group -radix hex
## add_wave /apatb_array_io_top/LENGTH_d_o_29 -into $tb_portdepth_group -radix hex
## add_wave /apatb_array_io_top/LENGTH_d_o_30 -into $tb_portdepth_group -radix hex
## add_wave /apatb_array_io_top/LENGTH_d_o_31 -into $tb_portdepth_group -radix hex
## add_wave /apatb_array_io_top/LENGTH_d_i_0 -into $tb_portdepth_group -radix hex
## add_wave /apatb_array_io_top/LENGTH_d_i_1 -into $tb_portdepth_group -radix hex
## add_wave /apatb_array_io_top/LENGTH_d_i_2 -into $tb_portdepth_group -radix hex
## add_wave /apatb_array_io_top/LENGTH_d_i_3 -into $tb_portdepth_group -radix hex
## add_wave /apatb_array_io_top/LENGTH_d_i_4 -into $tb_portdepth_group -radix hex
## add_wave /apatb_array_io_top/LENGTH_d_i_5 -into $tb_portdepth_group -radix hex
## add_wave /apatb_array_io_top/LENGTH_d_i_6 -into $tb_portdepth_group -radix hex
## add_wave /apatb_array_io_top/LENGTH_d_i_7 -into $tb_portdepth_group -radix hex
## add_wave /apatb_array_io_top/LENGTH_d_i_8 -into $tb_portdepth_group -radix hex
## add_wave /apatb_array_io_top/LENGTH_d_i_9 -into $tb_portdepth_group -radix hex
## add_wave /apatb_array_io_top/LENGTH_d_i_10 -into $tb_portdepth_group -radix hex
## add_wave /apatb_array_io_top/LENGTH_d_i_11 -into $tb_portdepth_group -radix hex
## add_wave /apatb_array_io_top/LENGTH_d_i_12 -into $tb_portdepth_group -radix hex
## add_wave /apatb_array_io_top/LENGTH_d_i_13 -into $tb_portdepth_group -radix hex
## add_wave /apatb_array_io_top/LENGTH_d_i_14 -into $tb_portdepth_group -radix hex
## add_wave /apatb_array_io_top/LENGTH_d_i_15 -into $tb_portdepth_group -radix hex
## add_wave /apatb_array_io_top/LENGTH_d_i_16 -into $tb_portdepth_group -radix hex
## add_wave /apatb_array_io_top/LENGTH_d_i_17 -into $tb_portdepth_group -radix hex
## add_wave /apatb_array_io_top/LENGTH_d_i_18 -into $tb_portdepth_group -radix hex
## add_wave /apatb_array_io_top/LENGTH_d_i_19 -into $tb_portdepth_group -radix hex
## add_wave /apatb_array_io_top/LENGTH_d_i_20 -into $tb_portdepth_group -radix hex
## add_wave /apatb_array_io_top/LENGTH_d_i_21 -into $tb_portdepth_group -radix hex
## add_wave /apatb_array_io_top/LENGTH_d_i_22 -into $tb_portdepth_group -radix hex
## add_wave /apatb_array_io_top/LENGTH_d_i_23 -into $tb_portdepth_group -radix hex
## add_wave /apatb_array_io_top/LENGTH_d_i_24 -into $tb_portdepth_group -radix hex
## add_wave /apatb_array_io_top/LENGTH_d_i_25 -into $tb_portdepth_group -radix hex
## add_wave /apatb_array_io_top/LENGTH_d_i_26 -into $tb_portdepth_group -radix hex
## add_wave /apatb_array_io_top/LENGTH_d_i_27 -into $tb_portdepth_group -radix hex
## add_wave /apatb_array_io_top/LENGTH_d_i_28 -into $tb_portdepth_group -radix hex
## add_wave /apatb_array_io_top/LENGTH_d_i_29 -into $tb_portdepth_group -radix hex
## add_wave /apatb_array_io_top/LENGTH_d_i_30 -into $tb_portdepth_group -radix hex
## add_wave /apatb_array_io_top/LENGTH_d_i_31 -into $tb_portdepth_group -radix hex
## set tbcoutputgroup [add_wave_group "C Outputs" -into $testbenchgroup]
## set tb_return_group [add_wave_group return(wire) -into $tbcoutputgroup]
## add_wave /apatb_array_io_top/d_o_31_ap_vld -into $tb_return_group -color #ffff00 -radix hex
## add_wave /apatb_array_io_top/d_o_31 -into $tb_return_group -radix hex
## add_wave /apatb_array_io_top/d_o_30_ap_vld -into $tb_return_group -color #ffff00 -radix hex
## add_wave /apatb_array_io_top/d_o_30 -into $tb_return_group -radix hex
## add_wave /apatb_array_io_top/d_o_29_ap_vld -into $tb_return_group -color #ffff00 -radix hex
## add_wave /apatb_array_io_top/d_o_29 -into $tb_return_group -radix hex
## add_wave /apatb_array_io_top/d_o_28_ap_vld -into $tb_return_group -color #ffff00 -radix hex
## add_wave /apatb_array_io_top/d_o_28 -into $tb_return_group -radix hex
## add_wave /apatb_array_io_top/d_o_27_ap_vld -into $tb_return_group -color #ffff00 -radix hex
## add_wave /apatb_array_io_top/d_o_27 -into $tb_return_group -radix hex
## add_wave /apatb_array_io_top/d_o_26_ap_vld -into $tb_return_group -color #ffff00 -radix hex
## add_wave /apatb_array_io_top/d_o_26 -into $tb_return_group -radix hex
## add_wave /apatb_array_io_top/d_o_25_ap_vld -into $tb_return_group -color #ffff00 -radix hex
## add_wave /apatb_array_io_top/d_o_25 -into $tb_return_group -radix hex
## add_wave /apatb_array_io_top/d_o_24_ap_vld -into $tb_return_group -color #ffff00 -radix hex
## add_wave /apatb_array_io_top/d_o_24 -into $tb_return_group -radix hex
## add_wave /apatb_array_io_top/d_o_23_ap_vld -into $tb_return_group -color #ffff00 -radix hex
## add_wave /apatb_array_io_top/d_o_23 -into $tb_return_group -radix hex
## add_wave /apatb_array_io_top/d_o_22_ap_vld -into $tb_return_group -color #ffff00 -radix hex
## add_wave /apatb_array_io_top/d_o_22 -into $tb_return_group -radix hex
## add_wave /apatb_array_io_top/d_o_21_ap_vld -into $tb_return_group -color #ffff00 -radix hex
## add_wave /apatb_array_io_top/d_o_21 -into $tb_return_group -radix hex
## add_wave /apatb_array_io_top/d_o_20_ap_vld -into $tb_return_group -color #ffff00 -radix hex
## add_wave /apatb_array_io_top/d_o_20 -into $tb_return_group -radix hex
## add_wave /apatb_array_io_top/d_o_19_ap_vld -into $tb_return_group -color #ffff00 -radix hex
## add_wave /apatb_array_io_top/d_o_19 -into $tb_return_group -radix hex
## add_wave /apatb_array_io_top/d_o_18_ap_vld -into $tb_return_group -color #ffff00 -radix hex
## add_wave /apatb_array_io_top/d_o_18 -into $tb_return_group -radix hex
## add_wave /apatb_array_io_top/d_o_17_ap_vld -into $tb_return_group -color #ffff00 -radix hex
## add_wave /apatb_array_io_top/d_o_17 -into $tb_return_group -radix hex
## add_wave /apatb_array_io_top/d_o_16_ap_vld -into $tb_return_group -color #ffff00 -radix hex
## add_wave /apatb_array_io_top/d_o_16 -into $tb_return_group -radix hex
## add_wave /apatb_array_io_top/d_o_15_ap_vld -into $tb_return_group -color #ffff00 -radix hex
## add_wave /apatb_array_io_top/d_o_15 -into $tb_return_group -radix hex
## add_wave /apatb_array_io_top/d_o_14_ap_vld -into $tb_return_group -color #ffff00 -radix hex
## add_wave /apatb_array_io_top/d_o_14 -into $tb_return_group -radix hex
## add_wave /apatb_array_io_top/d_o_13_ap_vld -into $tb_return_group -color #ffff00 -radix hex
## add_wave /apatb_array_io_top/d_o_13 -into $tb_return_group -radix hex
## add_wave /apatb_array_io_top/d_o_12_ap_vld -into $tb_return_group -color #ffff00 -radix hex
## add_wave /apatb_array_io_top/d_o_12 -into $tb_return_group -radix hex
## add_wave /apatb_array_io_top/d_o_11_ap_vld -into $tb_return_group -color #ffff00 -radix hex
## add_wave /apatb_array_io_top/d_o_11 -into $tb_return_group -radix hex
## add_wave /apatb_array_io_top/d_o_10_ap_vld -into $tb_return_group -color #ffff00 -radix hex
## add_wave /apatb_array_io_top/d_o_10 -into $tb_return_group -radix hex
## add_wave /apatb_array_io_top/d_o_9_ap_vld -into $tb_return_group -color #ffff00 -radix hex
## add_wave /apatb_array_io_top/d_o_9 -into $tb_return_group -radix hex
## add_wave /apatb_array_io_top/d_o_8_ap_vld -into $tb_return_group -color #ffff00 -radix hex
## add_wave /apatb_array_io_top/d_o_8 -into $tb_return_group -radix hex
## add_wave /apatb_array_io_top/d_o_7_ap_vld -into $tb_return_group -color #ffff00 -radix hex
## add_wave /apatb_array_io_top/d_o_7 -into $tb_return_group -radix hex
## add_wave /apatb_array_io_top/d_o_6_ap_vld -into $tb_return_group -color #ffff00 -radix hex
## add_wave /apatb_array_io_top/d_o_6 -into $tb_return_group -radix hex
## add_wave /apatb_array_io_top/d_o_5_ap_vld -into $tb_return_group -color #ffff00 -radix hex
## add_wave /apatb_array_io_top/d_o_5 -into $tb_return_group -radix hex
## add_wave /apatb_array_io_top/d_o_4_ap_vld -into $tb_return_group -color #ffff00 -radix hex
## add_wave /apatb_array_io_top/d_o_4 -into $tb_return_group -radix hex
## add_wave /apatb_array_io_top/d_o_3_ap_vld -into $tb_return_group -color #ffff00 -radix hex
## add_wave /apatb_array_io_top/d_o_3 -into $tb_return_group -radix hex
## add_wave /apatb_array_io_top/d_o_2_ap_vld -into $tb_return_group -color #ffff00 -radix hex
## add_wave /apatb_array_io_top/d_o_2 -into $tb_return_group -radix hex
## add_wave /apatb_array_io_top/d_o_1_ap_vld -into $tb_return_group -color #ffff00 -radix hex
## add_wave /apatb_array_io_top/d_o_1 -into $tb_return_group -radix hex
## add_wave /apatb_array_io_top/d_o_0_ap_vld -into $tb_return_group -color #ffff00 -radix hex
## add_wave /apatb_array_io_top/d_o_0 -into $tb_return_group -radix hex
## set tbcinputgroup [add_wave_group "C Inputs" -into $testbenchgroup]
## set tb_return_group [add_wave_group return(wire) -into $tbcinputgroup]
## add_wave /apatb_array_io_top/d_i_31 -into $tb_return_group -radix hex
## add_wave /apatb_array_io_top/d_i_30 -into $tb_return_group -radix hex
## add_wave /apatb_array_io_top/d_i_29 -into $tb_return_group -radix hex
## add_wave /apatb_array_io_top/d_i_28 -into $tb_return_group -radix hex
## add_wave /apatb_array_io_top/d_i_27 -into $tb_return_group -radix hex
## add_wave /apatb_array_io_top/d_i_26 -into $tb_return_group -radix hex
## add_wave /apatb_array_io_top/d_i_25 -into $tb_return_group -radix hex
## add_wave /apatb_array_io_top/d_i_24 -into $tb_return_group -radix hex
## add_wave /apatb_array_io_top/d_i_23 -into $tb_return_group -radix hex
## add_wave /apatb_array_io_top/d_i_22 -into $tb_return_group -radix hex
## add_wave /apatb_array_io_top/d_i_21 -into $tb_return_group -radix hex
## add_wave /apatb_array_io_top/d_i_20 -into $tb_return_group -radix hex
## add_wave /apatb_array_io_top/d_i_19 -into $tb_return_group -radix hex
## add_wave /apatb_array_io_top/d_i_18 -into $tb_return_group -radix hex
## add_wave /apatb_array_io_top/d_i_17 -into $tb_return_group -radix hex
## add_wave /apatb_array_io_top/d_i_16 -into $tb_return_group -radix hex
## add_wave /apatb_array_io_top/d_i_15 -into $tb_return_group -radix hex
## add_wave /apatb_array_io_top/d_i_14 -into $tb_return_group -radix hex
## add_wave /apatb_array_io_top/d_i_13 -into $tb_return_group -radix hex
## add_wave /apatb_array_io_top/d_i_12 -into $tb_return_group -radix hex
## add_wave /apatb_array_io_top/d_i_11 -into $tb_return_group -radix hex
## add_wave /apatb_array_io_top/d_i_10 -into $tb_return_group -radix hex
## add_wave /apatb_array_io_top/d_i_9 -into $tb_return_group -radix hex
## add_wave /apatb_array_io_top/d_i_8 -into $tb_return_group -radix hex
## add_wave /apatb_array_io_top/d_i_7 -into $tb_return_group -radix hex
## add_wave /apatb_array_io_top/d_i_6 -into $tb_return_group -radix hex
## add_wave /apatb_array_io_top/d_i_5 -into $tb_return_group -radix hex
## add_wave /apatb_array_io_top/d_i_4 -into $tb_return_group -radix hex
## add_wave /apatb_array_io_top/d_i_3 -into $tb_return_group -radix hex
## add_wave /apatb_array_io_top/d_i_2 -into $tb_return_group -radix hex
## add_wave /apatb_array_io_top/d_i_1 -into $tb_return_group -radix hex
## add_wave /apatb_array_io_top/d_i_0 -into $tb_return_group -radix hex
## save_wave_config array_io.wcfg
## run all
////////////////////////////////////////////////////////////////////////////////////
// Inter-Transaction Progress: Completed Transaction / Total Transaction
// Intra-Transaction Progress: Measured Latency / Latency Estimation * 100%
//
// RTL Simulation : "Inter-Transaction Progress" ["Intra-Transaction Progress"] @ "Simulation Time"
////////////////////////////////////////////////////////////////////////////////////
// RTL Simulation : 0 / 1 [0.00%] @ "110000"
// RTL Simulation : 1 / 1 [100.00%] @ "122000"
////////////////////////////////////////////////////////////////////////////////////
$finish called at time : 146 ns : File "D:/master/HLS/labA_InterfaceSynthesis/lab3/array_io_prj/solution4/sim/verilog/array_io.autotb.v" Line 4032
## quit
INFO: [Common 17-206] Exiting xsim at Sat Mar 18 19:40:18 2023...
