==============================================================
Vitis HLS - High-Level Synthesis from C, C++ and OpenCL v2022.1 (64-bit)
Tool Version Limit: 2022.04
Copyright 1986-2022 Xilinx, Inc. All Rights Reserved.
==============================================================
INFO: [SYN 201-201] Setting up clock 'default' with a period of 4ns.
INFO: [HLS 200-1611] Setting target device to 'xcvu9p-flgb2104-1-e'
INFO: [HLS 200-1505] Using flow_target 'vivado'
INFO: [HLS 200-1464] Running solution command: config_interface -m_axi_latency=0
INFO: [HLS 200-1510] Running: set_part xcvu9p-flgb2104-1-e 
INFO: [HLS 200-1510] Running: create_clock -period 4 -name default 
INFO: [HLS 200-1510] Running: config_interface -m_axi_latency 0 
INFO: [HLS 200-1510] Running: source ./array_io_prj/solution4/directives.tcl
INFO: [HLS 200-1510] Running: set_directive_top -name array_io array_io 
INFO: [HLS 200-1510] Running: set_directive_unroll array_io/For_Loop 
INFO: [HLS 200-1510] Running: set_directive_interface -mode ap_fifo array_io d_o 
INFO: [HLS 200-1510] Running: set_directive_array_partition -dim 1 -type complete array_io d_o 
INFO: [HLS 200-1510] Running: set_directive_array_partition -dim 1 -type complete array_io d_i 
INFO: [HLS 200-1510] Running: csynth_design 
INFO: [HLS 200-111] Finished File checks and directory preparation: CPU user time: 0 seconds. CPU system time: 0 seconds. Elapsed time: 0.007 seconds; current allocated memory: 1.465 GB.
INFO: [HLS 200-10] Analyzing design file 'array_io.c' ... 
INFO: [HLS 200-111] Finished Source Code Analysis and Preprocessing: CPU user time: 0 seconds. CPU system time: 0 seconds. Elapsed time: 0.358 seconds; current allocated memory: 1.465 GB.
INFO: [HLS 200-777] Using interface defaults for 'Vivado' flow target.
INFO: [HLS 214-186] Unrolling loop 'For_Loop' (array_io.c:65:12) in function 'array_io' completely with a factor of 32 (array_io.c:57:0)
INFO: [HLS 214-248] Applying array_partition to 'd_o': Complete partitioning on dimension 1. (array_io.c:57:0)
INFO: [HLS 214-248] Applying array_partition to 'd_i': Complete partitioning on dimension 1. (array_io.c:57:0)
WARNING: [HLS 214-322] Unsuported scalar variable on pragma 'ap_fifo Interface', ignore it. (D:/master/HLS/labA_InterfaceSynthesis/lab3/array_io_prj/solution4/directives.tcl:8:9)
INFO: [HLS 200-111] Finished Compiling Optimization and Transform: CPU user time: 0 seconds. CPU system time: 0 seconds. Elapsed time: 2.175 seconds; current allocated memory: 1.465 GB.
INFO: [HLS 200-111] Finished Checking Pragmas: CPU user time: 0 seconds. CPU system time: 0 seconds. Elapsed time: 0.001 seconds; current allocated memory: 1.465 GB.
INFO: [HLS 200-10] Starting code transformations ...
INFO: [HLS 200-111] Finished Standard Transforms: CPU user time: 0 seconds. CPU system time: 0 seconds. Elapsed time: 0.023 seconds; current allocated memory: 1.465 GB.
INFO: [HLS 200-10] Checking synthesizability ...
INFO: [HLS 200-111] Finished Checking Synthesizability: CPU user time: 0 seconds. CPU system time: 0 seconds. Elapsed time: 0.022 seconds; current allocated memory: 1.465 GB.
INFO: [XFORM 203-11] Balancing expressions in function 'array_io' (array_io.c:57:1)...32 expression(s) balanced.
INFO: [HLS 200-111] Finished Loop, function and other optimizations: CPU user time: 0 seconds. CPU system time: 0 seconds. Elapsed time: 0.075 seconds; current allocated memory: 1.465 GB.
INFO: [HLS 200-111] Finished Architecture Synthesis: CPU user time: 0 seconds. CPU system time: 0 seconds. Elapsed time: 0.048 seconds; current allocated memory: 1.465 GB.
INFO: [HLS 200-10] Starting hardware synthesis ...
INFO: [HLS 200-10] Synthesizing 'array_io' ...
INFO: [HLS 200-10] ----------------------------------------------------------------
INFO: [HLS 200-42] -- Implementing module 'array_io' 
INFO: [HLS 200-10] ----------------------------------------------------------------
INFO: [SCHED 204-11] Starting scheduling ...
INFO: [SCHED 204-11] Finished scheduling.
INFO: [HLS 200-111] Finished Scheduling: CPU user time: 0 seconds. CPU system time: 0 seconds. Elapsed time: 0.179 seconds; current allocated memory: 1.465 GB.
INFO: [BIND 205-100] Starting micro-architecture generation ...
INFO: [BIND 205-101] Performing variable lifetime analysis.
INFO: [BIND 205-101] Exploring resource sharing.
INFO: [BIND 205-101] Binding ...
INFO: [BIND 205-100] Finished micro-architecture generation.
INFO: [HLS 200-111] Finished Binding: CPU user time: 1 seconds. CPU system time: 0 seconds. Elapsed time: 0.085 seconds; current allocated memory: 1.465 GB.
INFO: [HLS 200-10] ----------------------------------------------------------------
INFO: [HLS 200-10] -- Generating RTL for module 'array_io' 
INFO: [HLS 200-10] ----------------------------------------------------------------
INFO: [RTGEN 206-500] Setting interface mode on port 'array_io/d_o_0' to 'ap_vld'.
INFO: [RTGEN 206-500] Setting interface mode on port 'array_io/d_o_1' to 'ap_vld'.
INFO: [RTGEN 206-500] Setting interface mode on port 'array_io/d_o_2' to 'ap_vld'.
INFO: [RTGEN 206-500] Setting interface mode on port 'array_io/d_o_3' to 'ap_vld'.
INFO: [RTGEN 206-500] Setting interface mode on port 'array_io/d_o_4' to 'ap_vld'.
INFO: [RTGEN 206-500] Setting interface mode on port 'array_io/d_o_5' to 'ap_vld'.
INFO: [RTGEN 206-500] Setting interface mode on port 'array_io/d_o_6' to 'ap_vld'.
INFO: [RTGEN 206-500] Setting interface mode on port 'array_io/d_o_7' to 'ap_vld'.
INFO: [RTGEN 206-500] Setting interface mode on port 'array_io/d_o_8' to 'ap_vld'.
INFO: [RTGEN 206-500] Setting interface mode on port 'array_io/d_o_9' to 'ap_vld'.
INFO: [RTGEN 206-500] Setting interface mode on port 'array_io/d_o_10' to 'ap_vld'.
INFO: [RTGEN 206-500] Setting interface mode on port 'array_io/d_o_11' to 'ap_vld'.
INFO: [RTGEN 206-500] Setting interface mode on port 'array_io/d_o_12' to 'ap_vld'.
INFO: [RTGEN 206-500] Setting interface mode on port 'array_io/d_o_13' to 'ap_vld'.
INFO: [RTGEN 206-500] Setting interface mode on port 'array_io/d_o_14' to 'ap_vld'.
INFO: [RTGEN 206-500] Setting interface mode on port 'array_io/d_o_15' to 'ap_vld'.
INFO: [RTGEN 206-500] Setting interface mode on port 'array_io/d_o_16' to 'ap_vld'.
INFO: [RTGEN 206-500] Setting interface mode on port 'array_io/d_o_17' to 'ap_vld'.
INFO: [RTGEN 206-500] Setting interface mode on port 'array_io/d_o_18' to 'ap_vld'.
INFO: [RTGEN 206-500] Setting interface mode on port 'array_io/d_o_19' to 'ap_vld'.
INFO: [RTGEN 206-500] Setting interface mode on port 'array_io/d_o_20' to 'ap_vld'.
INFO: [RTGEN 206-500] Setting interface mode on port 'array_io/d_o_21' to 'ap_vld'.
INFO: [RTGEN 206-500] Setting interface mode on port 'array_io/d_o_22' to 'ap_vld'.
INFO: [RTGEN 206-500] Setting interface mode on port 'array_io/d_o_23' to 'ap_vld'.
INFO: [RTGEN 206-500] Setting interface mode on port 'array_io/d_o_24' to 'ap_vld'.
INFO: [RTGEN 206-500] Setting interface mode on port 'array_io/d_o_25' to 'ap_vld'.
INFO: [RTGEN 206-500] Setting interface mode on port 'array_io/d_o_26' to 'ap_vld'.
INFO: [RTGEN 206-500] Setting interface mode on port 'array_io/d_o_27' to 'ap_vld'.
INFO: [RTGEN 206-500] Setting interface mode on port 'array_io/d_o_28' to 'ap_vld'.
INFO: [RTGEN 206-500] Setting interface mode on port 'array_io/d_o_29' to 'ap_vld'.
INFO: [RTGEN 206-500] Setting interface mode on port 'array_io/d_o_30' to 'ap_vld'.
INFO: [RTGEN 206-500] Setting interface mode on port 'array_io/d_o_31' to 'ap_vld'.
INFO: [RTGEN 206-500] Setting interface mode on port 'array_io/d_i_0' to 'ap_none'.
INFO: [RTGEN 206-500] Setting interface mode on port 'array_io/d_i_1' to 'ap_none'.
INFO: [RTGEN 206-500] Setting interface mode on port 'array_io/d_i_2' to 'ap_none'.
INFO: [RTGEN 206-500] Setting interface mode on port 'array_io/d_i_3' to 'ap_none'.
INFO: [RTGEN 206-500] Setting interface mode on port 'array_io/d_i_4' to 'ap_none'.
INFO: [RTGEN 206-500] Setting interface mode on port 'array_io/d_i_5' to 'ap_none'.
INFO: [RTGEN 206-500] Setting interface mode on port 'array_io/d_i_6' to 'ap_none'.
INFO: [RTGEN 206-500] Setting interface mode on port 'array_io/d_i_7' to 'ap_none'.
INFO: [RTGEN 206-500] Setting interface mode on port 'array_io/d_i_8' to 'ap_none'.
INFO: [RTGEN 206-500] Setting interface mode on port 'array_io/d_i_9' to 'ap_none'.
INFO: [RTGEN 206-500] Setting interface mode on port 'array_io/d_i_10' to 'ap_none'.
INFO: [RTGEN 206-500] Setting interface mode on port 'array_io/d_i_11' to 'ap_none'.
INFO: [RTGEN 206-500] Setting interface mode on port 'array_io/d_i_12' to 'ap_none'.
INFO: [RTGEN 206-500] Setting interface mode on port 'array_io/d_i_13' to 'ap_none'.
INFO: [RTGEN 206-500] Setting interface mode on port 'array_io/d_i_14' to 'ap_none'.
INFO: [RTGEN 206-500] Setting interface mode on port 'array_io/d_i_15' to 'ap_none'.
INFO: [RTGEN 206-500] Setting interface mode on port 'array_io/d_i_16' to 'ap_none'.
INFO: [RTGEN 206-500] Setting interface mode on port 'array_io/d_i_17' to 'ap_none'.
INFO: [RTGEN 206-500] Setting interface mode on port 'array_io/d_i_18' to 'ap_none'.
INFO: [RTGEN 206-500] Setting interface mode on port 'array_io/d_i_19' to 'ap_none'.
INFO: [RTGEN 206-500] Setting interface mode on port 'array_io/d_i_20' to 'ap_none'.
INFO: [RTGEN 206-500] Setting interface mode on port 'array_io/d_i_21' to 'ap_none'.
INFO: [RTGEN 206-500] Setting interface mode on port 'array_io/d_i_22' to 'ap_none'.
INFO: [RTGEN 206-500] Setting interface mode on port 'array_io/d_i_23' to 'ap_none'.
INFO: [RTGEN 206-500] Setting interface mode on port 'array_io/d_i_24' to 'ap_none'.
INFO: [RTGEN 206-500] Setting interface mode on port 'array_io/d_i_25' to 'ap_none'.
INFO: [RTGEN 206-500] Setting interface mode on port 'array_io/d_i_26' to 'ap_none'.
INFO: [RTGEN 206-500] Setting interface mode on port 'array_io/d_i_27' to 'ap_none'.
INFO: [RTGEN 206-500] Setting interface mode on port 'array_io/d_i_28' to 'ap_none'.
INFO: [RTGEN 206-500] Setting interface mode on port 'array_io/d_i_29' to 'ap_none'.
INFO: [RTGEN 206-500] Setting interface mode on port 'array_io/d_i_30' to 'ap_none'.
INFO: [RTGEN 206-500] Setting interface mode on port 'array_io/d_i_31' to 'ap_none'.
INFO: [RTGEN 206-500] Setting interface mode on function 'array_io' to 'ap_ctrl_hs'.
WARNING: [RTGEN 206-101] Register 'acc_0' is power-on initialization.
WARNING: [RTGEN 206-101] Register 'acc_1' is power-on initialization.
WARNING: [RTGEN 206-101] Register 'acc_2' is power-on initialization.
WARNING: [RTGEN 206-101] Register 'acc_3' is power-on initialization.
WARNING: [RTGEN 206-101] Register 'acc_4' is power-on initialization.
WARNING: [RTGEN 206-101] Register 'acc_5' is power-on initialization.
WARNING: [RTGEN 206-101] Register 'acc_6' is power-on initialization.
WARNING: [RTGEN 206-101] Register 'acc_7' is power-on initialization.
INFO: [RTGEN 206-100] Finished creating RTL model for 'array_io'.
INFO: [HLS 200-111] Finished Creating RTL model: CPU user time: 0 seconds. CPU system time: 0 seconds. Elapsed time: 0.371 seconds; current allocated memory: 1.465 GB.
INFO: [HLS 200-111] Finished Generating all RTL models: CPU user time: 0 seconds. CPU system time: 0 seconds. Elapsed time: 0.486 seconds; current allocated memory: 1.465 GB.
INFO: [HLS 200-111] Finished Updating report files: CPU user time: 0 seconds. CPU system time: 0 seconds. Elapsed time: 0.541 seconds; current allocated memory: 1.465 GB.
INFO: [VHDL 208-304] Generating VHDL RTL for array_io.
INFO: [VLOG 209-307] Generating Verilog RTL for array_io.
INFO: [HLS 200-789] **** Estimated Fmax: 445.77 MHz
INFO: [HLS 200-111] Finished Command csynth_design CPU user time: 1 seconds. CPU system time: 0 seconds. Elapsed time: 4.399 seconds; current allocated memory: 0.000 MB.
INFO: [HLS 200-112] Total CPU user time: 2 seconds. Total CPU system time: 0 seconds. Total elapsed time: 6.099 seconds; peak allocated memory: 1.465 GB.
==============================================================
Vitis HLS - High-Level Synthesis from C, C++ and OpenCL v2022.1 (64-bit)
Tool Version Limit: 2022.04
Copyright 1986-2022 Xilinx, Inc. All Rights Reserved.
==============================================================
INFO: [SYN 201-201] Setting up clock 'default' with a period of 4ns.
INFO: [HLS 200-1611] Setting target device to 'xcvu9p-flgb2104-1-e'
INFO: [HLS 200-1505] Using flow_target 'vivado'
INFO: [HLS 200-1464] Running solution command: config_interface -m_axi_latency=0
INFO: [HLS 200-1510] Running: set_part xcvu9p-flgb2104-1-e 
INFO: [HLS 200-1510] Running: create_clock -period 4 -name default 
INFO: [HLS 200-1510] Running: config_interface -m_axi_latency 0 
INFO: [HLS 200-1510] Running: source ./array_io_prj/solution4/directives.tcl
INFO: [HLS 200-1510] Running: set_directive_top -name array_io array_io 
INFO: [HLS 200-1510] Running: set_directive_unroll array_io/For_Loop 
INFO: [HLS 200-1510] Running: set_directive_interface -mode ap_fifo array_io d_o 
INFO: [HLS 200-1510] Running: set_directive_array_partition -type complete -dim 1 array_io d_o 
INFO: [HLS 200-1510] Running: set_directive_array_partition -type complete -dim 1 array_io d_i 
INFO: [HLS 200-1510] Running: cosim_design -trace_level all 
INFO: [COSIM 212-47] Using XSIM for RTL simulation.
INFO: [COSIM 212-14] Instrumenting C test bench ...
INFO: [COSIM 212-302] Starting C TB testing ... 
INFO: [COSIM 212-333] Generating C post check test bench ...
INFO: [COSIM 212-12] Generating RTL test bench ...
INFO: [COSIM 212-1] *** C/RTL co-simulation file generation completed. ***
INFO: [COSIM 212-323] Starting verilog simulation. 
INFO: [COSIM 212-15] Starting XSIM ...
INFO: [COSIM 212-316] Starting C post checking ...
INFO: [COSIM 212-1000] *** C/RTL co-simulation finished: PASS ***
INFO: [COSIM 212-211] II is measurable only when transaction number is greater than 1 in RTL simulation. Otherwise, they will be marked as all NA. If user wants to calculate them, please make sure there are at least 2 transactions in RTL simulation.
INFO: [HLS 200-111] Finished Command cosim_design CPU user time: 0 seconds. CPU system time: 0 seconds. Elapsed time: 15.957 seconds; current allocated memory: 2.133 MB.
INFO: [HLS 200-112] Total CPU user time: 1 seconds. Total CPU system time: 0 seconds. Total elapsed time: 17.759 seconds; peak allocated memory: 1.467 GB.
