

================================================================
== Vitis HLS Report for 'array_io'
================================================================
* Date:           Sat Mar 18 18:22:13 2023

* Version:        2022.1 (Build 3526262 on Mon Apr 18 15:48:16 MDT 2022)
* Project:        array_io_prj
* Solution:       sol2Out2 (Vivado IP Flow Target)
* Product family: virtexuplus
* Target device:  xcvu9p-flgb2104-1-e


================================================================
== Performance Estimates
================================================================
+ Timing: 
    * Summary: 
    +--------+---------+----------+------------+
    |  Clock |  Target | Estimated| Uncertainty|
    +--------+---------+----------+------------+
    |ap_clk  |  4.00 ns|  2.029 ns|     1.08 ns|
    +--------+---------+----------+------------+

+ Latency: 
    * Summary: 
    +---------+---------+-----------+-----------+-----+-----+---------+
    |  Latency (cycles) |   Latency (absolute)  |  Interval | Pipeline|
    |   min   |   max   |    min    |    max    | min | max |   Type  |
    +---------+---------+-----------+-----------+-----+-----+---------+
    |       17|       17|  68.000 ns|  68.000 ns|   18|   18|       no|
    +---------+---------+-----------+-----------+-----+-----+---------+

    + Detail: 
        * Instance: 
        N/A

        * Loop: 
        N/A



================================================================
== Utilization Estimates
================================================================
* Summary: 
+---------------------+---------+------+---------+---------+-----+
|         Name        | BRAM_18K|  DSP |    FF   |   LUT   | URAM|
+---------------------+---------+------+---------+---------+-----+
|DSP                  |        -|     -|        -|        -|    -|
|Expression           |        -|     -|        0|     1640|    -|
|FIFO                 |        -|     -|        -|        -|    -|
|Instance             |        -|     -|        -|        -|    -|
|Memory               |        -|     -|        -|        -|    -|
|Multiplexer          |        -|     -|        -|      583|    -|
|Register             |        -|     -|     1306|        -|    -|
+---------------------+---------+------+---------+---------+-----+
|Total                |        0|     0|     1306|     2223|    0|
+---------------------+---------+------+---------+---------+-----+
|Available SLR        |     1440|  2280|   788160|   394080|  320|
+---------------------+---------+------+---------+---------+-----+
|Utilization SLR (%)  |        0|     0|       ~0|       ~0|    0|
+---------------------+---------+------+---------+---------+-----+
|Available            |     4320|  6840|  2364480|  1182240|  960|
+---------------------+---------+------+---------+---------+-----+
|Utilization (%)      |        0|     0|       ~0|       ~0|    0|
+---------------------+---------+------+---------+---------+-----+

+ Detail: 
    * Instance: 
    N/A

    * DSP: 
    N/A

    * Memory: 
    N/A

    * FIFO: 
    N/A

    * Expression: 
    +------------------------+----------+----+---+----+------------+------------+
    |      Variable Name     | Operation| DSP| FF| LUT| Bitwidth P0| Bitwidth P1|
    +------------------------+----------+----+---+----+------------+------------+
    |add_ln67_10_fu_1056_p2  |         +|   0|  0|  25|          18|          18|
    |add_ln67_12_fu_1078_p2  |         +|   0|  0|  32|          32|          32|
    |add_ln67_13_fu_1019_p2  |         +|   0|  0|  24|          17|          17|
    |add_ln67_14_fu_1086_p2  |         +|   0|  0|  25|          18|          18|
    |add_ln67_16_fu_1156_p2  |         +|   0|  0|  32|          32|          32|
    |add_ln67_17_fu_1112_p2  |         +|   0|  0|  24|          17|          17|
    |add_ln67_18_fu_1164_p2  |         +|   0|  0|  25|          18|          18|
    |add_ln67_1_fu_896_p2    |         +|   0|  0|  24|          17|          17|
    |add_ln67_20_fu_1186_p2  |         +|   0|  0|  32|          32|          32|
    |add_ln67_21_fu_1127_p2  |         +|   0|  0|  24|          17|          17|
    |add_ln67_22_fu_1194_p2  |         +|   0|  0|  25|          18|          18|
    |add_ln67_24_fu_1258_p2  |         +|   0|  0|  32|          32|          32|
    |add_ln67_25_fu_1220_p2  |         +|   0|  0|  24|          17|          17|
    |add_ln67_26_fu_1266_p2  |         +|   0|  0|  25|          18|          18|
    |add_ln67_28_fu_1288_p2  |         +|   0|  0|  32|          32|          32|
    |add_ln67_29_fu_1235_p2  |         +|   0|  0|  24|          17|          17|
    |add_ln67_2_fu_948_p2    |         +|   0|  0|  25|          18|          18|
    |add_ln67_30_fu_1296_p2  |         +|   0|  0|  25|          18|          18|
    |add_ln67_4_fu_970_p2    |         +|   0|  0|  32|          32|          32|
    |add_ln67_5_fu_911_p2    |         +|   0|  0|  24|          17|          17|
    |add_ln67_6_fu_978_p2    |         +|   0|  0|  25|          18|          18|
    |add_ln67_8_fu_1048_p2   |         +|   0|  0|  32|          32|          32|
    |add_ln67_9_fu_1004_p2   |         +|   0|  0|  24|          17|          17|
    |add_ln67_fu_940_p2      |         +|   0|  0|  32|          32|          32|
    |add_ln69_10_fu_816_p2   |         +|   0|  0|  23|          16|          16|
    |add_ln69_11_fu_821_p2   |         +|   0|  0|  23|          16|          16|
    |add_ln69_12_fu_826_p2   |         +|   0|  0|  23|          16|          16|
    |add_ln69_13_fu_831_p2   |         +|   0|  0|  23|          16|          16|
    |add_ln69_14_fu_836_p2   |         +|   0|  0|  23|          16|          16|
    |add_ln69_15_fu_841_p2   |         +|   0|  0|  23|          16|          16|
    |add_ln69_16_fu_846_p2   |         +|   0|  0|  23|          16|          16|
    |add_ln69_17_fu_851_p2   |         +|   0|  0|  23|          16|          16|
    |add_ln69_18_fu_856_p2   |         +|   0|  0|  23|          16|          16|
    |add_ln69_19_fu_861_p2   |         +|   0|  0|  23|          16|          16|
    |add_ln69_1_fu_716_p2    |         +|   0|  0|  23|          16|          16|
    |add_ln69_20_fu_866_p2   |         +|   0|  0|  23|          16|          16|
    |add_ln69_21_fu_871_p2   |         +|   0|  0|  23|          16|          16|
    |add_ln69_22_fu_882_p2   |         +|   0|  0|  23|          16|          16|
    |add_ln69_23_fu_887_p2   |         +|   0|  0|  23|          16|          16|
    |add_ln69_24_fu_902_p2   |         +|   0|  0|  23|          16|          16|
    |add_ln69_25_fu_917_p2   |         +|   0|  0|  23|          16|          16|
    |add_ln69_26_fu_1010_p2  |         +|   0|  0|  23|          16|          16|
    |add_ln69_27_fu_1025_p2  |         +|   0|  0|  23|          16|          16|
    |add_ln69_28_fu_1118_p2  |         +|   0|  0|  23|          16|          16|
    |add_ln69_29_fu_1133_p2  |         +|   0|  0|  23|          16|          16|
    |add_ln69_2_fu_730_p2    |         +|   0|  0|  23|          16|          16|
    |add_ln69_30_fu_1226_p2  |         +|   0|  0|  23|          16|          16|
    |add_ln69_31_fu_1241_p2  |         +|   0|  0|  23|          16|          16|
    |add_ln69_3_fu_744_p2    |         +|   0|  0|  23|          16|          16|
    |add_ln69_4_fu_758_p2    |         +|   0|  0|  23|          16|          16|
    |add_ln69_5_fu_772_p2    |         +|   0|  0|  23|          16|          16|
    |add_ln69_6_fu_786_p2    |         +|   0|  0|  23|          16|          16|
    |add_ln69_7_fu_800_p2    |         +|   0|  0|  23|          16|          16|
    |add_ln69_8_fu_806_p2    |         +|   0|  0|  23|          16|          16|
    |add_ln69_9_fu_811_p2    |         +|   0|  0|  23|          16|          16|
    |add_ln69_fu_702_p2      |         +|   0|  0|  23|          16|          16|
    |temp_1_fu_988_p2        |         +|   0|  0|  32|          32|          32|
    |temp_2_fu_1066_p2       |         +|   0|  0|  32|          32|          32|
    |temp_3_fu_1096_p2       |         +|   0|  0|  32|          32|          32|
    |temp_4_fu_1174_p2       |         +|   0|  0|  32|          32|          32|
    |temp_5_fu_1204_p2       |         +|   0|  0|  32|          32|          32|
    |temp_6_fu_1276_p2       |         +|   0|  0|  32|          32|          32|
    |temp_7_fu_1306_p2       |         +|   0|  0|  32|          32|          32|
    |temp_fu_958_p2          |         +|   0|  0|  32|          32|          32|
    +------------------------+----------+----+---+----+------------+------------+
    |Total                   |          |   0|  0|1640|        1304|        1304|
    +------------------------+----------+----+---+----+------------+------------+

    * Multiplexer: 
    +--------------+----+-----------+-----+-----------+
    |     Name     | LUT| Input Size| Bits| Total Bits|
    +--------------+----+-----------+-----+-----------+
    |ap_NS_fsm     |  97|         19|    1|         19|
    |d_i_address0  |  81|         17|    5|         85|
    |d_i_address1  |  81|         17|    5|         85|
    |d_o_address0  |  81|         17|    5|         85|
    |d_o_address1  |  81|         17|    5|         85|
    |d_o_d0        |  81|         17|   16|        272|
    |d_o_d1        |  81|         17|   16|        272|
    +--------------+----+-----------+-----+-----------+
    |Total         | 583|        121|   53|        903|
    +--------------+----+-----------+-----+-----------+

    * Register: 
    +----------------------+----+----+-----+-----------+
    |         Name         | FF | LUT| Bits| Const Bits|
    +----------------------+----+----+-----+-----------+
    |acc_0                 |  32|   0|   32|          0|
    |acc_1                 |  32|   0|   32|          0|
    |acc_2                 |  32|   0|   32|          0|
    |acc_3                 |  32|   0|   32|          0|
    |acc_4                 |  32|   0|   32|          0|
    |acc_5                 |  32|   0|   32|          0|
    |acc_6                 |  32|   0|   32|          0|
    |acc_7                 |  32|   0|   32|          0|
    |add_ln67_13_reg_1776  |  17|   0|   17|          0|
    |add_ln67_17_reg_1796  |  17|   0|   17|          0|
    |add_ln67_1_reg_1736   |  17|   0|   17|          0|
    |add_ln67_21_reg_1806  |  17|   0|   17|          0|
    |add_ln67_25_reg_1826  |  17|   0|   17|          0|
    |add_ln67_29_reg_1836  |  17|   0|   17|          0|
    |add_ln67_5_reg_1746   |  17|   0|   17|          0|
    |add_ln67_9_reg_1766   |  17|   0|   17|          0|
    |add_ln69_10_reg_1534  |  16|   0|   16|          0|
    |add_ln69_11_reg_1539  |  16|   0|   16|          0|
    |add_ln69_12_reg_1566  |  16|   0|   16|          0|
    |add_ln69_13_reg_1571  |  16|   0|   16|          0|
    |add_ln69_14_reg_1598  |  16|   0|   16|          0|
    |add_ln69_15_reg_1603  |  16|   0|   16|          0|
    |add_ln69_16_reg_1630  |  16|   0|   16|          0|
    |add_ln69_17_reg_1635  |  16|   0|   16|          0|
    |add_ln69_18_reg_1662  |  16|   0|   16|          0|
    |add_ln69_19_reg_1667  |  16|   0|   16|          0|
    |add_ln69_1_reg_1361   |  16|   0|   16|          0|
    |add_ln69_20_reg_1694  |  16|   0|   16|          0|
    |add_ln69_21_reg_1699  |  16|   0|   16|          0|
    |add_ln69_22_reg_1726  |  16|   0|   16|          0|
    |add_ln69_23_reg_1731  |  16|   0|   16|          0|
    |add_ln69_24_reg_1741  |  16|   0|   16|          0|
    |add_ln69_25_reg_1751  |  16|   0|   16|          0|
    |add_ln69_26_reg_1771  |  16|   0|   16|          0|
    |add_ln69_27_reg_1781  |  16|   0|   16|          0|
    |add_ln69_28_reg_1801  |  16|   0|   16|          0|
    |add_ln69_29_reg_1811  |  16|   0|   16|          0|
    |add_ln69_2_reg_1391   |  16|   0|   16|          0|
    |add_ln69_30_reg_1831  |  16|   0|   16|          0|
    |add_ln69_31_reg_1841  |  16|   0|   16|          0|
    |add_ln69_3_reg_1399   |  16|   0|   16|          0|
    |add_ln69_4_reg_1429   |  16|   0|   16|          0|
    |add_ln69_5_reg_1437   |  16|   0|   16|          0|
    |add_ln69_6_reg_1467   |  16|   0|   16|          0|
    |add_ln69_7_reg_1475   |  16|   0|   16|          0|
    |add_ln69_8_reg_1502   |  16|   0|   16|          0|
    |add_ln69_9_reg_1507   |  16|   0|   16|          0|
    |add_ln69_reg_1353     |  16|   0|   16|          0|
    |ap_CS_fsm             |  18|   0|   18|          0|
    |d_i_load_10_reg_1512  |  16|   0|   16|          0|
    |d_i_load_11_reg_1518  |  16|   0|   16|          0|
    |d_i_load_12_reg_1544  |  16|   0|   16|          0|
    |d_i_load_13_reg_1550  |  16|   0|   16|          0|
    |d_i_load_14_reg_1576  |  16|   0|   16|          0|
    |d_i_load_15_reg_1582  |  16|   0|   16|          0|
    |d_i_load_16_reg_1608  |  16|   0|   16|          0|
    |d_i_load_17_reg_1614  |  16|   0|   16|          0|
    |d_i_load_18_reg_1640  |  16|   0|   16|          0|
    |d_i_load_19_reg_1646  |  16|   0|   16|          0|
    |d_i_load_1_reg_1334   |  16|   0|   16|          0|
    |d_i_load_20_reg_1672  |  16|   0|   16|          0|
    |d_i_load_21_reg_1678  |  16|   0|   16|          0|
    |d_i_load_22_reg_1704  |  16|   0|   16|          0|
    |d_i_load_23_reg_1710  |  16|   0|   16|          0|
    |d_i_load_2_reg_1366   |  16|   0|   16|          0|
    |d_i_load_3_reg_1372   |  16|   0|   16|          0|
    |d_i_load_4_reg_1404   |  16|   0|   16|          0|
    |d_i_load_5_reg_1410   |  16|   0|   16|          0|
    |d_i_load_6_reg_1442   |  16|   0|   16|          0|
    |d_i_load_7_reg_1448   |  16|   0|   16|          0|
    |d_i_load_8_reg_1480   |  16|   0|   16|          0|
    |d_i_load_9_reg_1486   |  16|   0|   16|          0|
    |d_i_load_reg_1328     |  16|   0|   16|          0|
    +----------------------+----+----+-----+-----------+
    |Total                 |1306|   0| 1306|          0|
    +----------------------+----+----+-----+-----------+



================================================================
== Interface
================================================================
* Summary: 
+--------------+-----+-----+------------+--------------+--------------+
|   RTL Ports  | Dir | Bits|  Protocol  | Source Object|    C Type    |
+--------------+-----+-----+------------+--------------+--------------+
|ap_clk        |   in|    1|  ap_ctrl_hs|      array_io|  return value|
|ap_rst        |   in|    1|  ap_ctrl_hs|      array_io|  return value|
|ap_start      |   in|    1|  ap_ctrl_hs|      array_io|  return value|
|ap_done       |  out|    1|  ap_ctrl_hs|      array_io|  return value|
|ap_idle       |  out|    1|  ap_ctrl_hs|      array_io|  return value|
|ap_ready      |  out|    1|  ap_ctrl_hs|      array_io|  return value|
|d_o_address0  |  out|    5|   ap_memory|           d_o|         array|
|d_o_ce0       |  out|    1|   ap_memory|           d_o|         array|
|d_o_we0       |  out|    1|   ap_memory|           d_o|         array|
|d_o_d0        |  out|   16|   ap_memory|           d_o|         array|
|d_o_address1  |  out|    5|   ap_memory|           d_o|         array|
|d_o_ce1       |  out|    1|   ap_memory|           d_o|         array|
|d_o_we1       |  out|    1|   ap_memory|           d_o|         array|
|d_o_d1        |  out|   16|   ap_memory|           d_o|         array|
|d_i_address0  |  out|    5|   ap_memory|           d_i|         array|
|d_i_ce0       |  out|    1|   ap_memory|           d_i|         array|
|d_i_q0        |   in|   16|   ap_memory|           d_i|         array|
|d_i_address1  |  out|    5|   ap_memory|           d_i|         array|
|d_i_ce1       |  out|    1|   ap_memory|           d_i|         array|
|d_i_q1        |   in|   16|   ap_memory|           d_i|         array|
+--------------+-----+-----+------------+--------------+--------------+

