

================================================================
== Synthesis Summary Report of 'array_io'
================================================================
+ General Information: 
    * Date:           Sat Mar 18 18:22:13 2023
    * Version:        2022.1 (Build 3526262 on Mon Apr 18 15:48:16 MDT 2022)
    * Project:        array_io_prj
    * Solution:       sol2Out2 (Vivado IP Flow Target)
    * Product family: virtexuplus
    * Target device:  xcvu9p-flgb2104-1-e
    

+ Performance & Resource Estimates: 
    
    PS: '+' for module; 'o' for loop; '*' for dataflow
    +------------+------+------+---------+--------+----------+---------+------+----------+------+----+------------+------------+-----+
    |   Modules  | Issue|      | Latency | Latency| Iteration|         | Trip |          |      |    |            |            |     |
    |   & Loops  | Type | Slack| (cycles)|  (ns)  |  Latency | Interval| Count| Pipelined| BRAM | DSP|     FF     |     LUT    | URAM|
    +------------+------+------+---------+--------+----------+---------+------+----------+------+----+------------+------------+-----+
    |+ array_io  |     -|  0.89|       17|  68.000|         -|       18|     -|        no|     -|   -|  1306 (~0%)|  2223 (~0%)|    -|
    +------------+------+------+---------+--------+----------+---------+------+----------+------+----+------------+------------+-----+


================================================================
== HW Interfaces
================================================================
* AP_MEMORY
+--------------+----------+
| Interface    | Bitwidth |
+--------------+----------+
| d_i_address0 | 5        |
| d_i_address1 | 5        |
| d_i_q0       | 16       |
| d_i_q1       | 16       |
| d_o_address0 | 5        |
| d_o_address1 | 5        |
| d_o_d0       | 16       |
| d_o_d1       | 16       |
+--------------+----------+

* TOP LEVEL CONTROL
+-----------+------------+-----------------------------------+
| Interface | Type       | Ports                             |
+-----------+------------+-----------------------------------+
| ap_clk    | clock      | ap_clk                            |
| ap_rst    | reset      | ap_rst                            |
| ap_ctrl   | ap_ctrl_hs | ap_done ap_idle ap_ready ap_start |
+-----------+------------+-----------------------------------+


================================================================
== SW I/O Information
================================================================
* Top Function Arguments
+----------+-----------+----------+
| Argument | Direction | Datatype |
+----------+-----------+----------+
| d_o      | out       | short*   |
| d_i      | in        | short*   |
+----------+-----------+----------+

* SW-to-HW Mapping
+----------+--------------+---------+----------+
| Argument | HW Interface | HW Type | HW Usage |
+----------+--------------+---------+----------+
| d_o      | d_o_address0 | port    | offset   |
| d_o      | d_o_ce0      | port    |          |
| d_o      | d_o_we0      | port    |          |
| d_o      | d_o_d0       | port    |          |
| d_o      | d_o_address1 | port    | offset   |
| d_o      | d_o_ce1      | port    |          |
| d_o      | d_o_we1      | port    |          |
| d_o      | d_o_d1       | port    |          |
| d_i      | d_i_address0 | port    | offset   |
| d_i      | d_i_ce0      | port    |          |
| d_i      | d_i_q0       | port    |          |
| d_i      | d_i_address1 | port    | offset   |
| d_i      | d_i_ce1      | port    |          |
| d_i      | d_i_q1       | port    |          |
+----------+--------------+---------+----------+


================================================================
== Bind Op Report
================================================================
+--------------------------+-----+--------+-------------+-----+--------+---------+
| Name                     | DSP | Pragma | Variable    | Op  | Impl   | Latency |
+--------------------------+-----+--------+-------------+-----+--------+---------+
| + array_io               | 0   |        |             |     |        |         |
|   add_ln69_fu_702_p2     | -   |        | add_ln69    | add | fabric | 0       |
|   add_ln69_1_fu_716_p2   | -   |        | add_ln69_1  | add | fabric | 0       |
|   add_ln69_2_fu_730_p2   | -   |        | add_ln69_2  | add | fabric | 0       |
|   add_ln69_3_fu_744_p2   | -   |        | add_ln69_3  | add | fabric | 0       |
|   add_ln69_4_fu_758_p2   | -   |        | add_ln69_4  | add | fabric | 0       |
|   add_ln69_5_fu_772_p2   | -   |        | add_ln69_5  | add | fabric | 0       |
|   add_ln69_6_fu_786_p2   | -   |        | add_ln69_6  | add | fabric | 0       |
|   add_ln69_7_fu_800_p2   | -   |        | add_ln69_7  | add | fabric | 0       |
|   add_ln69_8_fu_806_p2   | -   |        | add_ln69_8  | add | fabric | 0       |
|   add_ln69_9_fu_811_p2   | -   |        | add_ln69_9  | add | fabric | 0       |
|   add_ln69_10_fu_816_p2  | -   |        | add_ln69_10 | add | fabric | 0       |
|   add_ln69_11_fu_821_p2  | -   |        | add_ln69_11 | add | fabric | 0       |
|   add_ln69_12_fu_826_p2  | -   |        | add_ln69_12 | add | fabric | 0       |
|   add_ln69_13_fu_831_p2  | -   |        | add_ln69_13 | add | fabric | 0       |
|   add_ln69_14_fu_836_p2  | -   |        | add_ln69_14 | add | fabric | 0       |
|   add_ln69_15_fu_841_p2  | -   |        | add_ln69_15 | add | fabric | 0       |
|   add_ln69_16_fu_846_p2  | -   |        | add_ln69_16 | add | fabric | 0       |
|   add_ln69_17_fu_851_p2  | -   |        | add_ln69_17 | add | fabric | 0       |
|   add_ln69_18_fu_856_p2  | -   |        | add_ln69_18 | add | fabric | 0       |
|   add_ln69_19_fu_861_p2  | -   |        | add_ln69_19 | add | fabric | 0       |
|   add_ln69_20_fu_866_p2  | -   |        | add_ln69_20 | add | fabric | 0       |
|   add_ln69_21_fu_871_p2  | -   |        | add_ln69_21 | add | fabric | 0       |
|   add_ln69_22_fu_882_p2  | -   |        | add_ln69_22 | add | fabric | 0       |
|   add_ln69_23_fu_887_p2  | -   |        | add_ln69_23 | add | fabric | 0       |
|   add_ln67_1_fu_896_p2   | -   |        | add_ln67_1  | add | fabric | 0       |
|   add_ln67_2_fu_948_p2   | -   |        | add_ln67_2  | add | fabric | 0       |
|   add_ln69_24_fu_902_p2  | -   |        | add_ln69_24 | add | fabric | 0       |
|   add_ln67_5_fu_911_p2   | -   |        | add_ln67_5  | add | fabric | 0       |
|   add_ln67_6_fu_978_p2   | -   |        | add_ln67_6  | add | fabric | 0       |
|   add_ln69_25_fu_917_p2  | -   |        | add_ln69_25 | add | fabric | 0       |
|   add_ln67_9_fu_1004_p2  | -   |        | add_ln67_9  | add | fabric | 0       |
|   add_ln67_10_fu_1056_p2 | -   |        | add_ln67_10 | add | fabric | 0       |
|   add_ln69_26_fu_1010_p2 | -   |        | add_ln69_26 | add | fabric | 0       |
|   add_ln67_13_fu_1019_p2 | -   |        | add_ln67_13 | add | fabric | 0       |
|   add_ln67_14_fu_1086_p2 | -   |        | add_ln67_14 | add | fabric | 0       |
|   add_ln69_27_fu_1025_p2 | -   |        | add_ln69_27 | add | fabric | 0       |
|   add_ln67_17_fu_1112_p2 | -   |        | add_ln67_17 | add | fabric | 0       |
|   add_ln67_18_fu_1164_p2 | -   |        | add_ln67_18 | add | fabric | 0       |
|   add_ln69_28_fu_1118_p2 | -   |        | add_ln69_28 | add | fabric | 0       |
|   add_ln67_21_fu_1127_p2 | -   |        | add_ln67_21 | add | fabric | 0       |
|   add_ln67_22_fu_1194_p2 | -   |        | add_ln67_22 | add | fabric | 0       |
|   add_ln69_29_fu_1133_p2 | -   |        | add_ln69_29 | add | fabric | 0       |
|   add_ln67_25_fu_1220_p2 | -   |        | add_ln67_25 | add | fabric | 0       |
|   add_ln67_26_fu_1266_p2 | -   |        | add_ln67_26 | add | fabric | 0       |
|   add_ln69_30_fu_1226_p2 | -   |        | add_ln69_30 | add | fabric | 0       |
|   add_ln67_29_fu_1235_p2 | -   |        | add_ln67_29 | add | fabric | 0       |
|   add_ln67_30_fu_1296_p2 | -   |        | add_ln67_30 | add | fabric | 0       |
|   add_ln69_31_fu_1241_p2 | -   |        | add_ln69_31 | add | fabric | 0       |
+--------------------------+-----+--------+-------------+-----+--------+---------+


================================================================
== Bind Storage Report
================================================================
  No bind storage info in design

================================================================
== Pragma Report
================================================================
* Pragmas with Warnings
+--------------+------------------------------------+---------------------------------------------------------+----------------------------------------------------------------------------------------------------------------------------------+
| Type         | Options                            | Location                                                | Messages                                                                                                                         |
+--------------+------------------------------------+---------------------------------------------------------+----------------------------------------------------------------------------------------------------------------------------------+
| bind_storage | variable=d_i type=ram_2p impl=bram | array_io_prj/sol2Out2/directives.tcl:8 in array_io, d_i | The resource pragma (bind_storage) on top-level function argument, in 'call' is unsupported, please use INTERFACE pragma instead |
| bind_storage | variable=d_o type=ram_2p impl=bram | array_io_prj/sol2Out2/directives.tcl:9 in array_io, d_o | The resource pragma (bind_storage) on top-level function argument, in 'call' is unsupported, please use INTERFACE pragma instead |
+--------------+------------------------------------+---------------------------------------------------------+----------------------------------------------------------------------------------------------------------------------------------+

* Valid Pragma Syntax
+--------+---------+----------------------------------------------------+
| Type   | Options | Location                                           |
+--------+---------+----------------------------------------------------+
| unroll |         | array_io_prj/sol2Out2/directives.tcl:7 in array_io |
+--------+---------+----------------------------------------------------+


