   Build using "C:/Xilinx/Vitis_HLS/2022.1/tps/win64/msys64/mingw64/bin/g++"
   Compiling apatb_adders_io.cpp
   Compiling (apcc) adders_io.c_pre.c.tb.c
INFO: [HLS 200-10] Running 'C:/Xilinx/Vitis_HLS/2022.1/bin/unwrapped/win64.o/apcc.exe'
INFO: [HLS 200-10] For user 'ecoyu' on host 'joedesktop' (Windows NT_amd64 version 6.2) on Wed Mar 15 15:07:46 +0800 2023
INFO: [HLS 200-10] In directory 'D:/master/HLS/labA_InterfaceSynthesis/lab2/adders_io_prj/solution1/sim/wrapc'
clang: warning: argument unused during compilation: '-fno-builtin-isinf'
clang: warning: argument unused during compilation: '-fno-builtin-isnan'
INFO: [APCC 202-3] Tmp directory is apcc_db
INFO: [APCC 202-1] APCC is done.
INFO: [HLS 200-112] Total CPU user time: 0 seconds. Total CPU system time: 0 seconds. Total elapsed time: 1.37 seconds; peak allocated memory: 0.688 MB.
   Compiling (apcc) adders_io_test.c_pre.c.tb.c
INFO: [HLS 200-10] Running 'C:/Xilinx/Vitis_HLS/2022.1/bin/unwrapped/win64.o/apcc.exe'
INFO: [HLS 200-10] For user 'ecoyu' on host 'joedesktop' (Windows NT_amd64 version 6.2) on Wed Mar 15 15:07:49 +0800 2023
INFO: [HLS 200-10] In directory 'D:/master/HLS/labA_InterfaceSynthesis/lab2/adders_io_prj/solution1/sim/wrapc'
clang: warning: argument unused during compilation: '-fno-builtin-isinf'
clang: warning: argument unused during compilation: '-fno-builtin-isnan'
INFO: [APCC 202-3] Tmp directory is apcc_db
INFO: [APCC 202-1] APCC is done.
INFO: [HLS 200-112] Total CPU user time: 0 seconds. Total CPU system time: 0 seconds. Total elapsed time: 1.366 seconds; peak allocated memory: 0.965 MB.
   Compiling apatb_adders_io_ir.ll
   Generating cosim.tv.exe
