

================================================================
== Vitis HLS Report for 'array_io'
================================================================
* Date:           Sat Mar 18 17:17:25 2023

* Version:        2022.1 (Build 3526262 on Mon Apr 18 15:48:16 MDT 2022)
* Project:        array_io_prj
* Solution:       RollDualPort (Vivado IP Flow Target)
* Product family: virtexuplus
* Target device:  xcvu9p-flgb2104-1-e


================================================================
== Performance Estimates
================================================================
+ Timing: 
    * Summary: 
    +--------+---------+----------+------------+
    |  Clock |  Target | Estimated| Uncertainty|
    +--------+---------+----------+------------+
    |ap_clk  |  4.00 ns|  2.602 ns|     1.08 ns|
    +--------+---------+----------+------------+

+ Latency: 
    * Summary: 
    +---------+---------+----------+----------+-----+-----+---------+
    |  Latency (cycles) |  Latency (absolute) |  Interval | Pipeline|
    |   min   |   max   |    min   |    max   | min | max |   Type  |
    +---------+---------+----------+----------+-----+-----+---------+
    |       35|       35|  0.140 us|  0.140 us|   36|   36|       no|
    +---------+---------+----------+----------+-----+-----+---------+

    + Detail: 
        * Instance: 
        N/A

        * Loop: 
        +------------+---------+---------+----------+-----------+-----------+------+----------+
        |            |  Latency (cycles) | Iteration|  Initiation Interval  | Trip |          |
        |  Loop Name |   min   |   max   |  Latency |  achieved |   target  | Count| Pipelined|
        +------------+---------+---------+----------+-----------+-----------+------+----------+
        |- For_Loop  |       33|       33|         3|          1|          1|    32|       yes|
        +------------+---------+---------+----------+-----------+-----------+------+----------+



================================================================
== Utilization Estimates
================================================================
* Summary: 
+---------------------+---------+------+---------+---------+-----+
|         Name        | BRAM_18K|  DSP |    FF   |   LUT   | URAM|
+---------------------+---------+------+---------+---------+-----+
|DSP                  |        -|     -|        -|        -|    -|
|Expression           |        -|     -|        0|       91|    -|
|FIFO                 |        -|     -|        -|        -|    -|
|Instance             |        -|     -|        -|        -|    -|
|Memory               |        0|     -|       64|        4|    0|
|Multiplexer          |        -|     -|        -|       45|    -|
|Register             |        -|     -|       30|        -|    -|
+---------------------+---------+------+---------+---------+-----+
|Total                |        0|     0|       94|      140|    0|
+---------------------+---------+------+---------+---------+-----+
|Available SLR        |     1440|  2280|   788160|   394080|  320|
+---------------------+---------+------+---------+---------+-----+
|Utilization SLR (%)  |        0|     0|       ~0|       ~0|    0|
+---------------------+---------+------+---------+---------+-----+
|Available            |     4320|  6840|  2364480|  1182240|  960|
+---------------------+---------+------+---------+---------+-----+
|Utilization (%)      |        0|     0|       ~0|       ~0|    0|
+---------------------+---------+------+---------+---------+-----+

+ Detail: 
    * Instance: 
    N/A

    * DSP: 
    N/A

    * Memory: 
    +-------+-------------------+---------+----+----+-----+------+-----+------+-------------+
    | Memory|       Module      | BRAM_18K| FF | LUT| URAM| Words| Bits| Banks| W*Bits*Banks|
    +-------+-------------------+---------+----+----+-----+------+-----+------+-------------+
    |acc_U  |acc_RAM_AUTO_1R1W  |        0|  64|   4|    0|     8|   32|     1|          256|
    +-------+-------------------+---------+----+----+-----+------+-----+------+-------------+
    |Total  |                   |        0|  64|   4|    0|     8|   32|     1|          256|
    +-------+-------------------+---------+----+----+-----+------+-----+------+-------------+

    * FIFO: 
    N/A

    * Expression: 
    +---------------------------+----------+----+---+----+------------+------------+
    |       Variable Name       | Operation| DSP| FF| LUT| Bitwidth P0| Bitwidth P1|
    +---------------------------+----------+----+---+----+------------+------------+
    |acc_d0                     |         +|   0|  0|  39|          32|          32|
    |add_ln65_fu_103_p2         |         +|   0|  0|  13|           6|           1|
    |add_ln69_fu_143_p2         |         +|   0|  0|  23|          16|          16|
    |ap_block_pp0_stage0_01001  |       and|   0|  0|   2|           1|           1|
    |ap_condition_106           |       and|   0|  0|   2|           1|           1|
    |icmp_ln65_fu_97_p2         |      icmp|   0|  0|  10|           6|           7|
    |ap_enable_pp0              |       xor|   0|  0|   2|           1|           2|
    +---------------------------+----------+----+---+----+------------+------------+
    |Total                      |          |   0|  0|  91|          63|          60|
    +---------------------------+----------+----+---+----+------------+------------+

    * Multiplexer: 
    +-------------------------+----+-----------+-----+-----------+
    |           Name          | LUT| Input Size| Bits| Total Bits|
    +-------------------------+----+-----------+-----+-----------+
    |ap_done_int              |   9|          2|    1|          2|
    |ap_enable_reg_pp0_iter1  |   9|          2|    1|          2|
    |ap_sig_allocacmp_i_1     |   9|          2|    6|         12|
    |d_o_blk_n                |   9|          2|    1|          2|
    |i_fu_48                  |   9|          2|    6|         12|
    +-------------------------+----+-----------+-----+-----------+
    |Total                    |  45|         10|   15|         30|
    +-------------------------+----+-----------+-----+-----------+

    * Register: 
    +----------------------------------+----+----+-----+-----------+
    |               Name               | FF | LUT| Bits| Const Bits|
    +----------------------------------+----+----+-----+-----------+
    |acc_addr_reg_160                  |   3|   0|    3|          0|
    |add_ln69_reg_171                  |  16|   0|   16|          0|
    |ap_CS_fsm                         |   1|   0|    1|          0|
    |ap_done_reg                       |   1|   0|    1|          0|
    |ap_enable_reg_pp0_iter1           |   1|   0|    1|          0|
    |ap_enable_reg_pp0_iter2           |   1|   0|    1|          0|
    |ap_loop_exit_ready_pp0_iter1_reg  |   1|   0|    1|          0|
    |i_fu_48                           |   6|   0|    6|          0|
    +----------------------------------+----+----+-----+-----------+
    |Total                             |  30|   0|   30|          0|
    +----------------------------------+----+----+-----+-----------+



================================================================
== Interface
================================================================
* Summary: 
+--------------+-----+-----+------------+--------------+--------------+
|   RTL Ports  | Dir | Bits|  Protocol  | Source Object|    C Type    |
+--------------+-----+-----+------------+--------------+--------------+
|ap_clk        |   in|    1|  ap_ctrl_hs|      array_io|  return value|
|ap_rst        |   in|    1|  ap_ctrl_hs|      array_io|  return value|
|ap_start      |   in|    1|  ap_ctrl_hs|      array_io|  return value|
|ap_done       |  out|    1|  ap_ctrl_hs|      array_io|  return value|
|ap_idle       |  out|    1|  ap_ctrl_hs|      array_io|  return value|
|ap_ready      |  out|    1|  ap_ctrl_hs|      array_io|  return value|
|d_o_din       |  out|   16|     ap_fifo|           d_o|       pointer|
|d_o_full_n    |   in|    1|     ap_fifo|           d_o|       pointer|
|d_o_write     |  out|    1|     ap_fifo|           d_o|       pointer|
|d_i_address0  |  out|    5|   ap_memory|           d_i|         array|
|d_i_ce0       |  out|    1|   ap_memory|           d_i|         array|
|d_i_q0        |   in|   16|   ap_memory|           d_i|         array|
+--------------+-----+-----+------------+--------------+--------------+

============================================================
+ Verbose Summary: Synthesis Manager
============================================================
InlineROM: 1
ExposeGlobal: 0
============================================================
+ Verbose Summary: CDFG Model
============================================================
IsTopModel: 1
ResetActiveHigh: 1
IsCombinational: 2
IsDatapathOnly: 2
HasWiredReturn: 1
HasMFsm: 2
HasVarLatency: 1
IsPipeline: 0
IsRtlPipelined: 0
IsInstanceOverlapped: 0
IsDontTouch: 0
HasImplIP: 0
IsGatedGlobalClock: 0

+ Individual pipeline summary: 
  * Pipeline-0: initiation interval (II) = 1, depth = 3


============================================================
+ Verbose Summary: Schedule
============================================================
* Number of FSM states : 3
* Pipeline : 1
  Pipeline-0 : II = 1, D = 3, States = { 1 2 3 }
* Dataflow Pipeline: 0

* FSM state transitions: 
1 --> 2 
2 --> 3 
3 --> 

* FSM state operations: 

State 1 <SV = 0> <Delay = 1.30>
ST_1 : Operation 6 [1/1] (0.00ns)   --->   "%i = alloca i32 1"   --->   Operation 6 'alloca' 'i' <Predicate = true> <Delay = 0.00>
ST_1 : Operation 7 [1/1] (0.00ns)   --->   "%spectopmodule_ln57 = spectopmodule void @_ssdm_op_SpecTopModule, void @empty_2" [array_io.c:57]   --->   Operation 7 'spectopmodule' 'spectopmodule_ln57' <Predicate = true> <Delay = 0.00>
ST_1 : Operation 8 [1/1] (0.00ns)   --->   "%specinterface_ln0 = specinterface void @_ssdm_op_SpecInterface, i16 %d_o, void @empty_0, i32 0, i32 0, void @empty, i32 0, i32 0, void @empty, void @empty, void @empty, i32 0, i32 0, i32 0, i32 0, void @empty, void @empty, i32 4294967295, i32 0"   --->   Operation 8 'specinterface' 'specinterface_ln0' <Predicate = true> <Delay = 0.00>
ST_1 : Operation 9 [1/1] (0.00ns)   --->   "%specbitsmap_ln0 = specbitsmap void @_ssdm_op_SpecBitsMap, i16 %d_o"   --->   Operation 9 'specbitsmap' 'specbitsmap_ln0' <Predicate = true> <Delay = 0.00>
ST_1 : Operation 10 [1/1] (0.00ns)   --->   "%specinterface_ln0 = specinterface void @_ssdm_op_SpecInterface, i16 %d_i, void @empty_1, i32 0, i32 0, void @empty, i32 4294967295, i32 0, void @empty, void @empty, void @empty, i32 0, i32 0, i32 0, i32 0, void @empty, void @empty, i32 4294967295, i32 0"   --->   Operation 10 'specinterface' 'specinterface_ln0' <Predicate = true> <Delay = 0.00>
ST_1 : Operation 11 [1/1] (0.00ns)   --->   "%specbitsmap_ln0 = specbitsmap void @_ssdm_op_SpecBitsMap, i16 %d_i"   --->   Operation 11 'specbitsmap' 'specbitsmap_ln0' <Predicate = true> <Delay = 0.00>
ST_1 : Operation 12 [1/1] (0.46ns)   --->   "%store_ln65 = store i6 0, i6 %i" [array_io.c:65]   --->   Operation 12 'store' 'store_ln65' <Predicate = true> <Delay = 0.46>
ST_1 : Operation 13 [1/1] (0.00ns)   --->   "%br_ln65 = br void %for.inc" [array_io.c:65]   --->   Operation 13 'br' 'br_ln65' <Predicate = true> <Delay = 0.00>
ST_1 : Operation 14 [1/1] (0.00ns)   --->   "%i_1 = load i6 %i"   --->   Operation 14 'load' 'i_1' <Predicate = true> <Delay = 0.00>
ST_1 : Operation 15 [1/1] (0.00ns)   --->   "%specpipeline_ln0 = specpipeline void @_ssdm_op_SpecPipeline, i32 4294967295, i32 0, i32 1, i32 0, void @p_str"   --->   Operation 15 'specpipeline' 'specpipeline_ln0' <Predicate = true> <Delay = 0.00>
ST_1 : Operation 16 [1/1] (0.71ns)   --->   "%icmp_ln65 = icmp_eq  i6 %i_1, i6 32" [array_io.c:65]   --->   Operation 16 'icmp' 'icmp_ln65' <Predicate = true> <Delay = 0.71> <CoreInst = "Cmp">   --->   Core 9 'Cmp' <Latency = 0> <II = 1> <Delay = 0.71> <FuncUnit> <Opcode : 'icmp'> <InPorts = 2> <OutPorts = 1>
ST_1 : Operation 17 [1/1] (0.00ns)   --->   "%empty = speclooptripcount i32 @_ssdm_op_SpecLoopTripCount, i64 32, i64 32, i64 32"   --->   Operation 17 'speclooptripcount' 'empty' <Predicate = true> <Delay = 0.00>
ST_1 : Operation 18 [1/1] (0.84ns)   --->   "%add_ln65 = add i6 %i_1, i6 1" [array_io.c:65]   --->   Operation 18 'add' 'add_ln65' <Predicate = true> <Delay = 0.84> <CoreInst = "Adder">   --->   Core 1 'Adder' <Latency = 0> <II = 1> <Delay = 0.84> <FuncUnit> <Opcode : 'add' 'sub'> <InPorts = 2> <OutPorts = 1>
ST_1 : Operation 19 [1/1] (0.00ns)   --->   "%br_ln65 = br i1 %icmp_ln65, void %for.inc.split, void %for.end" [array_io.c:65]   --->   Operation 19 'br' 'br_ln65' <Predicate = true> <Delay = 0.00>
ST_1 : Operation 20 [1/1] (0.00ns)   --->   "%i_cast1 = zext i6 %i_1"   --->   Operation 20 'zext' 'i_cast1' <Predicate = (!icmp_ln65)> <Delay = 0.00>
ST_1 : Operation 21 [1/1] (0.00ns)   --->   "%rem = trunc i6 %i_1"   --->   Operation 21 'trunc' 'rem' <Predicate = (!icmp_ln65)> <Delay = 0.00>
ST_1 : Operation 22 [1/1] (0.00ns)   --->   "%zext_ln67 = zext i3 %rem" [array_io.c:67]   --->   Operation 22 'zext' 'zext_ln67' <Predicate = (!icmp_ln65)> <Delay = 0.00>
ST_1 : Operation 23 [1/1] (0.00ns)   --->   "%acc_addr = getelementptr i32 %acc, i64 0, i64 %zext_ln67" [array_io.c:67]   --->   Operation 23 'getelementptr' 'acc_addr' <Predicate = (!icmp_ln65)> <Delay = 0.00>
ST_1 : Operation 24 [2/2] (0.73ns)   --->   "%acc_load = load i3 %acc_addr" [array_io.c:67]   --->   Operation 24 'load' 'acc_load' <Predicate = (!icmp_ln65)> <Delay = 0.73> <CoreInst = "RAM">   --->   Core 83 'RAM' <Latency = 1> <II = 1> <Delay = 0.73> <Storage> <Opcode : 'load' 'store'> <Ports = 2> <Width = 32> <Depth = 8> <RAM>
ST_1 : Operation 25 [1/1] (0.00ns)   --->   "%d_i_addr = getelementptr i16 %d_i, i64 0, i64 %i_cast1" [array_io.c:67]   --->   Operation 25 'getelementptr' 'd_i_addr' <Predicate = (!icmp_ln65)> <Delay = 0.00>
ST_1 : Operation 26 [2/2] (0.73ns)   --->   "%d_i_load = load i5 %d_i_addr" [array_io.c:67]   --->   Operation 26 'load' 'd_i_load' <Predicate = (!icmp_ln65)> <Delay = 0.73> <CoreInst = "RAM">   --->   Core 83 'RAM' <Latency = 1> <II = 1> <Delay = 0.73> <Storage> <Opcode : 'load' 'store'> <Ports = 2> <Width = 16> <Depth = 32> <RAM>
ST_1 : Operation 27 [1/1] (0.46ns)   --->   "%store_ln65 = store i6 %add_ln65, i6 %i" [array_io.c:65]   --->   Operation 27 'store' 'store_ln65' <Predicate = (!icmp_ln65)> <Delay = 0.46>

State 2 <SV = 1> <Delay = 2.60>
ST_2 : Operation 28 [1/2] (0.73ns)   --->   "%acc_load = load i3 %acc_addr" [array_io.c:67]   --->   Operation 28 'load' 'acc_load' <Predicate = true> <Delay = 0.73> <CoreInst = "RAM">   --->   Core 83 'RAM' <Latency = 1> <II = 1> <Delay = 0.73> <Storage> <Opcode : 'load' 'store'> <Ports = 2> <Width = 32> <Depth = 8> <RAM>
ST_2 : Operation 29 [1/2] (0.73ns)   --->   "%d_i_load = load i5 %d_i_addr" [array_io.c:67]   --->   Operation 29 'load' 'd_i_load' <Predicate = true> <Delay = 0.73> <CoreInst = "RAM">   --->   Core 83 'RAM' <Latency = 1> <II = 1> <Delay = 0.73> <Storage> <Opcode : 'load' 'store'> <Ports = 2> <Width = 16> <Depth = 32> <RAM>
ST_2 : Operation 30 [1/1] (0.00ns)   --->   "%sext_ln67 = sext i16 %d_i_load" [array_io.c:67]   --->   Operation 30 'sext' 'sext_ln67' <Predicate = true> <Delay = 0.00>
ST_2 : Operation 31 [1/1] (0.00ns)   --->   "%trunc_ln67 = trunc i32 %acc_load" [array_io.c:67]   --->   Operation 31 'trunc' 'trunc_ln67' <Predicate = true> <Delay = 0.00>
ST_2 : Operation 32 [1/1] (1.14ns)   --->   "%temp = add i32 %acc_load, i32 %sext_ln67" [array_io.c:67]   --->   Operation 32 'add' 'temp' <Predicate = true> <Delay = 1.14> <CoreInst = "Adder">   --->   Core 1 'Adder' <Latency = 0> <II = 1> <Delay = 1.14> <FuncUnit> <Opcode : 'add' 'sub'> <InPorts = 2> <OutPorts = 1>
ST_2 : Operation 33 [1/1] (0.73ns)   --->   "%store_ln68 = store i32 %temp, i3 %acc_addr" [array_io.c:68]   --->   Operation 33 'store' 'store_ln68' <Predicate = true> <Delay = 0.73> <CoreInst = "RAM">   --->   Core 83 'RAM' <Latency = 1> <II = 1> <Delay = 0.73> <Storage> <Opcode : 'load' 'store'> <Ports = 2> <Width = 32> <Depth = 8> <RAM>
ST_2 : Operation 34 [1/1] (1.12ns)   --->   "%add_ln69 = add i16 %d_i_load, i16 %trunc_ln67" [array_io.c:69]   --->   Operation 34 'add' 'add_ln69' <Predicate = true> <Delay = 1.12> <CoreInst = "Adder">   --->   Core 1 'Adder' <Latency = 0> <II = 1> <Delay = 1.12> <FuncUnit> <Opcode : 'add' 'sub'> <InPorts = 2> <OutPorts = 1>
ST_2 : Operation 38 [1/1] (0.00ns)   --->   "%ret_ln71 = ret" [array_io.c:71]   --->   Operation 38 'ret' 'ret_ln71' <Predicate = (icmp_ln65)> <Delay = 0.00>

State 3 <SV = 2> <Delay = 1.46>
ST_3 : Operation 35 [1/1] (0.00ns)   --->   "%specloopname_ln58 = specloopname void @_ssdm_op_SpecLoopName, void @empty_3" [array_io.c:58]   --->   Operation 35 'specloopname' 'specloopname_ln58' <Predicate = true> <Delay = 0.00>
ST_3 : Operation 36 [1/1] (1.46ns)   --->   "%write_ln69 = write void @_ssdm_op_Write.ap_fifo.volatile.i16P0A, i16 %d_o, i16 %add_ln69" [array_io.c:69]   --->   Operation 36 'write' 'write_ln69' <Predicate = true> <Delay = 1.46> <CoreInst = "FIFO">   --->   Core 78 'FIFO' <Latency = 0> <II = 1> <Delay = 1.72> <Storage> <Opcode : 'read' 'write' 'nbread' 'nbwrite'> <Ports = 0> <Width = -1> <Depth = -1> <FIFO>
ST_3 : Operation 37 [1/1] (0.00ns)   --->   "%br_ln65 = br void %for.inc" [array_io.c:65]   --->   Operation 37 'br' 'br_ln65' <Predicate = true> <Delay = 0.00>


============================================================
+ Verbose Summary: Binding
============================================================
STG Binding: 
---------------- STG Properties BEGIN ----------------
- Is combinational: 0
- Is one-state seq: 0
- Is datapath-only: 0
- Is pipelined: 0
- Is top level: 1
Port [ Return ] is wired: 1; IO mode=ap_ctrl_hs:ce=0
Port [ d_o]:  wired=1; compound=1; hidden=0; nouse=0; global=0; static=0; extern=0; dir=1; type=3; pingpong=0; private_global=0; IO mode=ap_fifo:ce=0
Port [ d_i]:  wired=1; compound=1; hidden=0; nouse=0; global=0; static=0; extern=0; dir=0; type=1; pingpong=0; private_global=0; MemPort=[13]; IO mode=ap_memory:ce=0
Port [ acc]:  wired=0; compound=1; hidden=1; nouse=0; global=1; static=1; extern=0; dir=2; type=1; pingpong=0; private_global=1; MemPort=[01]; IO mode=ap_memory:ce=0
---------------- STG Properties END ------------------

---------------- Datapath Model BEGIN ----------------

<LifeTime>
<method=bitvector/>
i                  (alloca           ) [ 0100]
spectopmodule_ln57 (spectopmodule    ) [ 0000]
specinterface_ln0  (specinterface    ) [ 0000]
specbitsmap_ln0    (specbitsmap      ) [ 0000]
specinterface_ln0  (specinterface    ) [ 0000]
specbitsmap_ln0    (specbitsmap      ) [ 0000]
store_ln65         (store            ) [ 0000]
br_ln65            (br               ) [ 0000]
i_1                (load             ) [ 0000]
specpipeline_ln0   (specpipeline     ) [ 0000]
icmp_ln65          (icmp             ) [ 0110]
empty              (speclooptripcount) [ 0000]
add_ln65           (add              ) [ 0000]
br_ln65            (br               ) [ 0000]
i_cast1            (zext             ) [ 0000]
rem                (trunc            ) [ 0000]
zext_ln67          (zext             ) [ 0000]
acc_addr           (getelementptr    ) [ 0110]
d_i_addr           (getelementptr    ) [ 0110]
store_ln65         (store            ) [ 0000]
acc_load           (load             ) [ 0000]
d_i_load           (load             ) [ 0000]
sext_ln67          (sext             ) [ 0000]
trunc_ln67         (trunc            ) [ 0000]
temp               (add              ) [ 0000]
store_ln68         (store            ) [ 0000]
add_ln69           (add              ) [ 0101]
specloopname_ln58  (specloopname     ) [ 0000]
write_ln69         (write            ) [ 0000]
br_ln65            (br               ) [ 0000]
ret_ln71           (ret              ) [ 0000]
</LifeTime>

<model>

<comp_list>
<comp id="0" class="1000" name="d_o">
<pin_list>
<pin id="1" dir="1" index="0" bw="1" slack="0"/>
</pin_list>
<bind>
<StgValue><ssdm name="d_o"/></StgValue>
</bind>
</comp>

<comp id="2" class="1000" name="d_i">
<pin_list>
<pin id="3" dir="1" index="0" bw="1" slack="0"/>
</pin_list>
<bind>
<StgValue><ssdm name="d_i"/><MemPortTyVec>1 3 </MemPortTyVec>
</StgValue>
</bind>
</comp>

<comp id="4" class="1000" name="acc">
<pin_list>
<pin id="5" dir="1" index="0" bw="1" slack="0"/>
</pin_list>
<bind>
<StgValue><ssdm name="acc"/><MemPortTyVec>0 1 </MemPortTyVec>
</StgValue>
</bind>
</comp>

<comp id="6" class="1001" name="const_6">
<pin_list>
<pin id="7" dir="1" index="0" bw="1" slack="0"/>
</pin_list>
<bind>
<StgValue><ssdm name=""/></StgValue>
</bind>
</comp>

<comp id="8" class="1001" name="const_8">
<pin_list>
<pin id="9" dir="1" index="0" bw="1" slack="2147483647"/>
</pin_list>
<bind>
<StgValue><ssdm name="_ssdm_op_SpecTopModule"/></StgValue>
</bind>
</comp>

<comp id="10" class="1001" name="const_10">
<pin_list>
<pin id="11" dir="1" index="0" bw="1" slack="2147483647"/>
</pin_list>
<bind>
<StgValue><ssdm name="empty_2"/></StgValue>
</bind>
</comp>

<comp id="12" class="1001" name="const_12">
<pin_list>
<pin id="13" dir="1" index="0" bw="1" slack="2147483647"/>
</pin_list>
<bind>
<StgValue><ssdm name="_ssdm_op_SpecInterface"/></StgValue>
</bind>
</comp>

<comp id="14" class="1001" name="const_14">
<pin_list>
<pin id="15" dir="1" index="0" bw="1" slack="2147483647"/>
</pin_list>
<bind>
<StgValue><ssdm name="empty_0"/></StgValue>
</bind>
</comp>

<comp id="16" class="1001" name="const_16">
<pin_list>
<pin id="17" dir="1" index="0" bw="1" slack="2147483647"/>
</pin_list>
<bind>
<StgValue><ssdm name=""/></StgValue>
</bind>
</comp>

<comp id="18" class="1001" name="const_18">
<pin_list>
<pin id="19" dir="1" index="0" bw="1" slack="2147483647"/>
</pin_list>
<bind>
<StgValue><ssdm name="empty"/></StgValue>
</bind>
</comp>

<comp id="20" class="1001" name="const_20">
<pin_list>
<pin id="21" dir="1" index="0" bw="1" slack="2147483647"/>
</pin_list>
<bind>
<StgValue><ssdm name=""/></StgValue>
</bind>
</comp>

<comp id="22" class="1001" name="const_22">
<pin_list>
<pin id="23" dir="1" index="0" bw="1" slack="2147483647"/>
</pin_list>
<bind>
<StgValue><ssdm name="_ssdm_op_SpecBitsMap"/></StgValue>
</bind>
</comp>

<comp id="24" class="1001" name="const_24">
<pin_list>
<pin id="25" dir="1" index="0" bw="1" slack="2147483647"/>
</pin_list>
<bind>
<StgValue><ssdm name="empty_1"/></StgValue>
</bind>
</comp>

<comp id="26" class="1001" name="const_26">
<pin_list>
<pin id="27" dir="1" index="0" bw="1" slack="0"/>
</pin_list>
<bind>
<StgValue><ssdm name=""/></StgValue>
</bind>
</comp>

<comp id="28" class="1001" name="const_28">
<pin_list>
<pin id="29" dir="1" index="0" bw="1" slack="2147483647"/>
</pin_list>
<bind>
<StgValue><ssdm name="_ssdm_op_SpecPipeline"/></StgValue>
</bind>
</comp>

<comp id="30" class="1001" name="const_30">
<pin_list>
<pin id="31" dir="1" index="0" bw="1" slack="2147483647"/>
</pin_list>
<bind>
<StgValue><ssdm name="p_str"/></StgValue>
</bind>
</comp>

<comp id="32" class="1001" name="const_32">
<pin_list>
<pin id="33" dir="1" index="0" bw="1" slack="0"/>
</pin_list>
<bind>
<StgValue><ssdm name=""/></StgValue>
</bind>
</comp>

<comp id="34" class="1001" name="const_34">
<pin_list>
<pin id="35" dir="1" index="0" bw="1" slack="2147483647"/>
</pin_list>
<bind>
<StgValue><ssdm name="_ssdm_op_SpecLoopTripCount"/></StgValue>
</bind>
</comp>

<comp id="36" class="1001" name="const_36">
<pin_list>
<pin id="37" dir="1" index="0" bw="1" slack="2147483647"/>
</pin_list>
<bind>
<StgValue><ssdm name=""/></StgValue>
</bind>
</comp>

<comp id="38" class="1001" name="const_38">
<pin_list>
<pin id="39" dir="1" index="0" bw="1" slack="0"/>
</pin_list>
<bind>
<StgValue><ssdm name=""/></StgValue>
</bind>
</comp>

<comp id="40" class="1001" name="const_40">
<pin_list>
<pin id="41" dir="1" index="0" bw="1" slack="0"/>
</pin_list>
<bind>
<StgValue><ssdm name=""/></StgValue>
</bind>
</comp>

<comp id="42" class="1001" name="const_42">
<pin_list>
<pin id="43" dir="1" index="0" bw="1" slack="2147483647"/>
</pin_list>
<bind>
<StgValue><ssdm name="_ssdm_op_SpecLoopName"/></StgValue>
</bind>
</comp>

<comp id="44" class="1001" name="const_44">
<pin_list>
<pin id="45" dir="1" index="0" bw="1" slack="2147483647"/>
</pin_list>
<bind>
<StgValue><ssdm name="empty_3"/></StgValue>
</bind>
</comp>

<comp id="46" class="1001" name="const_46">
<pin_list>
<pin id="47" dir="1" index="0" bw="1" slack="0"/>
</pin_list>
<bind>
<StgValue><ssdm name="_ssdm_op_Write.ap_fifo.volatile.i16P0A"/></StgValue>
</bind>
</comp>

<comp id="48" class="1004" name="i_fu_48">
<pin_list>
<pin id="49" dir="0" index="0" bw="1" slack="0"/>
<pin id="50" dir="1" index="1" bw="6" slack="0"/>
</pin_list>
<bind>
<opcode="alloca(26) " fcode="alloca"/>
<opset="i/1 "/>
</bind>
</comp>

<comp id="52" class="1004" name="write_ln69_write_fu_52">
<pin_list>
<pin id="53" dir="0" index="0" bw="0" slack="0"/>
<pin id="54" dir="0" index="1" bw="16" slack="0"/>
<pin id="55" dir="0" index="2" bw="16" slack="1"/>
<pin id="56" dir="1" index="3" bw="0" slack="2147483647"/>
</pin_list>
<bind>
<opcode="write(1151) " fcode="write"/>
<opset="write_ln69/3 "/>
</bind>
</comp>

<comp id="59" class="1004" name="acc_addr_gep_fu_59">
<pin_list>
<pin id="60" dir="0" index="0" bw="32" slack="0"/>
<pin id="61" dir="0" index="1" bw="1" slack="0"/>
<pin id="62" dir="0" index="2" bw="3" slack="0"/>
<pin id="63" dir="1" index="3" bw="3" slack="0"/>
</pin_list>
<bind>
<opcode="getelementptr(29) " fcode="getelementptr"/>
<opset="acc_addr/1 "/>
</bind>
</comp>

<comp id="66" class="1004" name="grp_access_fu_66">
<pin_list>
<pin id="67" dir="0" index="0" bw="3" slack="1"/>
<pin id="68" dir="0" index="1" bw="32" slack="0"/>
<pin id="69" dir="0" index="2" bw="0" slack="0"/>
<pin id="71" dir="0" index="4" bw="3" slack="2147483647"/>
<pin id="72" dir="0" index="5" bw="32" slack="2147483647"/>
<pin id="73" dir="0" index="6" bw="0" slack="2147483647"/>
<pin id="70" dir="1" index="3" bw="32" slack="2147483647"/>
<pin id="74" dir="1" index="7" bw="32" slack="0"/>
</pin_list>
<bind>
<opcode="load(27) store(28) " fcode="store"/>
<opset="acc_load/1 store_ln68/2 "/>
</bind>
</comp>

<comp id="76" class="1004" name="d_i_addr_gep_fu_76">
<pin_list>
<pin id="77" dir="0" index="0" bw="16" slack="0"/>
<pin id="78" dir="0" index="1" bw="1" slack="0"/>
<pin id="79" dir="0" index="2" bw="6" slack="0"/>
<pin id="80" dir="1" index="3" bw="5" slack="0"/>
</pin_list>
<bind>
<opcode="getelementptr(29) " fcode="getelementptr"/>
<opset="d_i_addr/1 "/>
</bind>
</comp>

<comp id="83" class="1004" name="grp_access_fu_83">
<pin_list>
<pin id="84" dir="0" index="0" bw="5" slack="0"/>
<pin id="85" dir="0" index="1" bw="16" slack="2147483647"/>
<pin id="86" dir="0" index="2" bw="0" slack="2147483647"/>
<pin id="87" dir="1" index="3" bw="16" slack="0"/>
</pin_list>
<bind>
<opcode="load(27) " fcode="load"/>
<opset="d_i_load/1 "/>
</bind>
</comp>

<comp id="89" class="1004" name="store_ln65_store_fu_89">
<pin_list>
<pin id="90" dir="0" index="0" bw="1" slack="0"/>
<pin id="91" dir="0" index="1" bw="6" slack="0"/>
<pin id="92" dir="1" index="2" bw="0" slack="2147483647"/>
</pin_list>
<bind>
<opcode="store(28) " fcode="store"/>
<opset="store_ln65/1 "/>
</bind>
</comp>

<comp id="94" class="1004" name="i_1_load_fu_94">
<pin_list>
<pin id="95" dir="0" index="0" bw="6" slack="0"/>
<pin id="96" dir="1" index="1" bw="6" slack="0"/>
</pin_list>
<bind>
<opcode="load(27) " fcode="load"/>
<opset="i_1/1 "/>
</bind>
</comp>

<comp id="97" class="1004" name="icmp_ln65_fu_97">
<pin_list>
<pin id="98" dir="0" index="0" bw="6" slack="0"/>
<pin id="99" dir="0" index="1" bw="6" slack="0"/>
<pin id="100" dir="1" index="2" bw="1" slack="1"/>
</pin_list>
<bind>
<opcode="icmp(45) " fcode="icmp"/>
<opset="icmp_ln65/1 "/>
</bind>
</comp>

<comp id="103" class="1004" name="add_ln65_fu_103">
<pin_list>
<pin id="104" dir="0" index="0" bw="6" slack="0"/>
<pin id="105" dir="0" index="1" bw="1" slack="0"/>
<pin id="106" dir="1" index="2" bw="6" slack="0"/>
</pin_list>
<bind>
<opcode="add(8) " fcode="add"/>
<opset="add_ln65/1 "/>
</bind>
</comp>

<comp id="109" class="1004" name="i_cast1_fu_109">
<pin_list>
<pin id="110" dir="0" index="0" bw="6" slack="0"/>
<pin id="111" dir="1" index="1" bw="64" slack="0"/>
</pin_list>
<bind>
<opcode="zext(34) " fcode="zext"/>
<opset="i_cast1/1 "/>
</bind>
</comp>

<comp id="114" class="1004" name="rem_fu_114">
<pin_list>
<pin id="115" dir="0" index="0" bw="6" slack="0"/>
<pin id="116" dir="1" index="1" bw="3" slack="0"/>
</pin_list>
<bind>
<opcode="trunc(33) " fcode="trunc"/>
<opset="rem/1 "/>
</bind>
</comp>

<comp id="118" class="1004" name="zext_ln67_fu_118">
<pin_list>
<pin id="119" dir="0" index="0" bw="3" slack="0"/>
<pin id="120" dir="1" index="1" bw="64" slack="0"/>
</pin_list>
<bind>
<opcode="zext(34) " fcode="zext"/>
<opset="zext_ln67/1 "/>
</bind>
</comp>

<comp id="123" class="1004" name="store_ln65_store_fu_123">
<pin_list>
<pin id="124" dir="0" index="0" bw="6" slack="0"/>
<pin id="125" dir="0" index="1" bw="6" slack="0"/>
<pin id="126" dir="1" index="2" bw="0" slack="2147483647"/>
</pin_list>
<bind>
<opcode="store(28) " fcode="store"/>
<opset="store_ln65/1 "/>
</bind>
</comp>

<comp id="128" class="1004" name="sext_ln67_fu_128">
<pin_list>
<pin id="129" dir="0" index="0" bw="16" slack="0"/>
<pin id="130" dir="1" index="1" bw="32" slack="0"/>
</pin_list>
<bind>
<opcode="sext(35) " fcode="sext"/>
<opset="sext_ln67/2 "/>
</bind>
</comp>

<comp id="132" class="1004" name="trunc_ln67_fu_132">
<pin_list>
<pin id="133" dir="0" index="0" bw="32" slack="0"/>
<pin id="134" dir="1" index="1" bw="16" slack="0"/>
</pin_list>
<bind>
<opcode="trunc(33) " fcode="trunc"/>
<opset="trunc_ln67/2 "/>
</bind>
</comp>

<comp id="136" class="1004" name="temp_fu_136">
<pin_list>
<pin id="137" dir="0" index="0" bw="32" slack="0"/>
<pin id="138" dir="0" index="1" bw="16" slack="0"/>
<pin id="139" dir="1" index="2" bw="32" slack="0"/>
</pin_list>
<bind>
<opcode="add(8) " fcode="add"/>
<opset="temp/2 "/>
</bind>
</comp>

<comp id="143" class="1004" name="add_ln69_fu_143">
<pin_list>
<pin id="144" dir="0" index="0" bw="16" slack="0"/>
<pin id="145" dir="0" index="1" bw="16" slack="0"/>
<pin id="146" dir="1" index="2" bw="16" slack="1"/>
</pin_list>
<bind>
<opcode="add(8) " fcode="add"/>
<opset="add_ln69/2 "/>
</bind>
</comp>

<comp id="149" class="1005" name="i_reg_149">
<pin_list>
<pin id="150" dir="0" index="0" bw="6" slack="0"/>
<pin id="151" dir="1" index="1" bw="6" slack="0"/>
</pin_list>
<bind>
<opset="i "/>
</bind>
</comp>

<comp id="156" class="1005" name="icmp_ln65_reg_156">
<pin_list>
<pin id="157" dir="0" index="0" bw="1" slack="1"/>
<pin id="158" dir="1" index="1" bw="1" slack="2147483647"/>
</pin_list>
<bind>
<opset="icmp_ln65 "/>
</bind>
</comp>

<comp id="160" class="1005" name="acc_addr_reg_160">
<pin_list>
<pin id="161" dir="0" index="0" bw="3" slack="1"/>
<pin id="162" dir="1" index="1" bw="3" slack="1"/>
</pin_list>
<bind>
<opset="acc_addr "/>
</bind>
</comp>

<comp id="166" class="1005" name="d_i_addr_reg_166">
<pin_list>
<pin id="167" dir="0" index="0" bw="5" slack="1"/>
<pin id="168" dir="1" index="1" bw="5" slack="1"/>
</pin_list>
<bind>
<opset="d_i_addr "/>
</bind>
</comp>

<comp id="171" class="1005" name="add_ln69_reg_171">
<pin_list>
<pin id="172" dir="0" index="0" bw="16" slack="1"/>
<pin id="173" dir="1" index="1" bw="16" slack="1"/>
</pin_list>
<bind>
<opset="add_ln69 "/>
</bind>
</comp>

</comp_list>

<net_list>
<net id="51"><net_src comp="6" pin="0"/><net_sink comp="48" pin=0"/></net>

<net id="57"><net_src comp="46" pin="0"/><net_sink comp="52" pin=0"/></net>

<net id="58"><net_src comp="0" pin="0"/><net_sink comp="52" pin=1"/></net>

<net id="64"><net_src comp="4" pin="0"/><net_sink comp="59" pin=0"/></net>

<net id="65"><net_src comp="40" pin="0"/><net_sink comp="59" pin=1"/></net>

<net id="75"><net_src comp="59" pin="3"/><net_sink comp="66" pin=2"/></net>

<net id="81"><net_src comp="2" pin="0"/><net_sink comp="76" pin=0"/></net>

<net id="82"><net_src comp="40" pin="0"/><net_sink comp="76" pin=1"/></net>

<net id="88"><net_src comp="76" pin="3"/><net_sink comp="83" pin=0"/></net>

<net id="93"><net_src comp="26" pin="0"/><net_sink comp="89" pin=0"/></net>

<net id="101"><net_src comp="94" pin="1"/><net_sink comp="97" pin=0"/></net>

<net id="102"><net_src comp="32" pin="0"/><net_sink comp="97" pin=1"/></net>

<net id="107"><net_src comp="94" pin="1"/><net_sink comp="103" pin=0"/></net>

<net id="108"><net_src comp="38" pin="0"/><net_sink comp="103" pin=1"/></net>

<net id="112"><net_src comp="94" pin="1"/><net_sink comp="109" pin=0"/></net>

<net id="113"><net_src comp="109" pin="1"/><net_sink comp="76" pin=2"/></net>

<net id="117"><net_src comp="94" pin="1"/><net_sink comp="114" pin=0"/></net>

<net id="121"><net_src comp="114" pin="1"/><net_sink comp="118" pin=0"/></net>

<net id="122"><net_src comp="118" pin="1"/><net_sink comp="59" pin=2"/></net>

<net id="127"><net_src comp="103" pin="2"/><net_sink comp="123" pin=0"/></net>

<net id="131"><net_src comp="83" pin="3"/><net_sink comp="128" pin=0"/></net>

<net id="135"><net_src comp="66" pin="7"/><net_sink comp="132" pin=0"/></net>

<net id="140"><net_src comp="66" pin="7"/><net_sink comp="136" pin=0"/></net>

<net id="141"><net_src comp="128" pin="1"/><net_sink comp="136" pin=1"/></net>

<net id="142"><net_src comp="136" pin="2"/><net_sink comp="66" pin=1"/></net>

<net id="147"><net_src comp="83" pin="3"/><net_sink comp="143" pin=0"/></net>

<net id="148"><net_src comp="132" pin="1"/><net_sink comp="143" pin=1"/></net>

<net id="152"><net_src comp="48" pin="1"/><net_sink comp="149" pin=0"/></net>

<net id="153"><net_src comp="149" pin="1"/><net_sink comp="89" pin=1"/></net>

<net id="154"><net_src comp="149" pin="1"/><net_sink comp="94" pin=0"/></net>

<net id="155"><net_src comp="149" pin="1"/><net_sink comp="123" pin=1"/></net>

<net id="159"><net_src comp="97" pin="2"/><net_sink comp="156" pin=0"/></net>

<net id="163"><net_src comp="59" pin="3"/><net_sink comp="160" pin=0"/></net>

<net id="164"><net_src comp="160" pin="1"/><net_sink comp="66" pin=2"/></net>

<net id="165"><net_src comp="160" pin="1"/><net_sink comp="66" pin=0"/></net>

<net id="169"><net_src comp="76" pin="3"/><net_sink comp="166" pin=0"/></net>

<net id="170"><net_src comp="166" pin="1"/><net_sink comp="83" pin=0"/></net>

<net id="174"><net_src comp="143" pin="2"/><net_sink comp="171" pin=0"/></net>

<net id="175"><net_src comp="171" pin="1"/><net_sink comp="52" pin=2"/></net>

</net_list>

</model> 
---------------- Datapath Model END ------------------

* FSMD analyzer results:
  - Output states:
	Port: d_o | {3 }
	Port: acc | {2 }
 - Input state : 
	Port: array_io : d_i | {1 2 }
	Port: array_io : acc | {1 2 }
  - Chain level:
	State 1
		store_ln65 : 1
		i_1 : 1
		icmp_ln65 : 2
		add_ln65 : 2
		br_ln65 : 3
		i_cast1 : 2
		rem : 2
		zext_ln67 : 3
		acc_addr : 4
		acc_load : 5
		d_i_addr : 3
		d_i_load : 4
		store_ln65 : 3
	State 2
		sext_ln67 : 1
		trunc_ln67 : 1
		temp : 2
		store_ln68 : 3
		add_ln69 : 2
	State 3


============================================================
+ Verbose Summary: Datapath Resource usage 
============================================================

* Functional unit list:
|----------|------------------------|---------|---------|
| Operation|     Functional Unit    |    FF   |   LUT   |
|----------|------------------------|---------|---------|
|          |     add_ln65_fu_103    |    0    |    13   |
|    add   |       temp_fu_136      |    0    |    39   |
|          |     add_ln69_fu_143    |    0    |    23   |
|----------|------------------------|---------|---------|
|   icmp   |     icmp_ln65_fu_97    |    0    |    10   |
|----------|------------------------|---------|---------|
|   write  | write_ln69_write_fu_52 |    0    |    0    |
|----------|------------------------|---------|---------|
|   zext   |     i_cast1_fu_109     |    0    |    0    |
|          |    zext_ln67_fu_118    |    0    |    0    |
|----------|------------------------|---------|---------|
|   trunc  |       rem_fu_114       |    0    |    0    |
|          |    trunc_ln67_fu_132   |    0    |    0    |
|----------|------------------------|---------|---------|
|   sext   |    sext_ln67_fu_128    |    0    |    0    |
|----------|------------------------|---------|---------|
|   Total  |                        |    0    |    85   |
|----------|------------------------|---------|---------|

Memories:
+----+--------+--------+--------+--------+
|    |  BRAM  |   FF   |   LUT  |  URAM  |
+----+--------+--------+--------+--------+
| acc|    0   |   64   |    4   |    0   |
+----+--------+--------+--------+--------+
|Total|    0   |   64   |    4   |    0   |
+----+--------+--------+--------+--------+

* Register list:
+-----------------+--------+
|                 |   FF   |
+-----------------+--------+
| acc_addr_reg_160|    3   |
| add_ln69_reg_171|   16   |
| d_i_addr_reg_166|    5   |
|    i_reg_149    |    6   |
|icmp_ln65_reg_156|    1   |
+-----------------+--------+
|      Total      |   31   |
+-----------------+--------+

* Multiplexer (MUX) list: 
|------------------|------|------|------|--------||---------||---------|
|       Comp       |  Pin | Size |  BW  | S x BW ||  Delay  ||   LUT   |
|------------------|------|------|------|--------||---------||---------|
| grp_access_fu_66 |  p2  |   2  |   0  |    0   ||    9    |
| grp_access_fu_83 |  p0  |   2  |   5  |   10   ||    9    |
|------------------|------|------|------|--------||---------||---------|
|       Total      |      |      |      |   10   ||   0.92  ||    18   |
|------------------|------|------|------|--------||---------||---------|



* Summary:
+-----------+--------+--------+--------+--------+--------+
|           |  BRAM  |  Delay |   FF   |   LUT  |  URAM  |
+-----------+--------+--------+--------+--------+--------+
|  Function |    -   |    -   |    0   |   85   |    -   |
|   Memory  |    0   |    -   |   64   |    4   |    0   |
|Multiplexer|    -   |    0   |    -   |   18   |    -   |
|  Register |    -   |    -   |   31   |    -   |    -   |
+-----------+--------+--------+--------+--------+--------+
|   Total   |    0   |    0   |   95   |   107  |    0   |
+-----------+--------+--------+--------+--------+--------+
