INFO: [HLS 200-10] Running 'C:/Xilinx/Vitis_HLS/2022.1/bin/unwrapped/win64.o/vitis_hls.exe'
INFO: [HLS 200-10] For user 'ecoyu' on host 'joedesktop' (Windows NT_amd64 version 6.2) on Fri Mar 17 01:55:21 +0800 2023
INFO: [HLS 200-10] In directory 'D:/master/HLS/labA_InterfaceSynthesis/lab1'
Sourcing Tcl script 'D:/master/HLS/labA_InterfaceSynthesis/lab1/adders_prj/solution4/cosim.tcl'
INFO: [HLS 200-1510] Running: source D:/master/HLS/labA_InterfaceSynthesis/lab1/adders_prj/solution4/cosim.tcl
INFO: [HLS 200-1510] Running: open_project adders_prj 
INFO: [HLS 200-10] Opening project 'D:/master/HLS/labA_InterfaceSynthesis/lab1/adders_prj'.
INFO: [HLS 200-1510] Running: set_top adders 
INFO: [HLS 200-1510] Running: add_files adders.c 
INFO: [HLS 200-10] Adding design file 'adders.c' to the project
INFO: [HLS 200-1510] Running: add_files -tb adders_test.c -cflags -Wno-unknown-pragmas -csimflags -Wno-unknown-pragmas 
INFO: [HLS 200-10] Adding test bench file 'adders_test.c' to the project
INFO: [HLS 200-1510] Running: open_solution solution4 -flow_target vivado 
INFO: [HLS 200-10] Opening solution 'D:/master/HLS/labA_InterfaceSynthesis/lab1/adders_prj/solution4'.
INFO: [SYN 201-201] Setting up clock 'default' with a period of 3.25ns.
INFO: [HLS 200-1611] Setting target device to 'xcvu9p-flgb2104-1-e'
INFO: [HLS 200-1505] Using flow_target 'vivado'
Resolution: For help on HLS 200-1505 see www.xilinx.com/cgi-bin/docs/rdoc?v=2022.1;t=hls+guidance;d=200-1505.html
INFO: [HLS 200-1464] Running solution command: config_interface -m_axi_latency=0
INFO: [HLS 200-1510] Running: set_part xcvu9p-flgb2104-1-e 
INFO: [HLS 200-1510] Running: create_clock -period 3.25 -name default 
INFO: [HLS 200-1510] Running: config_interface -m_axi_latency 0 
INFO: [HLS 200-1510] Running: source ./adders_prj/solution4/directives.tcl
INFO: [HLS 200-1510] Running: set_directive_top -name adders adders 
INFO: [HLS 200-1510] Running: cosim_design -trace_level all 
INFO: [COSIM 212-47] Using XSIM for RTL simulation.
INFO: [COSIM 212-14] Instrumenting C test bench ...
   Build using "C:/Xilinx/Vitis_HLS/2022.1/tps/win64/msys64/mingw64/bin/g++"
   Compiling apatb_adders.cpp
   Compiling (apcc) adders.c_pre.c.tb.c
INFO: [HLS 200-10] Running 'C:/Xilinx/Vitis_HLS/2022.1/bin/unwrapped/win64.o/apcc.exe'
INFO: [HLS 200-10] For user 'ecoyu' on host 'joedesktop' (Windows NT_amd64 version 6.2) on Fri Mar 17 01:55:27 +0800 2023
INFO: [HLS 200-10] In directory 'D:/master/HLS/labA_InterfaceSynthesis/lab1/adders_prj/solution4/sim/wrapc'
clang: warning: argument unused during compilation: '-fno-builtin-isinf'
clang: warning: argument unused during compilation: '-fno-builtin-isnan'
INFO: [APCC 202-3] Tmp directory is apcc_db
INFO: [APCC 202-1] APCC is done.
INFO: [HLS 200-112] Total CPU user time: 0 seconds. Total CPU system time: 0 seconds. Total elapsed time: 1.504 seconds; peak allocated memory: 0.887 MB.
   Compiling (apcc) adders_test.c_pre.c.tb.c
INFO: [HLS 200-10] Running 'C:/Xilinx/Vitis_HLS/2022.1/bin/unwrapped/win64.o/apcc.exe'
INFO: [HLS 200-10] For user 'ecoyu' on host 'joedesktop' (Windows NT_amd64 version 6.2) on Fri Mar 17 01:55:30 +0800 2023
INFO: [HLS 200-10] In directory 'D:/master/HLS/labA_InterfaceSynthesis/lab1/adders_prj/solution4/sim/wrapc'
clang: warning: argument unused during compilation: '-fno-builtin-isinf'
clang: warning: argument unused during compilation: '-fno-builtin-isnan'
INFO: [APCC 202-3] Tmp directory is apcc_db
INFO: [APCC 202-1] APCC is done.
INFO: [HLS 200-112] Total CPU user time: 0 seconds. Total CPU system time: 0 seconds. Total elapsed time: 1.516 seconds; peak allocated memory: 0.852 MB.
   Compiling apatb_adders_ir.ll
   Generating cosim.tv.exe
INFO: [COSIM 212-302] Starting C TB testing ... 
  10+20+30=60 
  20+30+40=90 
  30+40+50=120 
  40+50+60=150 
  50+60+70=180 
----------Pass!------------
INFO: [COSIM 212-333] Generating C post check test bench ...
INFO: [COSIM 212-12] Generating RTL test bench ...
INFO: [COSIM 212-1] *** C/RTL co-simulation file generation completed. ***
INFO: [COSIM 212-323] Starting verilog simulation. 
INFO: [COSIM 212-15] Starting XSIM ...

D:\master\HLS\labA_InterfaceSynthesis\lab1\adders_prj\solution4\sim\verilog>set PATH= 

D:\master\HLS\labA_InterfaceSynthesis\lab1\adders_prj\solution4\sim\verilog>call C:/Xilinx/Vivado/2022.1/bin/xelab xil_defaultlib.apatb_adders_top glbl -Oenable_linking_all_libraries  -prj adders.prj -L smartconnect_v1_0 -L axi_protocol_checker_v1_1_12 -L axi_protocol_checker_v1_1_13 -L axis_protocol_checker_v1_1_11 -L axis_protocol_checker_v1_1_12 -L xil_defaultlib -L unisims_ver -L xpm  -L floating_point_v7_0_20 -L floating_point_v7_1_14 --lib "ieee_proposed=./ieee_proposed" -s adders -debug wave 
Vivado Simulator v2022.1
Copyright 1986-1999, 2001-2022 Xilinx, Inc. All Rights Reserved.
Running: C:/Xilinx/Vivado/2022.1/bin/unwrapped/win64.o/xelab.exe xil_defaultlib.apatb_adders_top glbl -Oenable_linking_all_libraries -prj adders.prj -L smartconnect_v1_0 -L axi_protocol_checker_v1_1_12 -L axi_protocol_checker_v1_1_13 -L axis_protocol_checker_v1_1_11 -L axis_protocol_checker_v1_1_12 -L xil_defaultlib -L unisims_ver -L xpm -L floating_point_v7_0_20 -L floating_point_v7_1_14 --lib ieee_proposed=./ieee_proposed -s adders -debug wave 
Multi-threading is on. Using 22 slave threads.
INFO: [VRFC 10-2263] Analyzing SystemVerilog file "D:/master/HLS/labA_InterfaceSynthesis/lab1/adders_prj/solution4/sim/verilog/glbl.v" into library work
INFO: [VRFC 10-311] analyzing module glbl
INFO: [VRFC 10-2263] Analyzing SystemVerilog file "D:/master/HLS/labA_InterfaceSynthesis/lab1/adders_prj/solution4/sim/verilog/adders.autotb.v" into library xil_defaultlib
INFO: [VRFC 10-311] analyzing module apatb_adders_top
INFO: [VRFC 10-2263] Analyzing SystemVerilog file "D:/master/HLS/labA_InterfaceSynthesis/lab1/adders_prj/solution4/sim/verilog/adders.v" into library xil_defaultlib
INFO: [VRFC 10-311] analyzing module adders
INFO: [VRFC 10-2263] Analyzing SystemVerilog file "D:/master/HLS/labA_InterfaceSynthesis/lab1/adders_prj/solution4/sim/verilog/dataflow_monitor.sv" into library xil_defaultlib
INFO: [VRFC 10-311] analyzing module dataflow_monitor
Starting static elaboration
Pass Through NonSizing Optimizer
Completed static elaboration
Starting simulation data flow analysis
Completed simulation data flow analysis
Time Resolution for simulation is 1ps
Compiling package xil_defaultlib.$unit_dataflow_monitor_sv
Compiling module xil_defaultlib.adders
Compiling module xil_defaultlib.nodf_module_intf
Compiling module xil_defaultlib.dataflow_monitor
Compiling module xil_defaultlib.apatb_adders_top
Compiling module work.glbl
Built simulation snapshot adders

****** xsim v2022.1 (64-bit)
  **** SW Build 3526262 on Mon Apr 18 15:48:16 MDT 2022
  **** IP Build 3524634 on Mon Apr 18 20:55:01 MDT 2022
    ** Copyright 1986-2022 Xilinx, Inc. All Rights Reserved.

source xsim.dir/adders/xsim_script.tcl
# xsim {adders} -view {{adders_dataflow_ana.wcfg}} -tclbatch {adders.tcl} -protoinst {adders.protoinst}
INFO: [Wavedata 42-565] Reading protoinst file adders.protoinst
Time resolution is 1 ps
open_wave_config adders_dataflow_ana.wcfg
source adders.tcl
## log_wave -r /
WARNING: [Simtcl 6-197] One or more HDL objects could not be logged because of object type or size limitations.  To see details please rerun the command with -verbose (-v).
## set designtopgroup [add_wave_group "Design Top Signals"]
## set coutputgroup [add_wave_group "C Outputs" -into $designtopgroup]
## set return_group [add_wave_group return(wire) -into $coutputgroup]
## add_wave /apatb_adders_top/AESL_inst_adders/ap_return -into $return_group -radix hex
## set cinputgroup [add_wave_group "C Inputs" -into $designtopgroup]
## set return_group [add_wave_group return(wire) -into $cinputgroup]
## add_wave /apatb_adders_top/AESL_inst_adders/in3 -into $return_group -radix hex
## add_wave /apatb_adders_top/AESL_inst_adders/in2 -into $return_group -radix hex
## add_wave /apatb_adders_top/AESL_inst_adders/in1 -into $return_group -radix hex
## set resetgroup [add_wave_group "Reset" -into $designtopgroup]
## set clockgroup [add_wave_group "Clock" -into $designtopgroup]
## set testbenchgroup [add_wave_group "Test Bench Signals"]
## set tbinternalsiggroup [add_wave_group "Internal Signals" -into $testbenchgroup]
## set tb_simstatus_group [add_wave_group "Simulation Status" -into $tbinternalsiggroup]
## set tb_portdepth_group [add_wave_group "Port Depth" -into $tbinternalsiggroup]
## add_wave /apatb_adders_top/AUTOTB_TRANSACTION_NUM -into $tb_simstatus_group -radix hex
## add_wave /apatb_adders_top/ready_cnt -into $tb_simstatus_group -radix hex
## add_wave /apatb_adders_top/done_cnt -into $tb_simstatus_group -radix hex
## add_wave /apatb_adders_top/LENGTH_in1 -into $tb_portdepth_group -radix hex
## add_wave /apatb_adders_top/LENGTH_in2 -into $tb_portdepth_group -radix hex
## add_wave /apatb_adders_top/LENGTH_in3 -into $tb_portdepth_group -radix hex
## add_wave /apatb_adders_top/LENGTH_ap_return -into $tb_portdepth_group -radix hex
## set tbcoutputgroup [add_wave_group "C Outputs" -into $testbenchgroup]
## set tb_return_group [add_wave_group return(wire) -into $tbcoutputgroup]
## add_wave /apatb_adders_top/ap_return -into $tb_return_group -radix hex
## set tbcinputgroup [add_wave_group "C Inputs" -into $testbenchgroup]
## set tb_return_group [add_wave_group return(wire) -into $tbcinputgroup]
## add_wave /apatb_adders_top/in3 -into $tb_return_group -radix hex
## add_wave /apatb_adders_top/in2 -into $tb_return_group -radix hex
## add_wave /apatb_adders_top/in1 -into $tb_return_group -radix hex
## save_wave_config adders.wcfg
## run all
////////////////////////////////////////////////////////////////////////////////////
// Inter-Transaction Progress: Completed Transaction / Total Transaction
// Intra-Transaction Progress: Measured Latency / Latency Estimation * 100%
//
// RTL Simulation : "Inter-Transaction Progress" ["Intra-Transaction Progress"] @ "Simulation Time"
////////////////////////////////////////////////////////////////////////////////////
// RTL Simulation : 0 / 5 [n/a] @ "109000"
// RTL Simulation : 1 / 5 [n/a] @ "116000"
// RTL Simulation : 2 / 5 [n/a] @ "119000"
// RTL Simulation : 3 / 5 [n/a] @ "122000"
// RTL Simulation : 4 / 5 [n/a] @ "126000"
// RTL Simulation : 5 / 5 [n/a] @ "129000"
////////////////////////////////////////////////////////////////////////////////////
$finish called at time : 145070 ps : File "D:/master/HLS/labA_InterfaceSynthesis/lab1/adders_prj/solution4/sim/verilog/adders.autotb.v" Line 345
## quit
INFO: [Common 17-206] Exiting xsim at Fri Mar 17 01:55:36 2023...
INFO: [COSIM 212-316] Starting C post checking ...
  10+20+30=60 
  20+30+40=90 
  30+40+50=120 
  40+50+60=150 
  50+60+70=180 
----------Pass!------------
INFO: [COSIM 212-1000] *** C/RTL co-simulation finished: PASS ***
INFO: [COSIM 212-210] Design is translated to an combinational logic. II and Latency will be marked as all 0.
INFO: [HLS 200-111] Finished Command cosim_design CPU user time: 0 seconds. CPU system time: 0 seconds. Elapsed time: 13.508 seconds; current allocated memory: 2.879 MB.
INFO: [HLS 200-112] Total CPU user time: 1 seconds. Total CPU system time: 0 seconds. Total elapsed time: 15.309 seconds; peak allocated memory: 1.467 GB.
