

================================================================
== Synthesis Summary Report of 'array_io'
================================================================
+ General Information: 
    * Date:           Sat Mar 18 20:29:59 2023
    * Version:        2022.1 (Build 3526262 on Mon Apr 18 15:48:16 MDT 2022)
    * Project:        array_io_prj
    * Solution:       solution6 (Vivado IP Flow Target)
    * Product family: virtexuplus
    * Target device:  xcvu9p-flgb2104-1-e
    

+ Performance & Resource Estimates: 
    
    PS: '+' for module; 'o' for loop; '*' for dataflow
    +------------+------+------+---------+--------+----------+---------+------+----------+------+----+------------+------------+-----+
    |   Modules  | Issue|      | Latency | Latency| Iteration|         | Trip |          |      |    |            |            |     |
    |   & Loops  | Type | Slack| (cycles)|  (ns)  |  Latency | Interval| Count| Pipelined| BRAM | DSP|     FF     |     LUT    | URAM|
    +------------+------+------+---------+--------+----------+---------+------+----------+------+----+------------+------------+-----+
    |+ array_io  |     -|  0.34|        9|  36.000|         -|       10|     -|        no|     -|   -|  1298 (~0%)|  2129 (~0%)|    -|
    +------------+------+------+---------+--------+----------+---------+------+----------+------+----+------------+------------+-----+


================================================================
== HW Interfaces
================================================================
* AP_FIFO
+-----------+------------+
| Interface | Data Width |
+-----------+------------+
| d_o_0     | 16         |
| d_o_1     | 16         |
| d_o_2     | 16         |
| d_o_3     | 16         |
+-----------+------------+

* AP_MEMORY
+----------------+----------+
| Interface      | Bitwidth |
+----------------+----------+
| d_i_0_address0 | 4        |
| d_i_0_address1 | 4        |
| d_i_0_q0       | 16       |
| d_i_0_q1       | 16       |
| d_i_1_address0 | 4        |
| d_i_1_address1 | 4        |
| d_i_1_q0       | 16       |
| d_i_1_q1       | 16       |
+----------------+----------+

* TOP LEVEL CONTROL
+-----------+------------+-----------------------------------+
| Interface | Type       | Ports                             |
+-----------+------------+-----------------------------------+
| ap_clk    | clock      | ap_clk                            |
| ap_rst    | reset      | ap_rst                            |
| ap_ctrl   | ap_ctrl_hs | ap_done ap_idle ap_ready ap_start |
+-----------+------------+-----------------------------------+


================================================================
== SW I/O Information
================================================================
* Top Function Arguments
+----------+-----------+----------+
| Argument | Direction | Datatype |
+----------+-----------+----------+
| d_o      | out       | short*   |
| d_i      | in        | short*   |
+----------+-----------+----------+

* SW-to-HW Mapping
+----------+----------------+-----------+----------+
| Argument | HW Interface   | HW Type   | HW Usage |
+----------+----------------+-----------+----------+
| d_o      | d_o_0          | interface |          |
| d_o      | d_o_1          | interface |          |
| d_o      | d_o_2          | interface |          |
| d_o      | d_o_3          | interface |          |
| d_i      | d_i_0_address0 | port      | offset   |
| d_i      | d_i_0_ce0      | port      |          |
| d_i      | d_i_0_q0       | port      |          |
| d_i      | d_i_0_address1 | port      | offset   |
| d_i      | d_i_0_ce1      | port      |          |
| d_i      | d_i_0_q1       | port      |          |
| d_i      | d_i_1_address0 | port      | offset   |
| d_i      | d_i_1_ce0      | port      |          |
| d_i      | d_i_1_q0       | port      |          |
| d_i      | d_i_1_address1 | port      | offset   |
| d_i      | d_i_1_ce1      | port      |          |
| d_i      | d_i_1_q1       | port      |          |
+----------+----------------+-----------+----------+


================================================================
== Bind Op Report
================================================================
+--------------------------+-----+--------+-------------+-----+--------+---------+
| Name                     | DSP | Pragma | Variable    | Op  | Impl   | Latency |
+--------------------------+-----+--------+-------------+-----+--------+---------+
| + array_io               | 0   |        |             |     |        |         |
|   add_ln69_fu_422_p2     | -   |        | add_ln69    | add | fabric | 0       |
|   add_ln69_1_fu_436_p2   | -   |        | add_ln69_1  | add | fabric | 0       |
|   add_ln69_2_fu_450_p2   | -   |        | add_ln69_2  | add | fabric | 0       |
|   add_ln69_3_fu_464_p2   | -   |        | add_ln69_3  | add | fabric | 0       |
|   add_ln69_4_fu_478_p2   | -   |        | add_ln69_4  | add | fabric | 0       |
|   add_ln69_5_fu_492_p2   | -   |        | add_ln69_5  | add | fabric | 0       |
|   add_ln69_6_fu_506_p2   | -   |        | add_ln69_6  | add | fabric | 0       |
|   add_ln69_7_fu_520_p2   | -   |        | add_ln69_7  | add | fabric | 0       |
|   add_ln69_8_fu_526_p2   | -   |        | add_ln69_8  | add | fabric | 0       |
|   add_ln69_9_fu_531_p2   | -   |        | add_ln69_9  | add | fabric | 0       |
|   add_ln69_10_fu_536_p2  | -   |        | add_ln69_10 | add | fabric | 0       |
|   add_ln69_11_fu_541_p2  | -   |        | add_ln69_11 | add | fabric | 0       |
|   add_ln69_12_fu_546_p2  | -   |        | add_ln69_12 | add | fabric | 0       |
|   add_ln69_13_fu_551_p2  | -   |        | add_ln69_13 | add | fabric | 0       |
|   add_ln69_14_fu_556_p2  | -   |        | add_ln69_14 | add | fabric | 0       |
|   add_ln69_15_fu_561_p2  | -   |        | add_ln69_15 | add | fabric | 0       |
|   add_ln69_16_fu_566_p2  | -   |        | add_ln69_16 | add | fabric | 0       |
|   add_ln69_17_fu_571_p2  | -   |        | add_ln69_17 | add | fabric | 0       |
|   add_ln69_18_fu_576_p2  | -   |        | add_ln69_18 | add | fabric | 0       |
|   add_ln69_19_fu_581_p2  | -   |        | add_ln69_19 | add | fabric | 0       |
|   add_ln69_20_fu_598_p2  | -   |        | add_ln69_20 | add | fabric | 0       |
|   add_ln69_21_fu_603_p2  | -   |        | add_ln69_21 | add | fabric | 0       |
|   add_ln69_22_fu_608_p2  | -   |        | add_ln69_22 | add | fabric | 0       |
|   add_ln69_23_fu_613_p2  | -   |        | add_ln69_23 | add | fabric | 0       |
|   add_ln67_1_fu_622_p2   | -   |        | add_ln67_1  | add | fabric | 0       |
|   add_ln67_2_fu_722_p2   | -   |        | add_ln67_2  | add | fabric | 0       |
|   add_ln69_24_fu_628_p2  | -   |        | add_ln69_24 | add | fabric | 0       |
|   add_ln67_5_fu_637_p2   | -   |        | add_ln67_5  | add | fabric | 0       |
|   add_ln67_6_fu_752_p2   | -   |        | add_ln67_6  | add | fabric | 0       |
|   add_ln69_25_fu_643_p2  | -   |        | add_ln69_25 | add | fabric | 0       |
|   add_ln67_9_fu_652_p2   | -   |        | add_ln67_9  | add | fabric | 0       |
|   add_ln67_10_fu_782_p2  | -   |        | add_ln67_10 | add | fabric | 0       |
|   add_ln69_26_fu_658_p2  | -   |        | add_ln69_26 | add | fabric | 0       |
|   add_ln67_13_fu_667_p2  | -   |        | add_ln67_13 | add | fabric | 0       |
|   add_ln67_14_fu_812_p2  | -   |        | add_ln67_14 | add | fabric | 0       |
|   add_ln69_27_fu_673_p2  | -   |        | add_ln69_27 | add | fabric | 0       |
|   add_ln67_17_fu_838_p2  | -   |        | add_ln67_17 | add | fabric | 0       |
|   add_ln67_18_fu_926_p2  | -   |        | add_ln67_18 | add | fabric | 0       |
|   add_ln69_28_fu_844_p2  | -   |        | add_ln69_28 | add | fabric | 0       |
|   add_ln67_21_fu_853_p2  | -   |        | add_ln67_21 | add | fabric | 0       |
|   add_ln67_22_fu_956_p2  | -   |        | add_ln67_22 | add | fabric | 0       |
|   add_ln69_29_fu_859_p2  | -   |        | add_ln69_29 | add | fabric | 0       |
|   add_ln67_25_fu_868_p2  | -   |        | add_ln67_25 | add | fabric | 0       |
|   add_ln67_26_fu_986_p2  | -   |        | add_ln67_26 | add | fabric | 0       |
|   add_ln69_30_fu_874_p2  | -   |        | add_ln69_30 | add | fabric | 0       |
|   add_ln67_29_fu_883_p2  | -   |        | add_ln67_29 | add | fabric | 0       |
|   add_ln67_30_fu_1016_p2 | -   |        | add_ln67_30 | add | fabric | 0       |
|   add_ln69_31_fu_889_p2  | -   |        | add_ln69_31 | add | fabric | 0       |
+--------------------------+-----+--------+-------------+-----+--------+---------+


================================================================
== Bind Storage Report
================================================================
  No bind storage info in design

================================================================
== Pragma Report
================================================================
* Valid Pragma Syntax
+-----------------+------------------------------------+-----------------------------------------------------------+
| Type            | Options                            | Location                                                  |
+-----------------+------------------------------------+-----------------------------------------------------------+
| array_partition | variable=d_i cyclic factor=2 dim=1 | array_io_prj/solution6/directives.tcl:10 in array_io, d_i |
| array_partition | variable=d_o cyclic factor=4 dim=1 | array_io_prj/solution6/directives.tcl:9 in array_io, d_o  |
| interface       | ap_fifo port=d_o                   | array_io_prj/solution6/directives.tcl:8 in array_io, d_o  |
| unroll          |                                    | array_io_prj/solution6/directives.tcl:7 in array_io       |
+-----------------+------------------------------------+-----------------------------------------------------------+


