

================================================================
== Vitis HLS Report for 'array_io'
================================================================
* Date:           Sat Mar 18 20:29:59 2023

* Version:        2022.1 (Build 3526262 on Mon Apr 18 15:48:16 MDT 2022)
* Project:        array_io_prj
* Solution:       solution6 (Vivado IP Flow Target)
* Product family: virtexuplus
* Target device:  xcvu9p-flgb2104-1-e


================================================================
== Performance Estimates
================================================================
+ Timing: 
    * Summary: 
    +--------+---------+----------+------------+
    |  Clock |  Target | Estimated| Uncertainty|
    +--------+---------+----------+------------+
    |ap_clk  |  4.00 ns|  2.581 ns|     1.08 ns|
    +--------+---------+----------+------------+

+ Latency: 
    * Summary: 
    +---------+---------+-----------+-----------+-----+-----+---------+
    |  Latency (cycles) |   Latency (absolute)  |  Interval | Pipeline|
    |   min   |   max   |    min    |    max    | min | max |   Type  |
    +---------+---------+-----------+-----------+-----+-----+---------+
    |        9|        9|  36.000 ns|  36.000 ns|   10|   10|       no|
    +---------+---------+-----------+-----------+-----+-----+---------+

    + Detail: 
        * Instance: 
        N/A

        * Loop: 
        N/A

============================================================
+ Verbose Summary: Synthesis Manager
============================================================
InlineROM: 1
ExposeGlobal: 0
============================================================
+ Verbose Summary: CDFG Model
============================================================
IsTopModel: 1
ResetActiveHigh: 1
IsCombinational: 0
IsDatapathOnly: 0
HasWiredReturn: 1
HasMFsm: 0
HasVarLatency: 1
IsPipeline: 0
IsRtlPipelined: 0
IsInstanceOverlapped: 0
IsDontTouch: 0
HasImplIP: 0
IsGatedGlobalClock: 0


============================================================
+ Verbose Summary: Schedule
============================================================
* Number of FSM states : 10
* Pipeline : 0
* Dataflow Pipeline: 0

* FSM state transitions: 
1 --> 2 
2 --> 3 
3 --> 4 
4 --> 5 
5 --> 6 
6 --> 7 
7 --> 8 
8 --> 9 
9 --> 10 
10 --> 

* FSM state operations: 

State 1 <SV = 0> <Delay = 0.73>
ST_1 : Operation 11 [1/1] (0.00ns)   --->   "%d_i_0_addr = getelementptr i16 %d_i_0, i64 0, i64 0" [array_io.c:67]   --->   Operation 11 'getelementptr' 'd_i_0_addr' <Predicate = true> <Delay = 0.00>
ST_1 : Operation 12 [2/2] (0.73ns)   --->   "%d_i_0_load = load i4 %d_i_0_addr" [array_io.c:67]   --->   Operation 12 'load' 'd_i_0_load' <Predicate = true> <Delay = 0.73> <CoreInst = "RAM">   --->   Core 83 'RAM' <Latency = 1> <II = 1> <Delay = 0.73> <Storage> <Opcode : 'load' 'store'> <Ports = 2> <Width = 16> <Depth = 16> <RAM>
ST_1 : Operation 13 [1/1] (0.00ns)   --->   "%d_i_1_addr = getelementptr i16 %d_i_1, i64 0, i64 0" [array_io.c:67]   --->   Operation 13 'getelementptr' 'd_i_1_addr' <Predicate = true> <Delay = 0.00>
ST_1 : Operation 14 [2/2] (0.73ns)   --->   "%d_i_1_load = load i4 %d_i_1_addr" [array_io.c:67]   --->   Operation 14 'load' 'd_i_1_load' <Predicate = true> <Delay = 0.73> <CoreInst = "RAM">   --->   Core 83 'RAM' <Latency = 1> <II = 1> <Delay = 0.73> <Storage> <Opcode : 'load' 'store'> <Ports = 2> <Width = 16> <Depth = 16> <RAM>
ST_1 : Operation 15 [1/1] (0.00ns)   --->   "%d_i_0_addr_1 = getelementptr i16 %d_i_0, i64 0, i64 1" [array_io.c:67]   --->   Operation 15 'getelementptr' 'd_i_0_addr_1' <Predicate = true> <Delay = 0.00>
ST_1 : Operation 16 [2/2] (0.73ns)   --->   "%d_i_0_load_1 = load i4 %d_i_0_addr_1" [array_io.c:67]   --->   Operation 16 'load' 'd_i_0_load_1' <Predicate = true> <Delay = 0.73> <CoreInst = "RAM">   --->   Core 83 'RAM' <Latency = 1> <II = 1> <Delay = 0.73> <Storage> <Opcode : 'load' 'store'> <Ports = 2> <Width = 16> <Depth = 16> <RAM>
ST_1 : Operation 17 [1/1] (0.00ns)   --->   "%d_i_1_addr_1 = getelementptr i16 %d_i_1, i64 0, i64 1" [array_io.c:67]   --->   Operation 17 'getelementptr' 'd_i_1_addr_1' <Predicate = true> <Delay = 0.00>
ST_1 : Operation 18 [2/2] (0.73ns)   --->   "%d_i_1_load_1 = load i4 %d_i_1_addr_1" [array_io.c:67]   --->   Operation 18 'load' 'd_i_1_load_1' <Predicate = true> <Delay = 0.73> <CoreInst = "RAM">   --->   Core 83 'RAM' <Latency = 1> <II = 1> <Delay = 0.73> <Storage> <Opcode : 'load' 'store'> <Ports = 2> <Width = 16> <Depth = 16> <RAM>

State 2 <SV = 1> <Delay = 0.73>
ST_2 : Operation 19 [1/2] (0.73ns)   --->   "%d_i_0_load = load i4 %d_i_0_addr" [array_io.c:67]   --->   Operation 19 'load' 'd_i_0_load' <Predicate = true> <Delay = 0.73> <CoreInst = "RAM">   --->   Core 83 'RAM' <Latency = 1> <II = 1> <Delay = 0.73> <Storage> <Opcode : 'load' 'store'> <Ports = 2> <Width = 16> <Depth = 16> <RAM>
ST_2 : Operation 20 [1/2] (0.73ns)   --->   "%d_i_1_load = load i4 %d_i_1_addr" [array_io.c:67]   --->   Operation 20 'load' 'd_i_1_load' <Predicate = true> <Delay = 0.73> <CoreInst = "RAM">   --->   Core 83 'RAM' <Latency = 1> <II = 1> <Delay = 0.73> <Storage> <Opcode : 'load' 'store'> <Ports = 2> <Width = 16> <Depth = 16> <RAM>
ST_2 : Operation 21 [1/2] (0.73ns)   --->   "%d_i_0_load_1 = load i4 %d_i_0_addr_1" [array_io.c:67]   --->   Operation 21 'load' 'd_i_0_load_1' <Predicate = true> <Delay = 0.73> <CoreInst = "RAM">   --->   Core 83 'RAM' <Latency = 1> <II = 1> <Delay = 0.73> <Storage> <Opcode : 'load' 'store'> <Ports = 2> <Width = 16> <Depth = 16> <RAM>
ST_2 : Operation 22 [1/2] (0.73ns)   --->   "%d_i_1_load_1 = load i4 %d_i_1_addr_1" [array_io.c:67]   --->   Operation 22 'load' 'd_i_1_load_1' <Predicate = true> <Delay = 0.73> <CoreInst = "RAM">   --->   Core 83 'RAM' <Latency = 1> <II = 1> <Delay = 0.73> <Storage> <Opcode : 'load' 'store'> <Ports = 2> <Width = 16> <Depth = 16> <RAM>
ST_2 : Operation 23 [1/1] (0.00ns)   --->   "%d_i_0_addr_2 = getelementptr i16 %d_i_0, i64 0, i64 2" [array_io.c:67]   --->   Operation 23 'getelementptr' 'd_i_0_addr_2' <Predicate = true> <Delay = 0.00>
ST_2 : Operation 24 [2/2] (0.73ns)   --->   "%d_i_0_load_2 = load i4 %d_i_0_addr_2" [array_io.c:67]   --->   Operation 24 'load' 'd_i_0_load_2' <Predicate = true> <Delay = 0.73> <CoreInst = "RAM">   --->   Core 83 'RAM' <Latency = 1> <II = 1> <Delay = 0.73> <Storage> <Opcode : 'load' 'store'> <Ports = 2> <Width = 16> <Depth = 16> <RAM>
ST_2 : Operation 25 [1/1] (0.00ns)   --->   "%d_i_1_addr_2 = getelementptr i16 %d_i_1, i64 0, i64 2" [array_io.c:67]   --->   Operation 25 'getelementptr' 'd_i_1_addr_2' <Predicate = true> <Delay = 0.00>
ST_2 : Operation 26 [2/2] (0.73ns)   --->   "%d_i_1_load_2 = load i4 %d_i_1_addr_2" [array_io.c:67]   --->   Operation 26 'load' 'd_i_1_load_2' <Predicate = true> <Delay = 0.73> <CoreInst = "RAM">   --->   Core 83 'RAM' <Latency = 1> <II = 1> <Delay = 0.73> <Storage> <Opcode : 'load' 'store'> <Ports = 2> <Width = 16> <Depth = 16> <RAM>
ST_2 : Operation 27 [1/1] (0.00ns)   --->   "%d_i_0_addr_3 = getelementptr i16 %d_i_0, i64 0, i64 3" [array_io.c:67]   --->   Operation 27 'getelementptr' 'd_i_0_addr_3' <Predicate = true> <Delay = 0.00>
ST_2 : Operation 28 [2/2] (0.73ns)   --->   "%d_i_0_load_3 = load i4 %d_i_0_addr_3" [array_io.c:67]   --->   Operation 28 'load' 'd_i_0_load_3' <Predicate = true> <Delay = 0.73> <CoreInst = "RAM">   --->   Core 83 'RAM' <Latency = 1> <II = 1> <Delay = 0.73> <Storage> <Opcode : 'load' 'store'> <Ports = 2> <Width = 16> <Depth = 16> <RAM>
ST_2 : Operation 29 [1/1] (0.00ns)   --->   "%d_i_1_addr_3 = getelementptr i16 %d_i_1, i64 0, i64 3" [array_io.c:67]   --->   Operation 29 'getelementptr' 'd_i_1_addr_3' <Predicate = true> <Delay = 0.00>
ST_2 : Operation 30 [2/2] (0.73ns)   --->   "%d_i_1_load_3 = load i4 %d_i_1_addr_3" [array_io.c:67]   --->   Operation 30 'load' 'd_i_1_load_3' <Predicate = true> <Delay = 0.73> <CoreInst = "RAM">   --->   Core 83 'RAM' <Latency = 1> <II = 1> <Delay = 0.73> <Storage> <Opcode : 'load' 'store'> <Ports = 2> <Width = 16> <Depth = 16> <RAM>

State 3 <SV = 2> <Delay = 2.58>
ST_3 : Operation 31 [1/1] (0.00ns)   --->   "%acc_0_load = load i32 %acc_0" [array_io.c:67]   --->   Operation 31 'load' 'acc_0_load' <Predicate = true> <Delay = 0.00>
ST_3 : Operation 32 [1/1] (0.00ns)   --->   "%trunc_ln67 = trunc i32 %acc_0_load" [array_io.c:67]   --->   Operation 32 'trunc' 'trunc_ln67' <Predicate = true> <Delay = 0.00>
ST_3 : Operation 33 [1/1] (1.12ns)   --->   "%add_ln69 = add i16 %d_i_0_load, i16 %trunc_ln67" [array_io.c:69]   --->   Operation 33 'add' 'add_ln69' <Predicate = true> <Delay = 1.12> <CoreInst = "Adder">   --->   Core 1 'Adder' <Latency = 0> <II = 1> <Delay = 1.12> <FuncUnit> <Opcode : 'add' 'sub'> <InPorts = 2> <OutPorts = 1>
ST_3 : Operation 34 [1/1] (1.46ns)   --->   "%write_ln69 = write void @_ssdm_op_Write.ap_fifo.volatile.i16P0A, i16 %d_o_0, i16 %add_ln69" [array_io.c:69]   --->   Operation 34 'write' 'write_ln69' <Predicate = true> <Delay = 1.46> <CoreInst = "FIFO">   --->   Core 78 'FIFO' <Latency = 0> <II = 1> <Delay = 1.72> <Storage> <Opcode : 'read' 'write' 'nbread' 'nbwrite'> <Ports = 0> <Width = -1> <Depth = -1> <FIFO>
ST_3 : Operation 35 [1/1] (0.00ns)   --->   "%acc_1_load = load i32 %acc_1" [array_io.c:67]   --->   Operation 35 'load' 'acc_1_load' <Predicate = true> <Delay = 0.00>
ST_3 : Operation 36 [1/1] (0.00ns)   --->   "%trunc_ln67_1 = trunc i32 %acc_1_load" [array_io.c:67]   --->   Operation 36 'trunc' 'trunc_ln67_1' <Predicate = true> <Delay = 0.00>
ST_3 : Operation 37 [1/1] (1.12ns)   --->   "%add_ln69_1 = add i16 %d_i_1_load, i16 %trunc_ln67_1" [array_io.c:69]   --->   Operation 37 'add' 'add_ln69_1' <Predicate = true> <Delay = 1.12> <CoreInst = "Adder">   --->   Core 1 'Adder' <Latency = 0> <II = 1> <Delay = 1.12> <FuncUnit> <Opcode : 'add' 'sub'> <InPorts = 2> <OutPorts = 1>
ST_3 : Operation 38 [1/1] (1.46ns)   --->   "%write_ln69 = write void @_ssdm_op_Write.ap_fifo.volatile.i16P0A, i16 %d_o_1, i16 %add_ln69_1" [array_io.c:69]   --->   Operation 38 'write' 'write_ln69' <Predicate = true> <Delay = 1.46> <CoreInst = "FIFO">   --->   Core 78 'FIFO' <Latency = 0> <II = 1> <Delay = 1.72> <Storage> <Opcode : 'read' 'write' 'nbread' 'nbwrite'> <Ports = 0> <Width = -1> <Depth = -1> <FIFO>
ST_3 : Operation 39 [1/1] (0.00ns)   --->   "%acc_2_load = load i32 %acc_2" [array_io.c:67]   --->   Operation 39 'load' 'acc_2_load' <Predicate = true> <Delay = 0.00>
ST_3 : Operation 40 [1/1] (0.00ns)   --->   "%trunc_ln67_2 = trunc i32 %acc_2_load" [array_io.c:67]   --->   Operation 40 'trunc' 'trunc_ln67_2' <Predicate = true> <Delay = 0.00>
ST_3 : Operation 41 [1/1] (1.12ns)   --->   "%add_ln69_2 = add i16 %d_i_0_load_1, i16 %trunc_ln67_2" [array_io.c:69]   --->   Operation 41 'add' 'add_ln69_2' <Predicate = true> <Delay = 1.12> <CoreInst = "Adder">   --->   Core 1 'Adder' <Latency = 0> <II = 1> <Delay = 1.12> <FuncUnit> <Opcode : 'add' 'sub'> <InPorts = 2> <OutPorts = 1>
ST_3 : Operation 42 [1/1] (1.46ns)   --->   "%write_ln69 = write void @_ssdm_op_Write.ap_fifo.volatile.i16P0A, i16 %d_o_2, i16 %add_ln69_2" [array_io.c:69]   --->   Operation 42 'write' 'write_ln69' <Predicate = true> <Delay = 1.46> <CoreInst = "FIFO">   --->   Core 78 'FIFO' <Latency = 0> <II = 1> <Delay = 1.72> <Storage> <Opcode : 'read' 'write' 'nbread' 'nbwrite'> <Ports = 0> <Width = -1> <Depth = -1> <FIFO>
ST_3 : Operation 43 [1/1] (0.00ns)   --->   "%acc_3_load = load i32 %acc_3" [array_io.c:67]   --->   Operation 43 'load' 'acc_3_load' <Predicate = true> <Delay = 0.00>
ST_3 : Operation 44 [1/1] (0.00ns)   --->   "%trunc_ln67_3 = trunc i32 %acc_3_load" [array_io.c:67]   --->   Operation 44 'trunc' 'trunc_ln67_3' <Predicate = true> <Delay = 0.00>
ST_3 : Operation 45 [1/1] (1.12ns)   --->   "%add_ln69_3 = add i16 %d_i_1_load_1, i16 %trunc_ln67_3" [array_io.c:69]   --->   Operation 45 'add' 'add_ln69_3' <Predicate = true> <Delay = 1.12> <CoreInst = "Adder">   --->   Core 1 'Adder' <Latency = 0> <II = 1> <Delay = 1.12> <FuncUnit> <Opcode : 'add' 'sub'> <InPorts = 2> <OutPorts = 1>
ST_3 : Operation 46 [1/1] (1.46ns)   --->   "%write_ln69 = write void @_ssdm_op_Write.ap_fifo.volatile.i16P0A, i16 %d_o_3, i16 %add_ln69_3" [array_io.c:69]   --->   Operation 46 'write' 'write_ln69' <Predicate = true> <Delay = 1.46> <CoreInst = "FIFO">   --->   Core 78 'FIFO' <Latency = 0> <II = 1> <Delay = 1.72> <Storage> <Opcode : 'read' 'write' 'nbread' 'nbwrite'> <Ports = 0> <Width = -1> <Depth = -1> <FIFO>
ST_3 : Operation 47 [1/2] (0.73ns)   --->   "%d_i_0_load_2 = load i4 %d_i_0_addr_2" [array_io.c:67]   --->   Operation 47 'load' 'd_i_0_load_2' <Predicate = true> <Delay = 0.73> <CoreInst = "RAM">   --->   Core 83 'RAM' <Latency = 1> <II = 1> <Delay = 0.73> <Storage> <Opcode : 'load' 'store'> <Ports = 2> <Width = 16> <Depth = 16> <RAM>
ST_3 : Operation 48 [1/2] (0.73ns)   --->   "%d_i_1_load_2 = load i4 %d_i_1_addr_2" [array_io.c:67]   --->   Operation 48 'load' 'd_i_1_load_2' <Predicate = true> <Delay = 0.73> <CoreInst = "RAM">   --->   Core 83 'RAM' <Latency = 1> <II = 1> <Delay = 0.73> <Storage> <Opcode : 'load' 'store'> <Ports = 2> <Width = 16> <Depth = 16> <RAM>
ST_3 : Operation 49 [1/2] (0.73ns)   --->   "%d_i_0_load_3 = load i4 %d_i_0_addr_3" [array_io.c:67]   --->   Operation 49 'load' 'd_i_0_load_3' <Predicate = true> <Delay = 0.73> <CoreInst = "RAM">   --->   Core 83 'RAM' <Latency = 1> <II = 1> <Delay = 0.73> <Storage> <Opcode : 'load' 'store'> <Ports = 2> <Width = 16> <Depth = 16> <RAM>
ST_3 : Operation 50 [1/2] (0.73ns)   --->   "%d_i_1_load_3 = load i4 %d_i_1_addr_3" [array_io.c:67]   --->   Operation 50 'load' 'd_i_1_load_3' <Predicate = true> <Delay = 0.73> <CoreInst = "RAM">   --->   Core 83 'RAM' <Latency = 1> <II = 1> <Delay = 0.73> <Storage> <Opcode : 'load' 'store'> <Ports = 2> <Width = 16> <Depth = 16> <RAM>
ST_3 : Operation 51 [1/1] (0.00ns)   --->   "%d_i_0_addr_4 = getelementptr i16 %d_i_0, i64 0, i64 4" [array_io.c:67]   --->   Operation 51 'getelementptr' 'd_i_0_addr_4' <Predicate = true> <Delay = 0.00>
ST_3 : Operation 52 [2/2] (0.73ns)   --->   "%d_i_0_load_4 = load i4 %d_i_0_addr_4" [array_io.c:67]   --->   Operation 52 'load' 'd_i_0_load_4' <Predicate = true> <Delay = 0.73> <CoreInst = "RAM">   --->   Core 83 'RAM' <Latency = 1> <II = 1> <Delay = 0.73> <Storage> <Opcode : 'load' 'store'> <Ports = 2> <Width = 16> <Depth = 16> <RAM>
ST_3 : Operation 53 [1/1] (0.00ns)   --->   "%d_i_1_addr_4 = getelementptr i16 %d_i_1, i64 0, i64 4" [array_io.c:67]   --->   Operation 53 'getelementptr' 'd_i_1_addr_4' <Predicate = true> <Delay = 0.00>
ST_3 : Operation 54 [2/2] (0.73ns)   --->   "%d_i_1_load_4 = load i4 %d_i_1_addr_4" [array_io.c:67]   --->   Operation 54 'load' 'd_i_1_load_4' <Predicate = true> <Delay = 0.73> <CoreInst = "RAM">   --->   Core 83 'RAM' <Latency = 1> <II = 1> <Delay = 0.73> <Storage> <Opcode : 'load' 'store'> <Ports = 2> <Width = 16> <Depth = 16> <RAM>
ST_3 : Operation 55 [1/1] (0.00ns)   --->   "%d_i_0_addr_5 = getelementptr i16 %d_i_0, i64 0, i64 5" [array_io.c:67]   --->   Operation 55 'getelementptr' 'd_i_0_addr_5' <Predicate = true> <Delay = 0.00>
ST_3 : Operation 56 [2/2] (0.73ns)   --->   "%d_i_0_load_5 = load i4 %d_i_0_addr_5" [array_io.c:67]   --->   Operation 56 'load' 'd_i_0_load_5' <Predicate = true> <Delay = 0.73> <CoreInst = "RAM">   --->   Core 83 'RAM' <Latency = 1> <II = 1> <Delay = 0.73> <Storage> <Opcode : 'load' 'store'> <Ports = 2> <Width = 16> <Depth = 16> <RAM>
ST_3 : Operation 57 [1/1] (0.00ns)   --->   "%d_i_1_addr_5 = getelementptr i16 %d_i_1, i64 0, i64 5" [array_io.c:67]   --->   Operation 57 'getelementptr' 'd_i_1_addr_5' <Predicate = true> <Delay = 0.00>
ST_3 : Operation 58 [2/2] (0.73ns)   --->   "%d_i_1_load_5 = load i4 %d_i_1_addr_5" [array_io.c:67]   --->   Operation 58 'load' 'd_i_1_load_5' <Predicate = true> <Delay = 0.73> <CoreInst = "RAM">   --->   Core 83 'RAM' <Latency = 1> <II = 1> <Delay = 0.73> <Storage> <Opcode : 'load' 'store'> <Ports = 2> <Width = 16> <Depth = 16> <RAM>

State 4 <SV = 3> <Delay = 2.58>
ST_4 : Operation 59 [1/1] (0.00ns)   --->   "%acc_4_load = load i32 %acc_4" [array_io.c:67]   --->   Operation 59 'load' 'acc_4_load' <Predicate = true> <Delay = 0.00>
ST_4 : Operation 60 [1/1] (0.00ns)   --->   "%trunc_ln67_4 = trunc i32 %acc_4_load" [array_io.c:67]   --->   Operation 60 'trunc' 'trunc_ln67_4' <Predicate = true> <Delay = 0.00>
ST_4 : Operation 61 [1/1] (1.12ns)   --->   "%add_ln69_4 = add i16 %d_i_0_load_2, i16 %trunc_ln67_4" [array_io.c:69]   --->   Operation 61 'add' 'add_ln69_4' <Predicate = true> <Delay = 1.12> <CoreInst = "Adder">   --->   Core 1 'Adder' <Latency = 0> <II = 1> <Delay = 1.12> <FuncUnit> <Opcode : 'add' 'sub'> <InPorts = 2> <OutPorts = 1>
ST_4 : Operation 62 [1/1] (1.46ns)   --->   "%write_ln69 = write void @_ssdm_op_Write.ap_fifo.volatile.i16P0A, i16 %d_o_0, i16 %add_ln69_4" [array_io.c:69]   --->   Operation 62 'write' 'write_ln69' <Predicate = true> <Delay = 1.46> <CoreInst = "FIFO">   --->   Core 78 'FIFO' <Latency = 0> <II = 1> <Delay = 1.72> <Storage> <Opcode : 'read' 'write' 'nbread' 'nbwrite'> <Ports = 0> <Width = -1> <Depth = -1> <FIFO>
ST_4 : Operation 63 [1/1] (0.00ns)   --->   "%acc_5_load = load i32 %acc_5" [array_io.c:67]   --->   Operation 63 'load' 'acc_5_load' <Predicate = true> <Delay = 0.00>
ST_4 : Operation 64 [1/1] (0.00ns)   --->   "%trunc_ln67_5 = trunc i32 %acc_5_load" [array_io.c:67]   --->   Operation 64 'trunc' 'trunc_ln67_5' <Predicate = true> <Delay = 0.00>
ST_4 : Operation 65 [1/1] (1.12ns)   --->   "%add_ln69_5 = add i16 %d_i_1_load_2, i16 %trunc_ln67_5" [array_io.c:69]   --->   Operation 65 'add' 'add_ln69_5' <Predicate = true> <Delay = 1.12> <CoreInst = "Adder">   --->   Core 1 'Adder' <Latency = 0> <II = 1> <Delay = 1.12> <FuncUnit> <Opcode : 'add' 'sub'> <InPorts = 2> <OutPorts = 1>
ST_4 : Operation 66 [1/1] (1.46ns)   --->   "%write_ln69 = write void @_ssdm_op_Write.ap_fifo.volatile.i16P0A, i16 %d_o_1, i16 %add_ln69_5" [array_io.c:69]   --->   Operation 66 'write' 'write_ln69' <Predicate = true> <Delay = 1.46> <CoreInst = "FIFO">   --->   Core 78 'FIFO' <Latency = 0> <II = 1> <Delay = 1.72> <Storage> <Opcode : 'read' 'write' 'nbread' 'nbwrite'> <Ports = 0> <Width = -1> <Depth = -1> <FIFO>
ST_4 : Operation 67 [1/1] (0.00ns)   --->   "%acc_6_load = load i32 %acc_6" [array_io.c:67]   --->   Operation 67 'load' 'acc_6_load' <Predicate = true> <Delay = 0.00>
ST_4 : Operation 68 [1/1] (0.00ns)   --->   "%trunc_ln67_6 = trunc i32 %acc_6_load" [array_io.c:67]   --->   Operation 68 'trunc' 'trunc_ln67_6' <Predicate = true> <Delay = 0.00>
ST_4 : Operation 69 [1/1] (1.12ns)   --->   "%add_ln69_6 = add i16 %d_i_0_load_3, i16 %trunc_ln67_6" [array_io.c:69]   --->   Operation 69 'add' 'add_ln69_6' <Predicate = true> <Delay = 1.12> <CoreInst = "Adder">   --->   Core 1 'Adder' <Latency = 0> <II = 1> <Delay = 1.12> <FuncUnit> <Opcode : 'add' 'sub'> <InPorts = 2> <OutPorts = 1>
ST_4 : Operation 70 [1/1] (1.46ns)   --->   "%write_ln69 = write void @_ssdm_op_Write.ap_fifo.volatile.i16P0A, i16 %d_o_2, i16 %add_ln69_6" [array_io.c:69]   --->   Operation 70 'write' 'write_ln69' <Predicate = true> <Delay = 1.46> <CoreInst = "FIFO">   --->   Core 78 'FIFO' <Latency = 0> <II = 1> <Delay = 1.72> <Storage> <Opcode : 'read' 'write' 'nbread' 'nbwrite'> <Ports = 0> <Width = -1> <Depth = -1> <FIFO>
ST_4 : Operation 71 [1/1] (0.00ns)   --->   "%acc_7_load = load i32 %acc_7" [array_io.c:67]   --->   Operation 71 'load' 'acc_7_load' <Predicate = true> <Delay = 0.00>
ST_4 : Operation 72 [1/1] (0.00ns)   --->   "%trunc_ln67_7 = trunc i32 %acc_7_load" [array_io.c:67]   --->   Operation 72 'trunc' 'trunc_ln67_7' <Predicate = true> <Delay = 0.00>
ST_4 : Operation 73 [1/1] (1.12ns)   --->   "%add_ln69_7 = add i16 %d_i_1_load_3, i16 %trunc_ln67_7" [array_io.c:69]   --->   Operation 73 'add' 'add_ln69_7' <Predicate = true> <Delay = 1.12> <CoreInst = "Adder">   --->   Core 1 'Adder' <Latency = 0> <II = 1> <Delay = 1.12> <FuncUnit> <Opcode : 'add' 'sub'> <InPorts = 2> <OutPorts = 1>
ST_4 : Operation 74 [1/1] (1.46ns)   --->   "%write_ln69 = write void @_ssdm_op_Write.ap_fifo.volatile.i16P0A, i16 %d_o_3, i16 %add_ln69_7" [array_io.c:69]   --->   Operation 74 'write' 'write_ln69' <Predicate = true> <Delay = 1.46> <CoreInst = "FIFO">   --->   Core 78 'FIFO' <Latency = 0> <II = 1> <Delay = 1.72> <Storage> <Opcode : 'read' 'write' 'nbread' 'nbwrite'> <Ports = 0> <Width = -1> <Depth = -1> <FIFO>
ST_4 : Operation 75 [1/2] (0.73ns)   --->   "%d_i_0_load_4 = load i4 %d_i_0_addr_4" [array_io.c:67]   --->   Operation 75 'load' 'd_i_0_load_4' <Predicate = true> <Delay = 0.73> <CoreInst = "RAM">   --->   Core 83 'RAM' <Latency = 1> <II = 1> <Delay = 0.73> <Storage> <Opcode : 'load' 'store'> <Ports = 2> <Width = 16> <Depth = 16> <RAM>
ST_4 : Operation 76 [1/2] (0.73ns)   --->   "%d_i_1_load_4 = load i4 %d_i_1_addr_4" [array_io.c:67]   --->   Operation 76 'load' 'd_i_1_load_4' <Predicate = true> <Delay = 0.73> <CoreInst = "RAM">   --->   Core 83 'RAM' <Latency = 1> <II = 1> <Delay = 0.73> <Storage> <Opcode : 'load' 'store'> <Ports = 2> <Width = 16> <Depth = 16> <RAM>
ST_4 : Operation 77 [1/2] (0.73ns)   --->   "%d_i_0_load_5 = load i4 %d_i_0_addr_5" [array_io.c:67]   --->   Operation 77 'load' 'd_i_0_load_5' <Predicate = true> <Delay = 0.73> <CoreInst = "RAM">   --->   Core 83 'RAM' <Latency = 1> <II = 1> <Delay = 0.73> <Storage> <Opcode : 'load' 'store'> <Ports = 2> <Width = 16> <Depth = 16> <RAM>
ST_4 : Operation 78 [1/2] (0.73ns)   --->   "%d_i_1_load_5 = load i4 %d_i_1_addr_5" [array_io.c:67]   --->   Operation 78 'load' 'd_i_1_load_5' <Predicate = true> <Delay = 0.73> <CoreInst = "RAM">   --->   Core 83 'RAM' <Latency = 1> <II = 1> <Delay = 0.73> <Storage> <Opcode : 'load' 'store'> <Ports = 2> <Width = 16> <Depth = 16> <RAM>
ST_4 : Operation 79 [1/1] (0.00ns)   --->   "%d_i_0_addr_6 = getelementptr i16 %d_i_0, i64 0, i64 6" [array_io.c:67]   --->   Operation 79 'getelementptr' 'd_i_0_addr_6' <Predicate = true> <Delay = 0.00>
ST_4 : Operation 80 [2/2] (0.73ns)   --->   "%d_i_0_load_6 = load i4 %d_i_0_addr_6" [array_io.c:67]   --->   Operation 80 'load' 'd_i_0_load_6' <Predicate = true> <Delay = 0.73> <CoreInst = "RAM">   --->   Core 83 'RAM' <Latency = 1> <II = 1> <Delay = 0.73> <Storage> <Opcode : 'load' 'store'> <Ports = 2> <Width = 16> <Depth = 16> <RAM>
ST_4 : Operation 81 [1/1] (0.00ns)   --->   "%d_i_1_addr_6 = getelementptr i16 %d_i_1, i64 0, i64 6" [array_io.c:67]   --->   Operation 81 'getelementptr' 'd_i_1_addr_6' <Predicate = true> <Delay = 0.00>
ST_4 : Operation 82 [2/2] (0.73ns)   --->   "%d_i_1_load_6 = load i4 %d_i_1_addr_6" [array_io.c:67]   --->   Operation 82 'load' 'd_i_1_load_6' <Predicate = true> <Delay = 0.73> <CoreInst = "RAM">   --->   Core 83 'RAM' <Latency = 1> <II = 1> <Delay = 0.73> <Storage> <Opcode : 'load' 'store'> <Ports = 2> <Width = 16> <Depth = 16> <RAM>
ST_4 : Operation 83 [1/1] (0.00ns)   --->   "%d_i_0_addr_7 = getelementptr i16 %d_i_0, i64 0, i64 7" [array_io.c:67]   --->   Operation 83 'getelementptr' 'd_i_0_addr_7' <Predicate = true> <Delay = 0.00>
ST_4 : Operation 84 [2/2] (0.73ns)   --->   "%d_i_0_load_7 = load i4 %d_i_0_addr_7" [array_io.c:67]   --->   Operation 84 'load' 'd_i_0_load_7' <Predicate = true> <Delay = 0.73> <CoreInst = "RAM">   --->   Core 83 'RAM' <Latency = 1> <II = 1> <Delay = 0.73> <Storage> <Opcode : 'load' 'store'> <Ports = 2> <Width = 16> <Depth = 16> <RAM>
ST_4 : Operation 85 [1/1] (0.00ns)   --->   "%d_i_1_addr_7 = getelementptr i16 %d_i_1, i64 0, i64 7" [array_io.c:67]   --->   Operation 85 'getelementptr' 'd_i_1_addr_7' <Predicate = true> <Delay = 0.00>
ST_4 : Operation 86 [2/2] (0.73ns)   --->   "%d_i_1_load_7 = load i4 %d_i_1_addr_7" [array_io.c:67]   --->   Operation 86 'load' 'd_i_1_load_7' <Predicate = true> <Delay = 0.73> <CoreInst = "RAM">   --->   Core 83 'RAM' <Latency = 1> <II = 1> <Delay = 0.73> <Storage> <Opcode : 'load' 'store'> <Ports = 2> <Width = 16> <Depth = 16> <RAM>

State 5 <SV = 4> <Delay = 2.58>
ST_5 : Operation 87 [1/1] (1.12ns)   --->   "%add_ln69_8 = add i16 %d_i_0_load_4, i16 %add_ln69" [array_io.c:69]   --->   Operation 87 'add' 'add_ln69_8' <Predicate = true> <Delay = 1.12> <CoreInst = "Adder">   --->   Core 1 'Adder' <Latency = 0> <II = 1> <Delay = 1.12> <FuncUnit> <Opcode : 'add' 'sub'> <InPorts = 2> <OutPorts = 1>
ST_5 : Operation 88 [1/1] (1.46ns)   --->   "%write_ln69 = write void @_ssdm_op_Write.ap_fifo.volatile.i16P0A, i16 %d_o_0, i16 %add_ln69_8" [array_io.c:69]   --->   Operation 88 'write' 'write_ln69' <Predicate = true> <Delay = 1.46> <CoreInst = "FIFO">   --->   Core 78 'FIFO' <Latency = 0> <II = 1> <Delay = 1.72> <Storage> <Opcode : 'read' 'write' 'nbread' 'nbwrite'> <Ports = 0> <Width = -1> <Depth = -1> <FIFO>
ST_5 : Operation 89 [1/1] (1.12ns)   --->   "%add_ln69_9 = add i16 %d_i_1_load_4, i16 %add_ln69_1" [array_io.c:69]   --->   Operation 89 'add' 'add_ln69_9' <Predicate = true> <Delay = 1.12> <CoreInst = "Adder">   --->   Core 1 'Adder' <Latency = 0> <II = 1> <Delay = 1.12> <FuncUnit> <Opcode : 'add' 'sub'> <InPorts = 2> <OutPorts = 1>
ST_5 : Operation 90 [1/1] (1.46ns)   --->   "%write_ln69 = write void @_ssdm_op_Write.ap_fifo.volatile.i16P0A, i16 %d_o_1, i16 %add_ln69_9" [array_io.c:69]   --->   Operation 90 'write' 'write_ln69' <Predicate = true> <Delay = 1.46> <CoreInst = "FIFO">   --->   Core 78 'FIFO' <Latency = 0> <II = 1> <Delay = 1.72> <Storage> <Opcode : 'read' 'write' 'nbread' 'nbwrite'> <Ports = 0> <Width = -1> <Depth = -1> <FIFO>
ST_5 : Operation 91 [1/1] (1.12ns)   --->   "%add_ln69_10 = add i16 %d_i_0_load_5, i16 %add_ln69_2" [array_io.c:69]   --->   Operation 91 'add' 'add_ln69_10' <Predicate = true> <Delay = 1.12> <CoreInst = "Adder">   --->   Core 1 'Adder' <Latency = 0> <II = 1> <Delay = 1.12> <FuncUnit> <Opcode : 'add' 'sub'> <InPorts = 2> <OutPorts = 1>
ST_5 : Operation 92 [1/1] (1.46ns)   --->   "%write_ln69 = write void @_ssdm_op_Write.ap_fifo.volatile.i16P0A, i16 %d_o_2, i16 %add_ln69_10" [array_io.c:69]   --->   Operation 92 'write' 'write_ln69' <Predicate = true> <Delay = 1.46> <CoreInst = "FIFO">   --->   Core 78 'FIFO' <Latency = 0> <II = 1> <Delay = 1.72> <Storage> <Opcode : 'read' 'write' 'nbread' 'nbwrite'> <Ports = 0> <Width = -1> <Depth = -1> <FIFO>
ST_5 : Operation 93 [1/1] (1.12ns)   --->   "%add_ln69_11 = add i16 %d_i_1_load_5, i16 %add_ln69_3" [array_io.c:69]   --->   Operation 93 'add' 'add_ln69_11' <Predicate = true> <Delay = 1.12> <CoreInst = "Adder">   --->   Core 1 'Adder' <Latency = 0> <II = 1> <Delay = 1.12> <FuncUnit> <Opcode : 'add' 'sub'> <InPorts = 2> <OutPorts = 1>
ST_5 : Operation 94 [1/1] (1.46ns)   --->   "%write_ln69 = write void @_ssdm_op_Write.ap_fifo.volatile.i16P0A, i16 %d_o_3, i16 %add_ln69_11" [array_io.c:69]   --->   Operation 94 'write' 'write_ln69' <Predicate = true> <Delay = 1.46> <CoreInst = "FIFO">   --->   Core 78 'FIFO' <Latency = 0> <II = 1> <Delay = 1.72> <Storage> <Opcode : 'read' 'write' 'nbread' 'nbwrite'> <Ports = 0> <Width = -1> <Depth = -1> <FIFO>
ST_5 : Operation 95 [1/2] (0.73ns)   --->   "%d_i_0_load_6 = load i4 %d_i_0_addr_6" [array_io.c:67]   --->   Operation 95 'load' 'd_i_0_load_6' <Predicate = true> <Delay = 0.73> <CoreInst = "RAM">   --->   Core 83 'RAM' <Latency = 1> <II = 1> <Delay = 0.73> <Storage> <Opcode : 'load' 'store'> <Ports = 2> <Width = 16> <Depth = 16> <RAM>
ST_5 : Operation 96 [1/2] (0.73ns)   --->   "%d_i_1_load_6 = load i4 %d_i_1_addr_6" [array_io.c:67]   --->   Operation 96 'load' 'd_i_1_load_6' <Predicate = true> <Delay = 0.73> <CoreInst = "RAM">   --->   Core 83 'RAM' <Latency = 1> <II = 1> <Delay = 0.73> <Storage> <Opcode : 'load' 'store'> <Ports = 2> <Width = 16> <Depth = 16> <RAM>
ST_5 : Operation 97 [1/2] (0.73ns)   --->   "%d_i_0_load_7 = load i4 %d_i_0_addr_7" [array_io.c:67]   --->   Operation 97 'load' 'd_i_0_load_7' <Predicate = true> <Delay = 0.73> <CoreInst = "RAM">   --->   Core 83 'RAM' <Latency = 1> <II = 1> <Delay = 0.73> <Storage> <Opcode : 'load' 'store'> <Ports = 2> <Width = 16> <Depth = 16> <RAM>
ST_5 : Operation 98 [1/2] (0.73ns)   --->   "%d_i_1_load_7 = load i4 %d_i_1_addr_7" [array_io.c:67]   --->   Operation 98 'load' 'd_i_1_load_7' <Predicate = true> <Delay = 0.73> <CoreInst = "RAM">   --->   Core 83 'RAM' <Latency = 1> <II = 1> <Delay = 0.73> <Storage> <Opcode : 'load' 'store'> <Ports = 2> <Width = 16> <Depth = 16> <RAM>
ST_5 : Operation 99 [1/1] (0.00ns)   --->   "%d_i_0_addr_8 = getelementptr i16 %d_i_0, i64 0, i64 8" [array_io.c:67]   --->   Operation 99 'getelementptr' 'd_i_0_addr_8' <Predicate = true> <Delay = 0.00>
ST_5 : Operation 100 [2/2] (0.73ns)   --->   "%d_i_0_load_8 = load i4 %d_i_0_addr_8" [array_io.c:67]   --->   Operation 100 'load' 'd_i_0_load_8' <Predicate = true> <Delay = 0.73> <CoreInst = "RAM">   --->   Core 83 'RAM' <Latency = 1> <II = 1> <Delay = 0.73> <Storage> <Opcode : 'load' 'store'> <Ports = 2> <Width = 16> <Depth = 16> <RAM>
ST_5 : Operation 101 [1/1] (0.00ns)   --->   "%d_i_1_addr_8 = getelementptr i16 %d_i_1, i64 0, i64 8" [array_io.c:67]   --->   Operation 101 'getelementptr' 'd_i_1_addr_8' <Predicate = true> <Delay = 0.00>
ST_5 : Operation 102 [2/2] (0.73ns)   --->   "%d_i_1_load_8 = load i4 %d_i_1_addr_8" [array_io.c:67]   --->   Operation 102 'load' 'd_i_1_load_8' <Predicate = true> <Delay = 0.73> <CoreInst = "RAM">   --->   Core 83 'RAM' <Latency = 1> <II = 1> <Delay = 0.73> <Storage> <Opcode : 'load' 'store'> <Ports = 2> <Width = 16> <Depth = 16> <RAM>
ST_5 : Operation 103 [1/1] (0.00ns)   --->   "%d_i_0_addr_9 = getelementptr i16 %d_i_0, i64 0, i64 9" [array_io.c:67]   --->   Operation 103 'getelementptr' 'd_i_0_addr_9' <Predicate = true> <Delay = 0.00>
ST_5 : Operation 104 [2/2] (0.73ns)   --->   "%d_i_0_load_9 = load i4 %d_i_0_addr_9" [array_io.c:67]   --->   Operation 104 'load' 'd_i_0_load_9' <Predicate = true> <Delay = 0.73> <CoreInst = "RAM">   --->   Core 83 'RAM' <Latency = 1> <II = 1> <Delay = 0.73> <Storage> <Opcode : 'load' 'store'> <Ports = 2> <Width = 16> <Depth = 16> <RAM>
ST_5 : Operation 105 [1/1] (0.00ns)   --->   "%d_i_1_addr_9 = getelementptr i16 %d_i_1, i64 0, i64 9" [array_io.c:67]   --->   Operation 105 'getelementptr' 'd_i_1_addr_9' <Predicate = true> <Delay = 0.00>
ST_5 : Operation 106 [2/2] (0.73ns)   --->   "%d_i_1_load_9 = load i4 %d_i_1_addr_9" [array_io.c:67]   --->   Operation 106 'load' 'd_i_1_load_9' <Predicate = true> <Delay = 0.73> <CoreInst = "RAM">   --->   Core 83 'RAM' <Latency = 1> <II = 1> <Delay = 0.73> <Storage> <Opcode : 'load' 'store'> <Ports = 2> <Width = 16> <Depth = 16> <RAM>

State 6 <SV = 5> <Delay = 2.58>
ST_6 : Operation 107 [1/1] (1.12ns)   --->   "%add_ln69_12 = add i16 %d_i_0_load_6, i16 %add_ln69_4" [array_io.c:69]   --->   Operation 107 'add' 'add_ln69_12' <Predicate = true> <Delay = 1.12> <CoreInst = "Adder">   --->   Core 1 'Adder' <Latency = 0> <II = 1> <Delay = 1.12> <FuncUnit> <Opcode : 'add' 'sub'> <InPorts = 2> <OutPorts = 1>
ST_6 : Operation 108 [1/1] (1.46ns)   --->   "%write_ln69 = write void @_ssdm_op_Write.ap_fifo.volatile.i16P0A, i16 %d_o_0, i16 %add_ln69_12" [array_io.c:69]   --->   Operation 108 'write' 'write_ln69' <Predicate = true> <Delay = 1.46> <CoreInst = "FIFO">   --->   Core 78 'FIFO' <Latency = 0> <II = 1> <Delay = 1.72> <Storage> <Opcode : 'read' 'write' 'nbread' 'nbwrite'> <Ports = 0> <Width = -1> <Depth = -1> <FIFO>
ST_6 : Operation 109 [1/1] (1.12ns)   --->   "%add_ln69_13 = add i16 %d_i_1_load_6, i16 %add_ln69_5" [array_io.c:69]   --->   Operation 109 'add' 'add_ln69_13' <Predicate = true> <Delay = 1.12> <CoreInst = "Adder">   --->   Core 1 'Adder' <Latency = 0> <II = 1> <Delay = 1.12> <FuncUnit> <Opcode : 'add' 'sub'> <InPorts = 2> <OutPorts = 1>
ST_6 : Operation 110 [1/1] (1.46ns)   --->   "%write_ln69 = write void @_ssdm_op_Write.ap_fifo.volatile.i16P0A, i16 %d_o_1, i16 %add_ln69_13" [array_io.c:69]   --->   Operation 110 'write' 'write_ln69' <Predicate = true> <Delay = 1.46> <CoreInst = "FIFO">   --->   Core 78 'FIFO' <Latency = 0> <II = 1> <Delay = 1.72> <Storage> <Opcode : 'read' 'write' 'nbread' 'nbwrite'> <Ports = 0> <Width = -1> <Depth = -1> <FIFO>
ST_6 : Operation 111 [1/1] (1.12ns)   --->   "%add_ln69_14 = add i16 %d_i_0_load_7, i16 %add_ln69_6" [array_io.c:69]   --->   Operation 111 'add' 'add_ln69_14' <Predicate = true> <Delay = 1.12> <CoreInst = "Adder">   --->   Core 1 'Adder' <Latency = 0> <II = 1> <Delay = 1.12> <FuncUnit> <Opcode : 'add' 'sub'> <InPorts = 2> <OutPorts = 1>
ST_6 : Operation 112 [1/1] (1.46ns)   --->   "%write_ln69 = write void @_ssdm_op_Write.ap_fifo.volatile.i16P0A, i16 %d_o_2, i16 %add_ln69_14" [array_io.c:69]   --->   Operation 112 'write' 'write_ln69' <Predicate = true> <Delay = 1.46> <CoreInst = "FIFO">   --->   Core 78 'FIFO' <Latency = 0> <II = 1> <Delay = 1.72> <Storage> <Opcode : 'read' 'write' 'nbread' 'nbwrite'> <Ports = 0> <Width = -1> <Depth = -1> <FIFO>
ST_6 : Operation 113 [1/1] (1.12ns)   --->   "%add_ln69_15 = add i16 %d_i_1_load_7, i16 %add_ln69_7" [array_io.c:69]   --->   Operation 113 'add' 'add_ln69_15' <Predicate = true> <Delay = 1.12> <CoreInst = "Adder">   --->   Core 1 'Adder' <Latency = 0> <II = 1> <Delay = 1.12> <FuncUnit> <Opcode : 'add' 'sub'> <InPorts = 2> <OutPorts = 1>
ST_6 : Operation 114 [1/1] (1.46ns)   --->   "%write_ln69 = write void @_ssdm_op_Write.ap_fifo.volatile.i16P0A, i16 %d_o_3, i16 %add_ln69_15" [array_io.c:69]   --->   Operation 114 'write' 'write_ln69' <Predicate = true> <Delay = 1.46> <CoreInst = "FIFO">   --->   Core 78 'FIFO' <Latency = 0> <II = 1> <Delay = 1.72> <Storage> <Opcode : 'read' 'write' 'nbread' 'nbwrite'> <Ports = 0> <Width = -1> <Depth = -1> <FIFO>
ST_6 : Operation 115 [1/2] (0.73ns)   --->   "%d_i_0_load_8 = load i4 %d_i_0_addr_8" [array_io.c:67]   --->   Operation 115 'load' 'd_i_0_load_8' <Predicate = true> <Delay = 0.73> <CoreInst = "RAM">   --->   Core 83 'RAM' <Latency = 1> <II = 1> <Delay = 0.73> <Storage> <Opcode : 'load' 'store'> <Ports = 2> <Width = 16> <Depth = 16> <RAM>
ST_6 : Operation 116 [1/2] (0.73ns)   --->   "%d_i_1_load_8 = load i4 %d_i_1_addr_8" [array_io.c:67]   --->   Operation 116 'load' 'd_i_1_load_8' <Predicate = true> <Delay = 0.73> <CoreInst = "RAM">   --->   Core 83 'RAM' <Latency = 1> <II = 1> <Delay = 0.73> <Storage> <Opcode : 'load' 'store'> <Ports = 2> <Width = 16> <Depth = 16> <RAM>
ST_6 : Operation 117 [1/2] (0.73ns)   --->   "%d_i_0_load_9 = load i4 %d_i_0_addr_9" [array_io.c:67]   --->   Operation 117 'load' 'd_i_0_load_9' <Predicate = true> <Delay = 0.73> <CoreInst = "RAM">   --->   Core 83 'RAM' <Latency = 1> <II = 1> <Delay = 0.73> <Storage> <Opcode : 'load' 'store'> <Ports = 2> <Width = 16> <Depth = 16> <RAM>
ST_6 : Operation 118 [1/2] (0.73ns)   --->   "%d_i_1_load_9 = load i4 %d_i_1_addr_9" [array_io.c:67]   --->   Operation 118 'load' 'd_i_1_load_9' <Predicate = true> <Delay = 0.73> <CoreInst = "RAM">   --->   Core 83 'RAM' <Latency = 1> <II = 1> <Delay = 0.73> <Storage> <Opcode : 'load' 'store'> <Ports = 2> <Width = 16> <Depth = 16> <RAM>
ST_6 : Operation 119 [1/1] (0.00ns)   --->   "%d_i_0_addr_10 = getelementptr i16 %d_i_0, i64 0, i64 10" [array_io.c:67]   --->   Operation 119 'getelementptr' 'd_i_0_addr_10' <Predicate = true> <Delay = 0.00>
ST_6 : Operation 120 [2/2] (0.73ns)   --->   "%d_i_0_load_10 = load i4 %d_i_0_addr_10" [array_io.c:67]   --->   Operation 120 'load' 'd_i_0_load_10' <Predicate = true> <Delay = 0.73> <CoreInst = "RAM">   --->   Core 83 'RAM' <Latency = 1> <II = 1> <Delay = 0.73> <Storage> <Opcode : 'load' 'store'> <Ports = 2> <Width = 16> <Depth = 16> <RAM>
ST_6 : Operation 121 [1/1] (0.00ns)   --->   "%d_i_1_addr_10 = getelementptr i16 %d_i_1, i64 0, i64 10" [array_io.c:67]   --->   Operation 121 'getelementptr' 'd_i_1_addr_10' <Predicate = true> <Delay = 0.00>
ST_6 : Operation 122 [2/2] (0.73ns)   --->   "%d_i_1_load_10 = load i4 %d_i_1_addr_10" [array_io.c:67]   --->   Operation 122 'load' 'd_i_1_load_10' <Predicate = true> <Delay = 0.73> <CoreInst = "RAM">   --->   Core 83 'RAM' <Latency = 1> <II = 1> <Delay = 0.73> <Storage> <Opcode : 'load' 'store'> <Ports = 2> <Width = 16> <Depth = 16> <RAM>
ST_6 : Operation 123 [1/1] (0.00ns)   --->   "%d_i_0_addr_11 = getelementptr i16 %d_i_0, i64 0, i64 11" [array_io.c:67]   --->   Operation 123 'getelementptr' 'd_i_0_addr_11' <Predicate = true> <Delay = 0.00>
ST_6 : Operation 124 [2/2] (0.73ns)   --->   "%d_i_0_load_11 = load i4 %d_i_0_addr_11" [array_io.c:67]   --->   Operation 124 'load' 'd_i_0_load_11' <Predicate = true> <Delay = 0.73> <CoreInst = "RAM">   --->   Core 83 'RAM' <Latency = 1> <II = 1> <Delay = 0.73> <Storage> <Opcode : 'load' 'store'> <Ports = 2> <Width = 16> <Depth = 16> <RAM>
ST_6 : Operation 125 [1/1] (0.00ns)   --->   "%d_i_1_addr_11 = getelementptr i16 %d_i_1, i64 0, i64 11" [array_io.c:67]   --->   Operation 125 'getelementptr' 'd_i_1_addr_11' <Predicate = true> <Delay = 0.00>
ST_6 : Operation 126 [2/2] (0.73ns)   --->   "%d_i_1_load_11 = load i4 %d_i_1_addr_11" [array_io.c:67]   --->   Operation 126 'load' 'd_i_1_load_11' <Predicate = true> <Delay = 0.73> <CoreInst = "RAM">   --->   Core 83 'RAM' <Latency = 1> <II = 1> <Delay = 0.73> <Storage> <Opcode : 'load' 'store'> <Ports = 2> <Width = 16> <Depth = 16> <RAM>

State 7 <SV = 6> <Delay = 2.58>
ST_7 : Operation 127 [1/1] (1.12ns)   --->   "%add_ln69_16 = add i16 %d_i_0_load_8, i16 %add_ln69_8" [array_io.c:69]   --->   Operation 127 'add' 'add_ln69_16' <Predicate = true> <Delay = 1.12> <CoreInst = "Adder">   --->   Core 1 'Adder' <Latency = 0> <II = 1> <Delay = 1.12> <FuncUnit> <Opcode : 'add' 'sub'> <InPorts = 2> <OutPorts = 1>
ST_7 : Operation 128 [1/1] (1.46ns)   --->   "%write_ln69 = write void @_ssdm_op_Write.ap_fifo.volatile.i16P0A, i16 %d_o_0, i16 %add_ln69_16" [array_io.c:69]   --->   Operation 128 'write' 'write_ln69' <Predicate = true> <Delay = 1.46> <CoreInst = "FIFO">   --->   Core 78 'FIFO' <Latency = 0> <II = 1> <Delay = 1.72> <Storage> <Opcode : 'read' 'write' 'nbread' 'nbwrite'> <Ports = 0> <Width = -1> <Depth = -1> <FIFO>
ST_7 : Operation 129 [1/1] (1.12ns)   --->   "%add_ln69_17 = add i16 %d_i_1_load_8, i16 %add_ln69_9" [array_io.c:69]   --->   Operation 129 'add' 'add_ln69_17' <Predicate = true> <Delay = 1.12> <CoreInst = "Adder">   --->   Core 1 'Adder' <Latency = 0> <II = 1> <Delay = 1.12> <FuncUnit> <Opcode : 'add' 'sub'> <InPorts = 2> <OutPorts = 1>
ST_7 : Operation 130 [1/1] (1.46ns)   --->   "%write_ln69 = write void @_ssdm_op_Write.ap_fifo.volatile.i16P0A, i16 %d_o_1, i16 %add_ln69_17" [array_io.c:69]   --->   Operation 130 'write' 'write_ln69' <Predicate = true> <Delay = 1.46> <CoreInst = "FIFO">   --->   Core 78 'FIFO' <Latency = 0> <II = 1> <Delay = 1.72> <Storage> <Opcode : 'read' 'write' 'nbread' 'nbwrite'> <Ports = 0> <Width = -1> <Depth = -1> <FIFO>
ST_7 : Operation 131 [1/1] (1.12ns)   --->   "%add_ln69_18 = add i16 %d_i_0_load_9, i16 %add_ln69_10" [array_io.c:69]   --->   Operation 131 'add' 'add_ln69_18' <Predicate = true> <Delay = 1.12> <CoreInst = "Adder">   --->   Core 1 'Adder' <Latency = 0> <II = 1> <Delay = 1.12> <FuncUnit> <Opcode : 'add' 'sub'> <InPorts = 2> <OutPorts = 1>
ST_7 : Operation 132 [1/1] (1.46ns)   --->   "%write_ln69 = write void @_ssdm_op_Write.ap_fifo.volatile.i16P0A, i16 %d_o_2, i16 %add_ln69_18" [array_io.c:69]   --->   Operation 132 'write' 'write_ln69' <Predicate = true> <Delay = 1.46> <CoreInst = "FIFO">   --->   Core 78 'FIFO' <Latency = 0> <II = 1> <Delay = 1.72> <Storage> <Opcode : 'read' 'write' 'nbread' 'nbwrite'> <Ports = 0> <Width = -1> <Depth = -1> <FIFO>
ST_7 : Operation 133 [1/1] (1.12ns)   --->   "%add_ln69_19 = add i16 %d_i_1_load_9, i16 %add_ln69_11" [array_io.c:69]   --->   Operation 133 'add' 'add_ln69_19' <Predicate = true> <Delay = 1.12> <CoreInst = "Adder">   --->   Core 1 'Adder' <Latency = 0> <II = 1> <Delay = 1.12> <FuncUnit> <Opcode : 'add' 'sub'> <InPorts = 2> <OutPorts = 1>
ST_7 : Operation 134 [1/1] (1.46ns)   --->   "%write_ln69 = write void @_ssdm_op_Write.ap_fifo.volatile.i16P0A, i16 %d_o_3, i16 %add_ln69_19" [array_io.c:69]   --->   Operation 134 'write' 'write_ln69' <Predicate = true> <Delay = 1.46> <CoreInst = "FIFO">   --->   Core 78 'FIFO' <Latency = 0> <II = 1> <Delay = 1.72> <Storage> <Opcode : 'read' 'write' 'nbread' 'nbwrite'> <Ports = 0> <Width = -1> <Depth = -1> <FIFO>
ST_7 : Operation 135 [1/2] (0.73ns)   --->   "%d_i_0_load_10 = load i4 %d_i_0_addr_10" [array_io.c:67]   --->   Operation 135 'load' 'd_i_0_load_10' <Predicate = true> <Delay = 0.73> <CoreInst = "RAM">   --->   Core 83 'RAM' <Latency = 1> <II = 1> <Delay = 0.73> <Storage> <Opcode : 'load' 'store'> <Ports = 2> <Width = 16> <Depth = 16> <RAM>
ST_7 : Operation 136 [1/2] (0.73ns)   --->   "%d_i_1_load_10 = load i4 %d_i_1_addr_10" [array_io.c:67]   --->   Operation 136 'load' 'd_i_1_load_10' <Predicate = true> <Delay = 0.73> <CoreInst = "RAM">   --->   Core 83 'RAM' <Latency = 1> <II = 1> <Delay = 0.73> <Storage> <Opcode : 'load' 'store'> <Ports = 2> <Width = 16> <Depth = 16> <RAM>
ST_7 : Operation 137 [1/2] (0.73ns)   --->   "%d_i_0_load_11 = load i4 %d_i_0_addr_11" [array_io.c:67]   --->   Operation 137 'load' 'd_i_0_load_11' <Predicate = true> <Delay = 0.73> <CoreInst = "RAM">   --->   Core 83 'RAM' <Latency = 1> <II = 1> <Delay = 0.73> <Storage> <Opcode : 'load' 'store'> <Ports = 2> <Width = 16> <Depth = 16> <RAM>
ST_7 : Operation 138 [1/2] (0.73ns)   --->   "%d_i_1_load_11 = load i4 %d_i_1_addr_11" [array_io.c:67]   --->   Operation 138 'load' 'd_i_1_load_11' <Predicate = true> <Delay = 0.73> <CoreInst = "RAM">   --->   Core 83 'RAM' <Latency = 1> <II = 1> <Delay = 0.73> <Storage> <Opcode : 'load' 'store'> <Ports = 2> <Width = 16> <Depth = 16> <RAM>
ST_7 : Operation 139 [1/1] (0.00ns)   --->   "%d_i_0_addr_12 = getelementptr i16 %d_i_0, i64 0, i64 12" [array_io.c:67]   --->   Operation 139 'getelementptr' 'd_i_0_addr_12' <Predicate = true> <Delay = 0.00>
ST_7 : Operation 140 [2/2] (0.73ns)   --->   "%d_i_0_load_12 = load i4 %d_i_0_addr_12" [array_io.c:67]   --->   Operation 140 'load' 'd_i_0_load_12' <Predicate = true> <Delay = 0.73> <CoreInst = "RAM">   --->   Core 83 'RAM' <Latency = 1> <II = 1> <Delay = 0.73> <Storage> <Opcode : 'load' 'store'> <Ports = 2> <Width = 16> <Depth = 16> <RAM>
ST_7 : Operation 141 [1/1] (0.00ns)   --->   "%d_i_1_addr_12 = getelementptr i16 %d_i_1, i64 0, i64 12" [array_io.c:67]   --->   Operation 141 'getelementptr' 'd_i_1_addr_12' <Predicate = true> <Delay = 0.00>
ST_7 : Operation 142 [2/2] (0.73ns)   --->   "%d_i_1_load_12 = load i4 %d_i_1_addr_12" [array_io.c:67]   --->   Operation 142 'load' 'd_i_1_load_12' <Predicate = true> <Delay = 0.73> <CoreInst = "RAM">   --->   Core 83 'RAM' <Latency = 1> <II = 1> <Delay = 0.73> <Storage> <Opcode : 'load' 'store'> <Ports = 2> <Width = 16> <Depth = 16> <RAM>
ST_7 : Operation 143 [1/1] (0.00ns)   --->   "%d_i_0_addr_13 = getelementptr i16 %d_i_0, i64 0, i64 13" [array_io.c:67]   --->   Operation 143 'getelementptr' 'd_i_0_addr_13' <Predicate = true> <Delay = 0.00>
ST_7 : Operation 144 [2/2] (0.73ns)   --->   "%d_i_0_load_13 = load i4 %d_i_0_addr_13" [array_io.c:67]   --->   Operation 144 'load' 'd_i_0_load_13' <Predicate = true> <Delay = 0.73> <CoreInst = "RAM">   --->   Core 83 'RAM' <Latency = 1> <II = 1> <Delay = 0.73> <Storage> <Opcode : 'load' 'store'> <Ports = 2> <Width = 16> <Depth = 16> <RAM>
ST_7 : Operation 145 [1/1] (0.00ns)   --->   "%d_i_1_addr_13 = getelementptr i16 %d_i_1, i64 0, i64 13" [array_io.c:67]   --->   Operation 145 'getelementptr' 'd_i_1_addr_13' <Predicate = true> <Delay = 0.00>
ST_7 : Operation 146 [2/2] (0.73ns)   --->   "%d_i_1_load_13 = load i4 %d_i_1_addr_13" [array_io.c:67]   --->   Operation 146 'load' 'd_i_1_load_13' <Predicate = true> <Delay = 0.73> <CoreInst = "RAM">   --->   Core 83 'RAM' <Latency = 1> <II = 1> <Delay = 0.73> <Storage> <Opcode : 'load' 'store'> <Ports = 2> <Width = 16> <Depth = 16> <RAM>

State 8 <SV = 7> <Delay = 2.58>
ST_8 : Operation 147 [1/1] (0.00ns)   --->   "%sext_ln69_8 = sext i16 %d_i_0_load_8" [array_io.c:69]   --->   Operation 147 'sext' 'sext_ln69_8' <Predicate = true> <Delay = 0.00>
ST_8 : Operation 148 [1/1] (0.00ns)   --->   "%sext_ln69_9 = sext i16 %d_i_1_load_8" [array_io.c:69]   --->   Operation 148 'sext' 'sext_ln69_9' <Predicate = true> <Delay = 0.00>
ST_8 : Operation 149 [1/1] (0.00ns)   --->   "%sext_ln69_10 = sext i16 %d_i_0_load_9" [array_io.c:69]   --->   Operation 149 'sext' 'sext_ln69_10' <Predicate = true> <Delay = 0.00>
ST_8 : Operation 150 [1/1] (0.00ns)   --->   "%sext_ln69_11 = sext i16 %d_i_1_load_9" [array_io.c:69]   --->   Operation 150 'sext' 'sext_ln69_11' <Predicate = true> <Delay = 0.00>
ST_8 : Operation 151 [1/1] (1.12ns)   --->   "%add_ln69_20 = add i16 %d_i_0_load_10, i16 %add_ln69_12" [array_io.c:69]   --->   Operation 151 'add' 'add_ln69_20' <Predicate = true> <Delay = 1.12> <CoreInst = "Adder">   --->   Core 1 'Adder' <Latency = 0> <II = 1> <Delay = 1.12> <FuncUnit> <Opcode : 'add' 'sub'> <InPorts = 2> <OutPorts = 1>
ST_8 : Operation 152 [1/1] (1.46ns)   --->   "%write_ln69 = write void @_ssdm_op_Write.ap_fifo.volatile.i16P0A, i16 %d_o_0, i16 %add_ln69_20" [array_io.c:69]   --->   Operation 152 'write' 'write_ln69' <Predicate = true> <Delay = 1.46> <CoreInst = "FIFO">   --->   Core 78 'FIFO' <Latency = 0> <II = 1> <Delay = 1.72> <Storage> <Opcode : 'read' 'write' 'nbread' 'nbwrite'> <Ports = 0> <Width = -1> <Depth = -1> <FIFO>
ST_8 : Operation 153 [1/1] (1.12ns)   --->   "%add_ln69_21 = add i16 %d_i_1_load_10, i16 %add_ln69_13" [array_io.c:69]   --->   Operation 153 'add' 'add_ln69_21' <Predicate = true> <Delay = 1.12> <CoreInst = "Adder">   --->   Core 1 'Adder' <Latency = 0> <II = 1> <Delay = 1.12> <FuncUnit> <Opcode : 'add' 'sub'> <InPorts = 2> <OutPorts = 1>
ST_8 : Operation 154 [1/1] (1.46ns)   --->   "%write_ln69 = write void @_ssdm_op_Write.ap_fifo.volatile.i16P0A, i16 %d_o_1, i16 %add_ln69_21" [array_io.c:69]   --->   Operation 154 'write' 'write_ln69' <Predicate = true> <Delay = 1.46> <CoreInst = "FIFO">   --->   Core 78 'FIFO' <Latency = 0> <II = 1> <Delay = 1.72> <Storage> <Opcode : 'read' 'write' 'nbread' 'nbwrite'> <Ports = 0> <Width = -1> <Depth = -1> <FIFO>
ST_8 : Operation 155 [1/1] (1.12ns)   --->   "%add_ln69_22 = add i16 %d_i_0_load_11, i16 %add_ln69_14" [array_io.c:69]   --->   Operation 155 'add' 'add_ln69_22' <Predicate = true> <Delay = 1.12> <CoreInst = "Adder">   --->   Core 1 'Adder' <Latency = 0> <II = 1> <Delay = 1.12> <FuncUnit> <Opcode : 'add' 'sub'> <InPorts = 2> <OutPorts = 1>
ST_8 : Operation 156 [1/1] (1.46ns)   --->   "%write_ln69 = write void @_ssdm_op_Write.ap_fifo.volatile.i16P0A, i16 %d_o_2, i16 %add_ln69_22" [array_io.c:69]   --->   Operation 156 'write' 'write_ln69' <Predicate = true> <Delay = 1.46> <CoreInst = "FIFO">   --->   Core 78 'FIFO' <Latency = 0> <II = 1> <Delay = 1.72> <Storage> <Opcode : 'read' 'write' 'nbread' 'nbwrite'> <Ports = 0> <Width = -1> <Depth = -1> <FIFO>
ST_8 : Operation 157 [1/1] (1.12ns)   --->   "%add_ln69_23 = add i16 %d_i_1_load_11, i16 %add_ln69_15" [array_io.c:69]   --->   Operation 157 'add' 'add_ln69_23' <Predicate = true> <Delay = 1.12> <CoreInst = "Adder">   --->   Core 1 'Adder' <Latency = 0> <II = 1> <Delay = 1.12> <FuncUnit> <Opcode : 'add' 'sub'> <InPorts = 2> <OutPorts = 1>
ST_8 : Operation 158 [1/1] (1.46ns)   --->   "%write_ln69 = write void @_ssdm_op_Write.ap_fifo.volatile.i16P0A, i16 %d_o_3, i16 %add_ln69_23" [array_io.c:69]   --->   Operation 158 'write' 'write_ln69' <Predicate = true> <Delay = 1.46> <CoreInst = "FIFO">   --->   Core 78 'FIFO' <Latency = 0> <II = 1> <Delay = 1.72> <Storage> <Opcode : 'read' 'write' 'nbread' 'nbwrite'> <Ports = 0> <Width = -1> <Depth = -1> <FIFO>
ST_8 : Operation 159 [1/2] (0.73ns)   --->   "%d_i_0_load_12 = load i4 %d_i_0_addr_12" [array_io.c:67]   --->   Operation 159 'load' 'd_i_0_load_12' <Predicate = true> <Delay = 0.73> <CoreInst = "RAM">   --->   Core 83 'RAM' <Latency = 1> <II = 1> <Delay = 0.73> <Storage> <Opcode : 'load' 'store'> <Ports = 2> <Width = 16> <Depth = 16> <RAM>
ST_8 : Operation 160 [1/1] (0.00ns)   --->   "%sext_ln67_8 = sext i16 %d_i_0_load_12" [array_io.c:67]   --->   Operation 160 'sext' 'sext_ln67_8' <Predicate = true> <Delay = 0.00>
ST_8 : Operation 161 [1/1] (1.12ns)   --->   "%add_ln67_1 = add i17 %sext_ln69_8, i17 %sext_ln67_8" [array_io.c:67]   --->   Operation 161 'add' 'add_ln67_1' <Predicate = true> <Delay = 1.12> <CoreInst = "Adder">   --->   Core 1 'Adder' <Latency = 0> <II = 1> <Delay = 1.12> <FuncUnit> <Opcode : 'add' 'sub'> <InPorts = 2> <OutPorts = 1>
ST_8 : Operation 162 [1/1] (1.12ns)   --->   "%add_ln69_24 = add i16 %d_i_0_load_12, i16 %add_ln69_16" [array_io.c:69]   --->   Operation 162 'add' 'add_ln69_24' <Predicate = true> <Delay = 1.12> <CoreInst = "Adder">   --->   Core 1 'Adder' <Latency = 0> <II = 1> <Delay = 1.12> <FuncUnit> <Opcode : 'add' 'sub'> <InPorts = 2> <OutPorts = 1>
ST_8 : Operation 163 [1/2] (0.73ns)   --->   "%d_i_1_load_12 = load i4 %d_i_1_addr_12" [array_io.c:67]   --->   Operation 163 'load' 'd_i_1_load_12' <Predicate = true> <Delay = 0.73> <CoreInst = "RAM">   --->   Core 83 'RAM' <Latency = 1> <II = 1> <Delay = 0.73> <Storage> <Opcode : 'load' 'store'> <Ports = 2> <Width = 16> <Depth = 16> <RAM>
ST_8 : Operation 164 [1/1] (0.00ns)   --->   "%sext_ln67_11 = sext i16 %d_i_1_load_12" [array_io.c:67]   --->   Operation 164 'sext' 'sext_ln67_11' <Predicate = true> <Delay = 0.00>
ST_8 : Operation 165 [1/1] (1.12ns)   --->   "%add_ln67_5 = add i17 %sext_ln69_9, i17 %sext_ln67_11" [array_io.c:67]   --->   Operation 165 'add' 'add_ln67_5' <Predicate = true> <Delay = 1.12> <CoreInst = "Adder">   --->   Core 1 'Adder' <Latency = 0> <II = 1> <Delay = 1.12> <FuncUnit> <Opcode : 'add' 'sub'> <InPorts = 2> <OutPorts = 1>
ST_8 : Operation 166 [1/1] (1.12ns)   --->   "%add_ln69_25 = add i16 %d_i_1_load_12, i16 %add_ln69_17" [array_io.c:69]   --->   Operation 166 'add' 'add_ln69_25' <Predicate = true> <Delay = 1.12> <CoreInst = "Adder">   --->   Core 1 'Adder' <Latency = 0> <II = 1> <Delay = 1.12> <FuncUnit> <Opcode : 'add' 'sub'> <InPorts = 2> <OutPorts = 1>
ST_8 : Operation 167 [1/2] (0.73ns)   --->   "%d_i_0_load_13 = load i4 %d_i_0_addr_13" [array_io.c:67]   --->   Operation 167 'load' 'd_i_0_load_13' <Predicate = true> <Delay = 0.73> <CoreInst = "RAM">   --->   Core 83 'RAM' <Latency = 1> <II = 1> <Delay = 0.73> <Storage> <Opcode : 'load' 'store'> <Ports = 2> <Width = 16> <Depth = 16> <RAM>
ST_8 : Operation 168 [1/1] (0.00ns)   --->   "%sext_ln67_14 = sext i16 %d_i_0_load_13" [array_io.c:67]   --->   Operation 168 'sext' 'sext_ln67_14' <Predicate = true> <Delay = 0.00>
ST_8 : Operation 169 [1/1] (1.12ns)   --->   "%add_ln67_9 = add i17 %sext_ln69_10, i17 %sext_ln67_14" [array_io.c:67]   --->   Operation 169 'add' 'add_ln67_9' <Predicate = true> <Delay = 1.12> <CoreInst = "Adder">   --->   Core 1 'Adder' <Latency = 0> <II = 1> <Delay = 1.12> <FuncUnit> <Opcode : 'add' 'sub'> <InPorts = 2> <OutPorts = 1>
ST_8 : Operation 170 [1/1] (1.12ns)   --->   "%add_ln69_26 = add i16 %d_i_0_load_13, i16 %add_ln69_18" [array_io.c:69]   --->   Operation 170 'add' 'add_ln69_26' <Predicate = true> <Delay = 1.12> <CoreInst = "Adder">   --->   Core 1 'Adder' <Latency = 0> <II = 1> <Delay = 1.12> <FuncUnit> <Opcode : 'add' 'sub'> <InPorts = 2> <OutPorts = 1>
ST_8 : Operation 171 [1/2] (0.73ns)   --->   "%d_i_1_load_13 = load i4 %d_i_1_addr_13" [array_io.c:67]   --->   Operation 171 'load' 'd_i_1_load_13' <Predicate = true> <Delay = 0.73> <CoreInst = "RAM">   --->   Core 83 'RAM' <Latency = 1> <II = 1> <Delay = 0.73> <Storage> <Opcode : 'load' 'store'> <Ports = 2> <Width = 16> <Depth = 16> <RAM>
ST_8 : Operation 172 [1/1] (0.00ns)   --->   "%sext_ln67_17 = sext i16 %d_i_1_load_13" [array_io.c:67]   --->   Operation 172 'sext' 'sext_ln67_17' <Predicate = true> <Delay = 0.00>
ST_8 : Operation 173 [1/1] (1.12ns)   --->   "%add_ln67_13 = add i17 %sext_ln69_11, i17 %sext_ln67_17" [array_io.c:67]   --->   Operation 173 'add' 'add_ln67_13' <Predicate = true> <Delay = 1.12> <CoreInst = "Adder">   --->   Core 1 'Adder' <Latency = 0> <II = 1> <Delay = 1.12> <FuncUnit> <Opcode : 'add' 'sub'> <InPorts = 2> <OutPorts = 1>
ST_8 : Operation 174 [1/1] (1.12ns)   --->   "%add_ln69_27 = add i16 %d_i_1_load_13, i16 %add_ln69_19" [array_io.c:69]   --->   Operation 174 'add' 'add_ln69_27' <Predicate = true> <Delay = 1.12> <CoreInst = "Adder">   --->   Core 1 'Adder' <Latency = 0> <II = 1> <Delay = 1.12> <FuncUnit> <Opcode : 'add' 'sub'> <InPorts = 2> <OutPorts = 1>
ST_8 : Operation 175 [1/1] (0.00ns)   --->   "%d_i_0_addr_14 = getelementptr i16 %d_i_0, i64 0, i64 14" [array_io.c:67]   --->   Operation 175 'getelementptr' 'd_i_0_addr_14' <Predicate = true> <Delay = 0.00>
ST_8 : Operation 176 [2/2] (0.73ns)   --->   "%d_i_0_load_14 = load i4 %d_i_0_addr_14" [array_io.c:67]   --->   Operation 176 'load' 'd_i_0_load_14' <Predicate = true> <Delay = 0.73> <CoreInst = "RAM">   --->   Core 83 'RAM' <Latency = 1> <II = 1> <Delay = 0.73> <Storage> <Opcode : 'load' 'store'> <Ports = 2> <Width = 16> <Depth = 16> <RAM>
ST_8 : Operation 177 [1/1] (0.00ns)   --->   "%d_i_1_addr_14 = getelementptr i16 %d_i_1, i64 0, i64 14" [array_io.c:67]   --->   Operation 177 'getelementptr' 'd_i_1_addr_14' <Predicate = true> <Delay = 0.00>
ST_8 : Operation 178 [2/2] (0.73ns)   --->   "%d_i_1_load_14 = load i4 %d_i_1_addr_14" [array_io.c:67]   --->   Operation 178 'load' 'd_i_1_load_14' <Predicate = true> <Delay = 0.73> <CoreInst = "RAM">   --->   Core 83 'RAM' <Latency = 1> <II = 1> <Delay = 0.73> <Storage> <Opcode : 'load' 'store'> <Ports = 2> <Width = 16> <Depth = 16> <RAM>
ST_8 : Operation 179 [1/1] (0.00ns)   --->   "%d_i_0_addr_15 = getelementptr i16 %d_i_0, i64 0, i64 15" [array_io.c:67]   --->   Operation 179 'getelementptr' 'd_i_0_addr_15' <Predicate = true> <Delay = 0.00>
ST_8 : Operation 180 [2/2] (0.73ns)   --->   "%d_i_0_load_15 = load i4 %d_i_0_addr_15" [array_io.c:67]   --->   Operation 180 'load' 'd_i_0_load_15' <Predicate = true> <Delay = 0.73> <CoreInst = "RAM">   --->   Core 83 'RAM' <Latency = 1> <II = 1> <Delay = 0.73> <Storage> <Opcode : 'load' 'store'> <Ports = 2> <Width = 16> <Depth = 16> <RAM>
ST_8 : Operation 181 [1/1] (0.00ns)   --->   "%d_i_1_addr_15 = getelementptr i16 %d_i_1, i64 0, i64 15" [array_io.c:67]   --->   Operation 181 'getelementptr' 'd_i_1_addr_15' <Predicate = true> <Delay = 0.00>
ST_8 : Operation 182 [2/2] (0.73ns)   --->   "%d_i_1_load_15 = load i4 %d_i_1_addr_15" [array_io.c:67]   --->   Operation 182 'load' 'd_i_1_load_15' <Predicate = true> <Delay = 0.73> <CoreInst = "RAM">   --->   Core 83 'RAM' <Latency = 1> <II = 1> <Delay = 0.73> <Storage> <Opcode : 'load' 'store'> <Ports = 2> <Width = 16> <Depth = 16> <RAM>

State 9 <SV = 8> <Delay = 2.02>
ST_9 : Operation 183 [1/1] (0.00ns)   --->   "%sext_ln67 = sext i16 %d_i_0_load" [array_io.c:67]   --->   Operation 183 'sext' 'sext_ln67' <Predicate = true> <Delay = 0.00>
ST_9 : Operation 184 [1/1] (0.00ns)   --->   "%sext_ln67_1 = sext i16 %d_i_1_load" [array_io.c:67]   --->   Operation 184 'sext' 'sext_ln67_1' <Predicate = true> <Delay = 0.00>
ST_9 : Operation 185 [1/1] (0.00ns)   --->   "%sext_ln67_2 = sext i16 %d_i_0_load_1" [array_io.c:67]   --->   Operation 185 'sext' 'sext_ln67_2' <Predicate = true> <Delay = 0.00>
ST_9 : Operation 186 [1/1] (0.00ns)   --->   "%sext_ln67_3 = sext i16 %d_i_1_load_1" [array_io.c:67]   --->   Operation 186 'sext' 'sext_ln67_3' <Predicate = true> <Delay = 0.00>
ST_9 : Operation 187 [1/1] (0.00ns)   --->   "%sext_ln69 = sext i16 %d_i_0_load_4" [array_io.c:69]   --->   Operation 187 'sext' 'sext_ln69' <Predicate = true> <Delay = 0.00>
ST_9 : Operation 188 [1/1] (0.00ns)   --->   "%sext_ln69_1 = sext i16 %d_i_1_load_4" [array_io.c:69]   --->   Operation 188 'sext' 'sext_ln69_1' <Predicate = true> <Delay = 0.00>
ST_9 : Operation 189 [1/1] (0.00ns)   --->   "%sext_ln69_2 = sext i16 %d_i_0_load_5" [array_io.c:69]   --->   Operation 189 'sext' 'sext_ln69_2' <Predicate = true> <Delay = 0.00>
ST_9 : Operation 190 [1/1] (0.00ns)   --->   "%sext_ln69_3 = sext i16 %d_i_1_load_5" [array_io.c:69]   --->   Operation 190 'sext' 'sext_ln69_3' <Predicate = true> <Delay = 0.00>
ST_9 : Operation 191 [1/1] (0.00ns)   --->   "%sext_ln69_12 = sext i16 %d_i_0_load_10" [array_io.c:69]   --->   Operation 191 'sext' 'sext_ln69_12' <Predicate = true> <Delay = 0.00>
ST_9 : Operation 192 [1/1] (0.00ns)   --->   "%sext_ln69_13 = sext i16 %d_i_1_load_10" [array_io.c:69]   --->   Operation 192 'sext' 'sext_ln69_13' <Predicate = true> <Delay = 0.00>
ST_9 : Operation 193 [1/1] (0.00ns)   --->   "%sext_ln69_14 = sext i16 %d_i_0_load_11" [array_io.c:69]   --->   Operation 193 'sext' 'sext_ln69_14' <Predicate = true> <Delay = 0.00>
ST_9 : Operation 194 [1/1] (0.00ns)   --->   "%sext_ln69_15 = sext i16 %d_i_1_load_11" [array_io.c:69]   --->   Operation 194 'sext' 'sext_ln69_15' <Predicate = true> <Delay = 0.00>
ST_9 : Operation 195 [1/1] (0.00ns) (grouped into TernaryAdder)   --->   "%add_ln67 = add i32 %acc_0_load, i32 %sext_ln67" [array_io.c:67]   --->   Operation 195 'add' 'add_ln67' <Predicate = true> <Delay = 0.00> <CoreInst = "TAddSub">   --->   Core 10 'TAddSub' <Latency = 0> <II = 1> <Delay = 0.45> <IPBlock> <Opcode : 'add' 'sub'> <InPorts = 3> <OutPorts = 1> <Sync> <CReg>
ST_9 : Operation 196 [1/1] (0.00ns)   --->   "%sext_ln67_9 = sext i17 %add_ln67_1" [array_io.c:67]   --->   Operation 196 'sext' 'sext_ln67_9' <Predicate = true> <Delay = 0.00>
ST_9 : Operation 197 [1/1] (1.12ns)   --->   "%add_ln67_2 = add i18 %sext_ln67_9, i18 %sext_ln69" [array_io.c:67]   --->   Operation 197 'add' 'add_ln67_2' <Predicate = true> <Delay = 1.12> <CoreInst = "Adder">   --->   Core 1 'Adder' <Latency = 0> <II = 1> <Delay = 1.12> <FuncUnit> <Opcode : 'add' 'sub'> <InPorts = 2> <OutPorts = 1>
ST_9 : Operation 198 [1/1] (0.00ns)   --->   "%sext_ln67_10 = sext i18 %add_ln67_2" [array_io.c:67]   --->   Operation 198 'sext' 'sext_ln67_10' <Predicate = true> <Delay = 0.00>
ST_9 : Operation 199 [1/1] (0.90ns) (root node of TernaryAdder)   --->   "%temp = add i32 %sext_ln67_10, i32 %add_ln67" [array_io.c:67]   --->   Operation 199 'add' 'temp' <Predicate = true> <Delay = 0.90> <CoreInst = "TAddSub">   --->   Core 10 'TAddSub' <Latency = 0> <II = 1> <Delay = 0.45> <IPBlock> <Opcode : 'add' 'sub'> <InPorts = 3> <OutPorts = 1> <Sync> <CReg>
ST_9 : Operation 200 [1/1] (0.00ns)   --->   "%store_ln68 = store i32 %temp, i32 %acc_0" [array_io.c:68]   --->   Operation 200 'store' 'store_ln68' <Predicate = true> <Delay = 0.00>
ST_9 : Operation 201 [1/1] (1.46ns)   --->   "%write_ln69 = write void @_ssdm_op_Write.ap_fifo.volatile.i16P0A, i16 %d_o_0, i16 %add_ln69_24" [array_io.c:69]   --->   Operation 201 'write' 'write_ln69' <Predicate = true> <Delay = 1.46> <CoreInst = "FIFO">   --->   Core 78 'FIFO' <Latency = 0> <II = 1> <Delay = 1.72> <Storage> <Opcode : 'read' 'write' 'nbread' 'nbwrite'> <Ports = 0> <Width = -1> <Depth = -1> <FIFO>
ST_9 : Operation 202 [1/1] (0.00ns) (grouped into TernaryAdder)   --->   "%add_ln67_4 = add i32 %acc_1_load, i32 %sext_ln67_1" [array_io.c:67]   --->   Operation 202 'add' 'add_ln67_4' <Predicate = true> <Delay = 0.00> <CoreInst = "TAddSub">   --->   Core 10 'TAddSub' <Latency = 0> <II = 1> <Delay = 0.45> <IPBlock> <Opcode : 'add' 'sub'> <InPorts = 3> <OutPorts = 1> <Sync> <CReg>
ST_9 : Operation 203 [1/1] (0.00ns)   --->   "%sext_ln67_12 = sext i17 %add_ln67_5" [array_io.c:67]   --->   Operation 203 'sext' 'sext_ln67_12' <Predicate = true> <Delay = 0.00>
ST_9 : Operation 204 [1/1] (1.12ns)   --->   "%add_ln67_6 = add i18 %sext_ln67_12, i18 %sext_ln69_1" [array_io.c:67]   --->   Operation 204 'add' 'add_ln67_6' <Predicate = true> <Delay = 1.12> <CoreInst = "Adder">   --->   Core 1 'Adder' <Latency = 0> <II = 1> <Delay = 1.12> <FuncUnit> <Opcode : 'add' 'sub'> <InPorts = 2> <OutPorts = 1>
ST_9 : Operation 205 [1/1] (0.00ns)   --->   "%sext_ln67_13 = sext i18 %add_ln67_6" [array_io.c:67]   --->   Operation 205 'sext' 'sext_ln67_13' <Predicate = true> <Delay = 0.00>
ST_9 : Operation 206 [1/1] (0.90ns) (root node of TernaryAdder)   --->   "%temp_1 = add i32 %sext_ln67_13, i32 %add_ln67_4" [array_io.c:67]   --->   Operation 206 'add' 'temp_1' <Predicate = true> <Delay = 0.90> <CoreInst = "TAddSub">   --->   Core 10 'TAddSub' <Latency = 0> <II = 1> <Delay = 0.45> <IPBlock> <Opcode : 'add' 'sub'> <InPorts = 3> <OutPorts = 1> <Sync> <CReg>
ST_9 : Operation 207 [1/1] (0.00ns)   --->   "%store_ln68 = store i32 %temp_1, i32 %acc_1" [array_io.c:68]   --->   Operation 207 'store' 'store_ln68' <Predicate = true> <Delay = 0.00>
ST_9 : Operation 208 [1/1] (1.46ns)   --->   "%write_ln69 = write void @_ssdm_op_Write.ap_fifo.volatile.i16P0A, i16 %d_o_1, i16 %add_ln69_25" [array_io.c:69]   --->   Operation 208 'write' 'write_ln69' <Predicate = true> <Delay = 1.46> <CoreInst = "FIFO">   --->   Core 78 'FIFO' <Latency = 0> <II = 1> <Delay = 1.72> <Storage> <Opcode : 'read' 'write' 'nbread' 'nbwrite'> <Ports = 0> <Width = -1> <Depth = -1> <FIFO>
ST_9 : Operation 209 [1/1] (0.00ns) (grouped into TernaryAdder)   --->   "%add_ln67_8 = add i32 %acc_2_load, i32 %sext_ln67_2" [array_io.c:67]   --->   Operation 209 'add' 'add_ln67_8' <Predicate = true> <Delay = 0.00> <CoreInst = "TAddSub">   --->   Core 10 'TAddSub' <Latency = 0> <II = 1> <Delay = 0.45> <IPBlock> <Opcode : 'add' 'sub'> <InPorts = 3> <OutPorts = 1> <Sync> <CReg>
ST_9 : Operation 210 [1/1] (0.00ns)   --->   "%sext_ln67_15 = sext i17 %add_ln67_9" [array_io.c:67]   --->   Operation 210 'sext' 'sext_ln67_15' <Predicate = true> <Delay = 0.00>
ST_9 : Operation 211 [1/1] (1.12ns)   --->   "%add_ln67_10 = add i18 %sext_ln67_15, i18 %sext_ln69_2" [array_io.c:67]   --->   Operation 211 'add' 'add_ln67_10' <Predicate = true> <Delay = 1.12> <CoreInst = "Adder">   --->   Core 1 'Adder' <Latency = 0> <II = 1> <Delay = 1.12> <FuncUnit> <Opcode : 'add' 'sub'> <InPorts = 2> <OutPorts = 1>
ST_9 : Operation 212 [1/1] (0.00ns)   --->   "%sext_ln67_16 = sext i18 %add_ln67_10" [array_io.c:67]   --->   Operation 212 'sext' 'sext_ln67_16' <Predicate = true> <Delay = 0.00>
ST_9 : Operation 213 [1/1] (0.90ns) (root node of TernaryAdder)   --->   "%temp_2 = add i32 %sext_ln67_16, i32 %add_ln67_8" [array_io.c:67]   --->   Operation 213 'add' 'temp_2' <Predicate = true> <Delay = 0.90> <CoreInst = "TAddSub">   --->   Core 10 'TAddSub' <Latency = 0> <II = 1> <Delay = 0.45> <IPBlock> <Opcode : 'add' 'sub'> <InPorts = 3> <OutPorts = 1> <Sync> <CReg>
ST_9 : Operation 214 [1/1] (0.00ns)   --->   "%store_ln68 = store i32 %temp_2, i32 %acc_2" [array_io.c:68]   --->   Operation 214 'store' 'store_ln68' <Predicate = true> <Delay = 0.00>
ST_9 : Operation 215 [1/1] (1.46ns)   --->   "%write_ln69 = write void @_ssdm_op_Write.ap_fifo.volatile.i16P0A, i16 %d_o_2, i16 %add_ln69_26" [array_io.c:69]   --->   Operation 215 'write' 'write_ln69' <Predicate = true> <Delay = 1.46> <CoreInst = "FIFO">   --->   Core 78 'FIFO' <Latency = 0> <II = 1> <Delay = 1.72> <Storage> <Opcode : 'read' 'write' 'nbread' 'nbwrite'> <Ports = 0> <Width = -1> <Depth = -1> <FIFO>
ST_9 : Operation 216 [1/1] (0.00ns) (grouped into TernaryAdder)   --->   "%add_ln67_12 = add i32 %acc_3_load, i32 %sext_ln67_3" [array_io.c:67]   --->   Operation 216 'add' 'add_ln67_12' <Predicate = true> <Delay = 0.00> <CoreInst = "TAddSub">   --->   Core 10 'TAddSub' <Latency = 0> <II = 1> <Delay = 0.45> <IPBlock> <Opcode : 'add' 'sub'> <InPorts = 3> <OutPorts = 1> <Sync> <CReg>
ST_9 : Operation 217 [1/1] (0.00ns)   --->   "%sext_ln67_18 = sext i17 %add_ln67_13" [array_io.c:67]   --->   Operation 217 'sext' 'sext_ln67_18' <Predicate = true> <Delay = 0.00>
ST_9 : Operation 218 [1/1] (1.12ns)   --->   "%add_ln67_14 = add i18 %sext_ln67_18, i18 %sext_ln69_3" [array_io.c:67]   --->   Operation 218 'add' 'add_ln67_14' <Predicate = true> <Delay = 1.12> <CoreInst = "Adder">   --->   Core 1 'Adder' <Latency = 0> <II = 1> <Delay = 1.12> <FuncUnit> <Opcode : 'add' 'sub'> <InPorts = 2> <OutPorts = 1>
ST_9 : Operation 219 [1/1] (0.00ns)   --->   "%sext_ln67_19 = sext i18 %add_ln67_14" [array_io.c:67]   --->   Operation 219 'sext' 'sext_ln67_19' <Predicate = true> <Delay = 0.00>
ST_9 : Operation 220 [1/1] (0.90ns) (root node of TernaryAdder)   --->   "%temp_3 = add i32 %sext_ln67_19, i32 %add_ln67_12" [array_io.c:67]   --->   Operation 220 'add' 'temp_3' <Predicate = true> <Delay = 0.90> <CoreInst = "TAddSub">   --->   Core 10 'TAddSub' <Latency = 0> <II = 1> <Delay = 0.45> <IPBlock> <Opcode : 'add' 'sub'> <InPorts = 3> <OutPorts = 1> <Sync> <CReg>
ST_9 : Operation 221 [1/1] (0.00ns)   --->   "%store_ln68 = store i32 %temp_3, i32 %acc_3" [array_io.c:68]   --->   Operation 221 'store' 'store_ln68' <Predicate = true> <Delay = 0.00>
ST_9 : Operation 222 [1/1] (1.46ns)   --->   "%write_ln69 = write void @_ssdm_op_Write.ap_fifo.volatile.i16P0A, i16 %d_o_3, i16 %add_ln69_27" [array_io.c:69]   --->   Operation 222 'write' 'write_ln69' <Predicate = true> <Delay = 1.46> <CoreInst = "FIFO">   --->   Core 78 'FIFO' <Latency = 0> <II = 1> <Delay = 1.72> <Storage> <Opcode : 'read' 'write' 'nbread' 'nbwrite'> <Ports = 0> <Width = -1> <Depth = -1> <FIFO>
ST_9 : Operation 223 [1/2] (0.73ns)   --->   "%d_i_0_load_14 = load i4 %d_i_0_addr_14" [array_io.c:67]   --->   Operation 223 'load' 'd_i_0_load_14' <Predicate = true> <Delay = 0.73> <CoreInst = "RAM">   --->   Core 83 'RAM' <Latency = 1> <II = 1> <Delay = 0.73> <Storage> <Opcode : 'load' 'store'> <Ports = 2> <Width = 16> <Depth = 16> <RAM>
ST_9 : Operation 224 [1/1] (0.00ns)   --->   "%sext_ln67_20 = sext i16 %d_i_0_load_14" [array_io.c:67]   --->   Operation 224 'sext' 'sext_ln67_20' <Predicate = true> <Delay = 0.00>
ST_9 : Operation 225 [1/1] (1.12ns)   --->   "%add_ln67_17 = add i17 %sext_ln69_12, i17 %sext_ln67_20" [array_io.c:67]   --->   Operation 225 'add' 'add_ln67_17' <Predicate = true> <Delay = 1.12> <CoreInst = "Adder">   --->   Core 1 'Adder' <Latency = 0> <II = 1> <Delay = 1.12> <FuncUnit> <Opcode : 'add' 'sub'> <InPorts = 2> <OutPorts = 1>
ST_9 : Operation 226 [1/1] (1.12ns)   --->   "%add_ln69_28 = add i16 %d_i_0_load_14, i16 %add_ln69_20" [array_io.c:69]   --->   Operation 226 'add' 'add_ln69_28' <Predicate = true> <Delay = 1.12> <CoreInst = "Adder">   --->   Core 1 'Adder' <Latency = 0> <II = 1> <Delay = 1.12> <FuncUnit> <Opcode : 'add' 'sub'> <InPorts = 2> <OutPorts = 1>
ST_9 : Operation 227 [1/2] (0.73ns)   --->   "%d_i_1_load_14 = load i4 %d_i_1_addr_14" [array_io.c:67]   --->   Operation 227 'load' 'd_i_1_load_14' <Predicate = true> <Delay = 0.73> <CoreInst = "RAM">   --->   Core 83 'RAM' <Latency = 1> <II = 1> <Delay = 0.73> <Storage> <Opcode : 'load' 'store'> <Ports = 2> <Width = 16> <Depth = 16> <RAM>
ST_9 : Operation 228 [1/1] (0.00ns)   --->   "%sext_ln67_23 = sext i16 %d_i_1_load_14" [array_io.c:67]   --->   Operation 228 'sext' 'sext_ln67_23' <Predicate = true> <Delay = 0.00>
ST_9 : Operation 229 [1/1] (1.12ns)   --->   "%add_ln67_21 = add i17 %sext_ln69_13, i17 %sext_ln67_23" [array_io.c:67]   --->   Operation 229 'add' 'add_ln67_21' <Predicate = true> <Delay = 1.12> <CoreInst = "Adder">   --->   Core 1 'Adder' <Latency = 0> <II = 1> <Delay = 1.12> <FuncUnit> <Opcode : 'add' 'sub'> <InPorts = 2> <OutPorts = 1>
ST_9 : Operation 230 [1/1] (1.12ns)   --->   "%add_ln69_29 = add i16 %d_i_1_load_14, i16 %add_ln69_21" [array_io.c:69]   --->   Operation 230 'add' 'add_ln69_29' <Predicate = true> <Delay = 1.12> <CoreInst = "Adder">   --->   Core 1 'Adder' <Latency = 0> <II = 1> <Delay = 1.12> <FuncUnit> <Opcode : 'add' 'sub'> <InPorts = 2> <OutPorts = 1>
ST_9 : Operation 231 [1/2] (0.73ns)   --->   "%d_i_0_load_15 = load i4 %d_i_0_addr_15" [array_io.c:67]   --->   Operation 231 'load' 'd_i_0_load_15' <Predicate = true> <Delay = 0.73> <CoreInst = "RAM">   --->   Core 83 'RAM' <Latency = 1> <II = 1> <Delay = 0.73> <Storage> <Opcode : 'load' 'store'> <Ports = 2> <Width = 16> <Depth = 16> <RAM>
ST_9 : Operation 232 [1/1] (0.00ns)   --->   "%sext_ln67_26 = sext i16 %d_i_0_load_15" [array_io.c:67]   --->   Operation 232 'sext' 'sext_ln67_26' <Predicate = true> <Delay = 0.00>
ST_9 : Operation 233 [1/1] (1.12ns)   --->   "%add_ln67_25 = add i17 %sext_ln69_14, i17 %sext_ln67_26" [array_io.c:67]   --->   Operation 233 'add' 'add_ln67_25' <Predicate = true> <Delay = 1.12> <CoreInst = "Adder">   --->   Core 1 'Adder' <Latency = 0> <II = 1> <Delay = 1.12> <FuncUnit> <Opcode : 'add' 'sub'> <InPorts = 2> <OutPorts = 1>
ST_9 : Operation 234 [1/1] (1.12ns)   --->   "%add_ln69_30 = add i16 %d_i_0_load_15, i16 %add_ln69_22" [array_io.c:69]   --->   Operation 234 'add' 'add_ln69_30' <Predicate = true> <Delay = 1.12> <CoreInst = "Adder">   --->   Core 1 'Adder' <Latency = 0> <II = 1> <Delay = 1.12> <FuncUnit> <Opcode : 'add' 'sub'> <InPorts = 2> <OutPorts = 1>
ST_9 : Operation 235 [1/2] (0.73ns)   --->   "%d_i_1_load_15 = load i4 %d_i_1_addr_15" [array_io.c:67]   --->   Operation 235 'load' 'd_i_1_load_15' <Predicate = true> <Delay = 0.73> <CoreInst = "RAM">   --->   Core 83 'RAM' <Latency = 1> <II = 1> <Delay = 0.73> <Storage> <Opcode : 'load' 'store'> <Ports = 2> <Width = 16> <Depth = 16> <RAM>
ST_9 : Operation 236 [1/1] (0.00ns)   --->   "%sext_ln67_29 = sext i16 %d_i_1_load_15" [array_io.c:67]   --->   Operation 236 'sext' 'sext_ln67_29' <Predicate = true> <Delay = 0.00>
ST_9 : Operation 237 [1/1] (1.12ns)   --->   "%add_ln67_29 = add i17 %sext_ln69_15, i17 %sext_ln67_29" [array_io.c:67]   --->   Operation 237 'add' 'add_ln67_29' <Predicate = true> <Delay = 1.12> <CoreInst = "Adder">   --->   Core 1 'Adder' <Latency = 0> <II = 1> <Delay = 1.12> <FuncUnit> <Opcode : 'add' 'sub'> <InPorts = 2> <OutPorts = 1>
ST_9 : Operation 238 [1/1] (1.12ns)   --->   "%add_ln69_31 = add i16 %d_i_1_load_15, i16 %add_ln69_23" [array_io.c:69]   --->   Operation 238 'add' 'add_ln69_31' <Predicate = true> <Delay = 1.12> <CoreInst = "Adder">   --->   Core 1 'Adder' <Latency = 0> <II = 1> <Delay = 1.12> <FuncUnit> <Opcode : 'add' 'sub'> <InPorts = 2> <OutPorts = 1>

State 10 <SV = 9> <Delay = 2.02>
ST_10 : Operation 239 [1/1] (0.00ns)   --->   "%spectopmodule_ln57 = spectopmodule void @_ssdm_op_SpecTopModule, void @empty_2" [array_io.c:57]   --->   Operation 239 'spectopmodule' 'spectopmodule_ln57' <Predicate = true> <Delay = 0.00>
ST_10 : Operation 240 [1/1] (0.00ns)   --->   "%specinterface_ln0 = specinterface void @_ssdm_op_SpecInterface, i16 %d_o_0, void @empty_0, i32 0, i32 0, void @empty, i32 0, i32 0, void @empty, void @empty, void @empty, i32 0, i32 0, i32 0, i32 0, void @empty, void @empty, i32 4294967295, i32 0"   --->   Operation 240 'specinterface' 'specinterface_ln0' <Predicate = true> <Delay = 0.00>
ST_10 : Operation 241 [1/1] (0.00ns)   --->   "%specbitsmap_ln0 = specbitsmap void @_ssdm_op_SpecBitsMap, i16 %d_o_0"   --->   Operation 241 'specbitsmap' 'specbitsmap_ln0' <Predicate = true> <Delay = 0.00>
ST_10 : Operation 242 [1/1] (0.00ns)   --->   "%specinterface_ln0 = specinterface void @_ssdm_op_SpecInterface, i16 %d_o_1, void @empty_0, i32 0, i32 0, void @empty, i32 0, i32 0, void @empty, void @empty, void @empty, i32 0, i32 0, i32 0, i32 0, void @empty, void @empty, i32 4294967295, i32 0"   --->   Operation 242 'specinterface' 'specinterface_ln0' <Predicate = true> <Delay = 0.00>
ST_10 : Operation 243 [1/1] (0.00ns)   --->   "%specbitsmap_ln0 = specbitsmap void @_ssdm_op_SpecBitsMap, i16 %d_o_1"   --->   Operation 243 'specbitsmap' 'specbitsmap_ln0' <Predicate = true> <Delay = 0.00>
ST_10 : Operation 244 [1/1] (0.00ns)   --->   "%specinterface_ln0 = specinterface void @_ssdm_op_SpecInterface, i16 %d_o_2, void @empty_0, i32 0, i32 0, void @empty, i32 0, i32 0, void @empty, void @empty, void @empty, i32 0, i32 0, i32 0, i32 0, void @empty, void @empty, i32 4294967295, i32 0"   --->   Operation 244 'specinterface' 'specinterface_ln0' <Predicate = true> <Delay = 0.00>
ST_10 : Operation 245 [1/1] (0.00ns)   --->   "%specbitsmap_ln0 = specbitsmap void @_ssdm_op_SpecBitsMap, i16 %d_o_2"   --->   Operation 245 'specbitsmap' 'specbitsmap_ln0' <Predicate = true> <Delay = 0.00>
ST_10 : Operation 246 [1/1] (0.00ns)   --->   "%specinterface_ln0 = specinterface void @_ssdm_op_SpecInterface, i16 %d_o_3, void @empty_0, i32 0, i32 0, void @empty, i32 0, i32 0, void @empty, void @empty, void @empty, i32 0, i32 0, i32 0, i32 0, void @empty, void @empty, i32 4294967295, i32 0"   --->   Operation 246 'specinterface' 'specinterface_ln0' <Predicate = true> <Delay = 0.00>
ST_10 : Operation 247 [1/1] (0.00ns)   --->   "%specbitsmap_ln0 = specbitsmap void @_ssdm_op_SpecBitsMap, i16 %d_o_3"   --->   Operation 247 'specbitsmap' 'specbitsmap_ln0' <Predicate = true> <Delay = 0.00>
ST_10 : Operation 248 [1/1] (0.00ns)   --->   "%specinterface_ln0 = specinterface void @_ssdm_op_SpecInterface, i16 %d_i_0, void @empty_1, i32 0, i32 0, void @empty, i32 4294967295, i32 0, void @empty, void @empty, void @empty, i32 0, i32 0, i32 0, i32 0, void @empty, void @empty, i32 4294967295, i32 0"   --->   Operation 248 'specinterface' 'specinterface_ln0' <Predicate = true> <Delay = 0.00>
ST_10 : Operation 249 [1/1] (0.00ns)   --->   "%specbitsmap_ln0 = specbitsmap void @_ssdm_op_SpecBitsMap, i16 %d_i_0"   --->   Operation 249 'specbitsmap' 'specbitsmap_ln0' <Predicate = true> <Delay = 0.00>
ST_10 : Operation 250 [1/1] (0.00ns)   --->   "%specinterface_ln0 = specinterface void @_ssdm_op_SpecInterface, i16 %d_i_1, void @empty_1, i32 0, i32 0, void @empty, i32 4294967295, i32 0, void @empty, void @empty, void @empty, i32 0, i32 0, i32 0, i32 0, void @empty, void @empty, i32 4294967295, i32 0"   --->   Operation 250 'specinterface' 'specinterface_ln0' <Predicate = true> <Delay = 0.00>
ST_10 : Operation 251 [1/1] (0.00ns)   --->   "%specbitsmap_ln0 = specbitsmap void @_ssdm_op_SpecBitsMap, i16 %d_i_1"   --->   Operation 251 'specbitsmap' 'specbitsmap_ln0' <Predicate = true> <Delay = 0.00>
ST_10 : Operation 252 [1/1] (0.00ns)   --->   "%sext_ln67_4 = sext i16 %d_i_0_load_2" [array_io.c:67]   --->   Operation 252 'sext' 'sext_ln67_4' <Predicate = true> <Delay = 0.00>
ST_10 : Operation 253 [1/1] (0.00ns)   --->   "%sext_ln67_5 = sext i16 %d_i_1_load_2" [array_io.c:67]   --->   Operation 253 'sext' 'sext_ln67_5' <Predicate = true> <Delay = 0.00>
ST_10 : Operation 254 [1/1] (0.00ns)   --->   "%sext_ln67_6 = sext i16 %d_i_0_load_3" [array_io.c:67]   --->   Operation 254 'sext' 'sext_ln67_6' <Predicate = true> <Delay = 0.00>
ST_10 : Operation 255 [1/1] (0.00ns)   --->   "%sext_ln67_7 = sext i16 %d_i_1_load_3" [array_io.c:67]   --->   Operation 255 'sext' 'sext_ln67_7' <Predicate = true> <Delay = 0.00>
ST_10 : Operation 256 [1/1] (0.00ns)   --->   "%sext_ln69_4 = sext i16 %d_i_0_load_6" [array_io.c:69]   --->   Operation 256 'sext' 'sext_ln69_4' <Predicate = true> <Delay = 0.00>
ST_10 : Operation 257 [1/1] (0.00ns)   --->   "%sext_ln69_5 = sext i16 %d_i_1_load_6" [array_io.c:69]   --->   Operation 257 'sext' 'sext_ln69_5' <Predicate = true> <Delay = 0.00>
ST_10 : Operation 258 [1/1] (0.00ns)   --->   "%sext_ln69_6 = sext i16 %d_i_0_load_7" [array_io.c:69]   --->   Operation 258 'sext' 'sext_ln69_6' <Predicate = true> <Delay = 0.00>
ST_10 : Operation 259 [1/1] (0.00ns)   --->   "%sext_ln69_7 = sext i16 %d_i_1_load_7" [array_io.c:69]   --->   Operation 259 'sext' 'sext_ln69_7' <Predicate = true> <Delay = 0.00>
ST_10 : Operation 260 [1/1] (0.00ns) (grouped into TernaryAdder)   --->   "%add_ln67_16 = add i32 %acc_4_load, i32 %sext_ln67_4" [array_io.c:67]   --->   Operation 260 'add' 'add_ln67_16' <Predicate = true> <Delay = 0.00> <CoreInst = "TAddSub">   --->   Core 10 'TAddSub' <Latency = 0> <II = 1> <Delay = 0.45> <IPBlock> <Opcode : 'add' 'sub'> <InPorts = 3> <OutPorts = 1> <Sync> <CReg>
ST_10 : Operation 261 [1/1] (0.00ns)   --->   "%sext_ln67_21 = sext i17 %add_ln67_17" [array_io.c:67]   --->   Operation 261 'sext' 'sext_ln67_21' <Predicate = true> <Delay = 0.00>
ST_10 : Operation 262 [1/1] (1.12ns)   --->   "%add_ln67_18 = add i18 %sext_ln67_21, i18 %sext_ln69_4" [array_io.c:67]   --->   Operation 262 'add' 'add_ln67_18' <Predicate = true> <Delay = 1.12> <CoreInst = "Adder">   --->   Core 1 'Adder' <Latency = 0> <II = 1> <Delay = 1.12> <FuncUnit> <Opcode : 'add' 'sub'> <InPorts = 2> <OutPorts = 1>
ST_10 : Operation 263 [1/1] (0.00ns)   --->   "%sext_ln67_22 = sext i18 %add_ln67_18" [array_io.c:67]   --->   Operation 263 'sext' 'sext_ln67_22' <Predicate = true> <Delay = 0.00>
ST_10 : Operation 264 [1/1] (0.90ns) (root node of TernaryAdder)   --->   "%temp_4 = add i32 %sext_ln67_22, i32 %add_ln67_16" [array_io.c:67]   --->   Operation 264 'add' 'temp_4' <Predicate = true> <Delay = 0.90> <CoreInst = "TAddSub">   --->   Core 10 'TAddSub' <Latency = 0> <II = 1> <Delay = 0.45> <IPBlock> <Opcode : 'add' 'sub'> <InPorts = 3> <OutPorts = 1> <Sync> <CReg>
ST_10 : Operation 265 [1/1] (0.00ns)   --->   "%store_ln68 = store i32 %temp_4, i32 %acc_4" [array_io.c:68]   --->   Operation 265 'store' 'store_ln68' <Predicate = true> <Delay = 0.00>
ST_10 : Operation 266 [1/1] (1.46ns)   --->   "%write_ln69 = write void @_ssdm_op_Write.ap_fifo.volatile.i16P0A, i16 %d_o_0, i16 %add_ln69_28" [array_io.c:69]   --->   Operation 266 'write' 'write_ln69' <Predicate = true> <Delay = 1.46> <CoreInst = "FIFO">   --->   Core 78 'FIFO' <Latency = 0> <II = 1> <Delay = 1.72> <Storage> <Opcode : 'read' 'write' 'nbread' 'nbwrite'> <Ports = 0> <Width = -1> <Depth = -1> <FIFO>
ST_10 : Operation 267 [1/1] (0.00ns) (grouped into TernaryAdder)   --->   "%add_ln67_20 = add i32 %acc_5_load, i32 %sext_ln67_5" [array_io.c:67]   --->   Operation 267 'add' 'add_ln67_20' <Predicate = true> <Delay = 0.00> <CoreInst = "TAddSub">   --->   Core 10 'TAddSub' <Latency = 0> <II = 1> <Delay = 0.45> <IPBlock> <Opcode : 'add' 'sub'> <InPorts = 3> <OutPorts = 1> <Sync> <CReg>
ST_10 : Operation 268 [1/1] (0.00ns)   --->   "%sext_ln67_24 = sext i17 %add_ln67_21" [array_io.c:67]   --->   Operation 268 'sext' 'sext_ln67_24' <Predicate = true> <Delay = 0.00>
ST_10 : Operation 269 [1/1] (1.12ns)   --->   "%add_ln67_22 = add i18 %sext_ln67_24, i18 %sext_ln69_5" [array_io.c:67]   --->   Operation 269 'add' 'add_ln67_22' <Predicate = true> <Delay = 1.12> <CoreInst = "Adder">   --->   Core 1 'Adder' <Latency = 0> <II = 1> <Delay = 1.12> <FuncUnit> <Opcode : 'add' 'sub'> <InPorts = 2> <OutPorts = 1>
ST_10 : Operation 270 [1/1] (0.00ns)   --->   "%sext_ln67_25 = sext i18 %add_ln67_22" [array_io.c:67]   --->   Operation 270 'sext' 'sext_ln67_25' <Predicate = true> <Delay = 0.00>
ST_10 : Operation 271 [1/1] (0.90ns) (root node of TernaryAdder)   --->   "%temp_5 = add i32 %sext_ln67_25, i32 %add_ln67_20" [array_io.c:67]   --->   Operation 271 'add' 'temp_5' <Predicate = true> <Delay = 0.90> <CoreInst = "TAddSub">   --->   Core 10 'TAddSub' <Latency = 0> <II = 1> <Delay = 0.45> <IPBlock> <Opcode : 'add' 'sub'> <InPorts = 3> <OutPorts = 1> <Sync> <CReg>
ST_10 : Operation 272 [1/1] (0.00ns)   --->   "%store_ln68 = store i32 %temp_5, i32 %acc_5" [array_io.c:68]   --->   Operation 272 'store' 'store_ln68' <Predicate = true> <Delay = 0.00>
ST_10 : Operation 273 [1/1] (1.46ns)   --->   "%write_ln69 = write void @_ssdm_op_Write.ap_fifo.volatile.i16P0A, i16 %d_o_1, i16 %add_ln69_29" [array_io.c:69]   --->   Operation 273 'write' 'write_ln69' <Predicate = true> <Delay = 1.46> <CoreInst = "FIFO">   --->   Core 78 'FIFO' <Latency = 0> <II = 1> <Delay = 1.72> <Storage> <Opcode : 'read' 'write' 'nbread' 'nbwrite'> <Ports = 0> <Width = -1> <Depth = -1> <FIFO>
ST_10 : Operation 274 [1/1] (0.00ns) (grouped into TernaryAdder)   --->   "%add_ln67_24 = add i32 %acc_6_load, i32 %sext_ln67_6" [array_io.c:67]   --->   Operation 274 'add' 'add_ln67_24' <Predicate = true> <Delay = 0.00> <CoreInst = "TAddSub">   --->   Core 10 'TAddSub' <Latency = 0> <II = 1> <Delay = 0.45> <IPBlock> <Opcode : 'add' 'sub'> <InPorts = 3> <OutPorts = 1> <Sync> <CReg>
ST_10 : Operation 275 [1/1] (0.00ns)   --->   "%sext_ln67_27 = sext i17 %add_ln67_25" [array_io.c:67]   --->   Operation 275 'sext' 'sext_ln67_27' <Predicate = true> <Delay = 0.00>
ST_10 : Operation 276 [1/1] (1.12ns)   --->   "%add_ln67_26 = add i18 %sext_ln67_27, i18 %sext_ln69_6" [array_io.c:67]   --->   Operation 276 'add' 'add_ln67_26' <Predicate = true> <Delay = 1.12> <CoreInst = "Adder">   --->   Core 1 'Adder' <Latency = 0> <II = 1> <Delay = 1.12> <FuncUnit> <Opcode : 'add' 'sub'> <InPorts = 2> <OutPorts = 1>
ST_10 : Operation 277 [1/1] (0.00ns)   --->   "%sext_ln67_28 = sext i18 %add_ln67_26" [array_io.c:67]   --->   Operation 277 'sext' 'sext_ln67_28' <Predicate = true> <Delay = 0.00>
ST_10 : Operation 278 [1/1] (0.90ns) (root node of TernaryAdder)   --->   "%temp_6 = add i32 %sext_ln67_28, i32 %add_ln67_24" [array_io.c:67]   --->   Operation 278 'add' 'temp_6' <Predicate = true> <Delay = 0.90> <CoreInst = "TAddSub">   --->   Core 10 'TAddSub' <Latency = 0> <II = 1> <Delay = 0.45> <IPBlock> <Opcode : 'add' 'sub'> <InPorts = 3> <OutPorts = 1> <Sync> <CReg>
ST_10 : Operation 279 [1/1] (0.00ns)   --->   "%store_ln68 = store i32 %temp_6, i32 %acc_6" [array_io.c:68]   --->   Operation 279 'store' 'store_ln68' <Predicate = true> <Delay = 0.00>
ST_10 : Operation 280 [1/1] (1.46ns)   --->   "%write_ln69 = write void @_ssdm_op_Write.ap_fifo.volatile.i16P0A, i16 %d_o_2, i16 %add_ln69_30" [array_io.c:69]   --->   Operation 280 'write' 'write_ln69' <Predicate = true> <Delay = 1.46> <CoreInst = "FIFO">   --->   Core 78 'FIFO' <Latency = 0> <II = 1> <Delay = 1.72> <Storage> <Opcode : 'read' 'write' 'nbread' 'nbwrite'> <Ports = 0> <Width = -1> <Depth = -1> <FIFO>
ST_10 : Operation 281 [1/1] (0.00ns) (grouped into TernaryAdder)   --->   "%add_ln67_28 = add i32 %acc_7_load, i32 %sext_ln67_7" [array_io.c:67]   --->   Operation 281 'add' 'add_ln67_28' <Predicate = true> <Delay = 0.00> <CoreInst = "TAddSub">   --->   Core 10 'TAddSub' <Latency = 0> <II = 1> <Delay = 0.45> <IPBlock> <Opcode : 'add' 'sub'> <InPorts = 3> <OutPorts = 1> <Sync> <CReg>
ST_10 : Operation 282 [1/1] (0.00ns)   --->   "%sext_ln67_30 = sext i17 %add_ln67_29" [array_io.c:67]   --->   Operation 282 'sext' 'sext_ln67_30' <Predicate = true> <Delay = 0.00>
ST_10 : Operation 283 [1/1] (1.12ns)   --->   "%add_ln67_30 = add i18 %sext_ln67_30, i18 %sext_ln69_7" [array_io.c:67]   --->   Operation 283 'add' 'add_ln67_30' <Predicate = true> <Delay = 1.12> <CoreInst = "Adder">   --->   Core 1 'Adder' <Latency = 0> <II = 1> <Delay = 1.12> <FuncUnit> <Opcode : 'add' 'sub'> <InPorts = 2> <OutPorts = 1>
ST_10 : Operation 284 [1/1] (0.00ns)   --->   "%sext_ln67_31 = sext i18 %add_ln67_30" [array_io.c:67]   --->   Operation 284 'sext' 'sext_ln67_31' <Predicate = true> <Delay = 0.00>
ST_10 : Operation 285 [1/1] (0.90ns) (root node of TernaryAdder)   --->   "%temp_7 = add i32 %sext_ln67_31, i32 %add_ln67_28" [array_io.c:67]   --->   Operation 285 'add' 'temp_7' <Predicate = true> <Delay = 0.90> <CoreInst = "TAddSub">   --->   Core 10 'TAddSub' <Latency = 0> <II = 1> <Delay = 0.45> <IPBlock> <Opcode : 'add' 'sub'> <InPorts = 3> <OutPorts = 1> <Sync> <CReg>
ST_10 : Operation 286 [1/1] (0.00ns)   --->   "%store_ln68 = store i32 %temp_7, i32 %acc_7" [array_io.c:68]   --->   Operation 286 'store' 'store_ln68' <Predicate = true> <Delay = 0.00>
ST_10 : Operation 287 [1/1] (1.46ns)   --->   "%write_ln69 = write void @_ssdm_op_Write.ap_fifo.volatile.i16P0A, i16 %d_o_3, i16 %add_ln69_31" [array_io.c:69]   --->   Operation 287 'write' 'write_ln69' <Predicate = true> <Delay = 1.46> <CoreInst = "FIFO">   --->   Core 78 'FIFO' <Latency = 0> <II = 1> <Delay = 1.72> <Storage> <Opcode : 'read' 'write' 'nbread' 'nbwrite'> <Ports = 0> <Width = -1> <Depth = -1> <FIFO>
ST_10 : Operation 288 [1/1] (0.00ns)   --->   "%ret_ln71 = ret" [array_io.c:71]   --->   Operation 288 'ret' 'ret_ln71' <Predicate = true> <Delay = 0.00>


============================================================
+ Verbose Summary: Timing violations
============================================================
Target clock period: 4ns, clock uncertainty: 1.08ns.

 <State 1>: 0.73ns
The critical path consists of the following:
	'getelementptr' operation ('d_i_0_addr', array_io.c:67) [29]  (0 ns)
	'load' operation ('d_i_0_load', array_io.c:67) on array 'd_i_0' [30]  (0.73 ns)

 <State 2>: 0.73ns
The critical path consists of the following:
	'load' operation ('d_i_0_load', array_io.c:67) on array 'd_i_0' [30]  (0.73 ns)

 <State 3>: 2.58ns
The critical path consists of the following:
	'load' operation ('acc_0_load', array_io.c:67) on static variable 'acc_0' [28]  (0 ns)
	'add' operation ('add_ln69', array_io.c:69) [33]  (1.12 ns)
	fifo write operation ('write_ln69', array_io.c:69) on port 'd_o_0' (array_io.c:69) [34]  (1.46 ns)

 <State 4>: 2.58ns
The critical path consists of the following:
	'load' operation ('acc_4_load', array_io.c:67) on static variable 'acc_4' [56]  (0 ns)
	'add' operation ('add_ln69_4', array_io.c:69) [61]  (1.12 ns)
	fifo write operation ('write_ln69', array_io.c:69) on port 'd_o_0' (array_io.c:69) [62]  (1.46 ns)

 <State 5>: 2.58ns
The critical path consists of the following:
	'add' operation ('add_ln69_8', array_io.c:69) [87]  (1.12 ns)
	fifo write operation ('write_ln69', array_io.c:69) on port 'd_o_0' (array_io.c:69) [88]  (1.46 ns)

 <State 6>: 2.58ns
The critical path consists of the following:
	'add' operation ('add_ln69_12', array_io.c:69) [107]  (1.12 ns)
	fifo write operation ('write_ln69', array_io.c:69) on port 'd_o_0' (array_io.c:69) [108]  (1.46 ns)

 <State 7>: 2.58ns
The critical path consists of the following:
	'add' operation ('add_ln69_16', array_io.c:69) [127]  (1.12 ns)
	fifo write operation ('write_ln69', array_io.c:69) on port 'd_o_0' (array_io.c:69) [128]  (1.46 ns)

 <State 8>: 2.58ns
The critical path consists of the following:
	'add' operation ('add_ln69_20', array_io.c:69) [147]  (1.12 ns)
	fifo write operation ('write_ln69', array_io.c:69) on port 'd_o_0' (array_io.c:69) [148]  (1.46 ns)

 <State 9>: 2.03ns
The critical path consists of the following:
	'add' operation ('add_ln67_2', array_io.c:67) [170]  (1.12 ns)
	'add' operation ('temp', array_io.c:67) [172]  (0.907 ns)

 <State 10>: 2.03ns
The critical path consists of the following:
	'add' operation ('add_ln67_18', array_io.c:67) [218]  (1.12 ns)
	'add' operation ('temp', array_io.c:67) [220]  (0.907 ns)


============================================================
+ Verbose Summary: Binding
============================================================
N/A
* FSMD analyzer results:
  - Output states:
 - Input state : 
  - Chain level:
	State 1
	State 2
	State 3
	State 4
	State 5
	State 6
	State 7
	State 8
	State 9
	State 10


============================================================
+ Verbose Summary: Datapath Resource usage 
============================================================
N/A
