

================================================================
== Vitis HLS Report for 'array_io'
================================================================
* Date:           Sat Mar 18 22:04:37 2023

* Version:        2022.1 (Build 3526262 on Mon Apr 18 15:48:16 MDT 2022)
* Project:        array_io_prj
* Solution:       solution7 (Vivado IP Flow Target)
* Product family: virtexuplus
* Target device:  xcvu9p-flgb2104-1-e


================================================================
== Performance Estimates
================================================================
+ Timing: 
    * Summary: 
    +--------+---------+----------+------------+
    |  Clock |  Target | Estimated| Uncertainty|
    +--------+---------+----------+------------+
    |ap_clk  |  4.00 ns|  2.581 ns|     1.08 ns|
    +--------+---------+----------+------------+

+ Latency: 
    * Summary: 
    +---------+---------+-----------+-----------+-----+-----+---------+
    |  Latency (cycles) |   Latency (absolute)  |  Interval | Pipeline|
    |   min   |   max   |    min    |    max    | min | max |   Type  |
    +---------+---------+-----------+-----------+-----+-----+---------+
    |        4|        4|  16.000 ns|  16.000 ns|    5|    5|       no|
    +---------+---------+-----------+-----------+-----+-----+---------+

    + Detail: 
        * Instance: 
        N/A

        * Loop: 
        N/A

============================================================
+ Verbose Summary: Synthesis Manager
============================================================
InlineROM: 1
ExposeGlobal: 0
============================================================
+ Verbose Summary: CDFG Model
============================================================
IsTopModel: 1
ResetActiveHigh: 1
IsCombinational: 0
IsDatapathOnly: 0
HasWiredReturn: 1
HasMFsm: 0
HasVarLatency: 1
IsPipeline: 0
IsRtlPipelined: 0
IsInstanceOverlapped: 0
IsDontTouch: 0
HasImplIP: 0
IsGatedGlobalClock: 0


============================================================
+ Verbose Summary: Schedule
============================================================
* Number of FSM states : 5
* Pipeline : 0
* Dataflow Pipeline: 0

* FSM state transitions: 
1 --> 2 
2 --> 3 
3 --> 4 
4 --> 5 
5 --> 

* FSM state operations: 

State 1 <SV = 0> <Delay = 1.46>
ST_1 : Operation 6 [1/1] (1.46ns)   --->   "%d_i_0_read = read i16 @_ssdm_op_Read.ap_fifo.volatile.i16P0A, i16 %d_i_0" [array_io.c:67]   --->   Operation 6 'read' 'd_i_0_read' <Predicate = true> <Delay = 1.46> <CoreInst = "FIFO">   --->   Core 78 'FIFO' <Latency = 0> <II = 1> <Delay = 1.72> <Storage> <Opcode : 'read' 'write' 'nbread' 'nbwrite'> <Ports = 0> <Width = -1> <Depth = -1> <FIFO>
ST_1 : Operation 7 [1/1] (1.46ns)   --->   "%d_i_1_read = read i16 @_ssdm_op_Read.ap_fifo.volatile.i16P0A, i16 %d_i_1" [array_io.c:67]   --->   Operation 7 'read' 'd_i_1_read' <Predicate = true> <Delay = 1.46> <CoreInst = "FIFO">   --->   Core 78 'FIFO' <Latency = 0> <II = 1> <Delay = 1.72> <Storage> <Opcode : 'read' 'write' 'nbread' 'nbwrite'> <Ports = 0> <Width = -1> <Depth = -1> <FIFO>
ST_1 : Operation 8 [1/1] (1.46ns)   --->   "%d_i_2_read = read i16 @_ssdm_op_Read.ap_fifo.volatile.i16P0A, i16 %d_i_2" [array_io.c:67]   --->   Operation 8 'read' 'd_i_2_read' <Predicate = true> <Delay = 1.46> <CoreInst = "FIFO">   --->   Core 78 'FIFO' <Latency = 0> <II = 1> <Delay = 1.72> <Storage> <Opcode : 'read' 'write' 'nbread' 'nbwrite'> <Ports = 0> <Width = -1> <Depth = -1> <FIFO>
ST_1 : Operation 9 [1/1] (1.46ns)   --->   "%d_i_3_read = read i16 @_ssdm_op_Read.ap_fifo.volatile.i16P0A, i16 %d_i_3" [array_io.c:67]   --->   Operation 9 'read' 'd_i_3_read' <Predicate = true> <Delay = 1.46> <CoreInst = "FIFO">   --->   Core 78 'FIFO' <Latency = 0> <II = 1> <Delay = 1.72> <Storage> <Opcode : 'read' 'write' 'nbread' 'nbwrite'> <Ports = 0> <Width = -1> <Depth = -1> <FIFO>
ST_1 : Operation 10 [1/1] (1.46ns)   --->   "%d_i_4_read = read i16 @_ssdm_op_Read.ap_fifo.volatile.i16P0A, i16 %d_i_4" [array_io.c:67]   --->   Operation 10 'read' 'd_i_4_read' <Predicate = true> <Delay = 1.46> <CoreInst = "FIFO">   --->   Core 78 'FIFO' <Latency = 0> <II = 1> <Delay = 1.72> <Storage> <Opcode : 'read' 'write' 'nbread' 'nbwrite'> <Ports = 0> <Width = -1> <Depth = -1> <FIFO>
ST_1 : Operation 11 [1/1] (1.46ns)   --->   "%d_i_5_read = read i16 @_ssdm_op_Read.ap_fifo.volatile.i16P0A, i16 %d_i_5" [array_io.c:67]   --->   Operation 11 'read' 'd_i_5_read' <Predicate = true> <Delay = 1.46> <CoreInst = "FIFO">   --->   Core 78 'FIFO' <Latency = 0> <II = 1> <Delay = 1.72> <Storage> <Opcode : 'read' 'write' 'nbread' 'nbwrite'> <Ports = 0> <Width = -1> <Depth = -1> <FIFO>
ST_1 : Operation 12 [1/1] (1.46ns)   --->   "%d_i_6_read = read i16 @_ssdm_op_Read.ap_fifo.volatile.i16P0A, i16 %d_i_6" [array_io.c:67]   --->   Operation 12 'read' 'd_i_6_read' <Predicate = true> <Delay = 1.46> <CoreInst = "FIFO">   --->   Core 78 'FIFO' <Latency = 0> <II = 1> <Delay = 1.72> <Storage> <Opcode : 'read' 'write' 'nbread' 'nbwrite'> <Ports = 0> <Width = -1> <Depth = -1> <FIFO>
ST_1 : Operation 13 [1/1] (1.46ns)   --->   "%d_i_7_read = read i16 @_ssdm_op_Read.ap_fifo.volatile.i16P0A, i16 %d_i_7" [array_io.c:67]   --->   Operation 13 'read' 'd_i_7_read' <Predicate = true> <Delay = 1.46> <CoreInst = "FIFO">   --->   Core 78 'FIFO' <Latency = 0> <II = 1> <Delay = 1.72> <Storage> <Opcode : 'read' 'write' 'nbread' 'nbwrite'> <Ports = 0> <Width = -1> <Depth = -1> <FIFO>

State 2 <SV = 1> <Delay = 2.58>
ST_2 : Operation 14 [1/1] (0.00ns)   --->   "%acc_0_load = load i32 %acc_0" [array_io.c:67]   --->   Operation 14 'load' 'acc_0_load' <Predicate = true> <Delay = 0.00>
ST_2 : Operation 15 [1/1] (0.00ns)   --->   "%trunc_ln67 = trunc i32 %acc_0_load" [array_io.c:67]   --->   Operation 15 'trunc' 'trunc_ln67' <Predicate = true> <Delay = 0.00>
ST_2 : Operation 16 [1/1] (1.12ns)   --->   "%add_ln69 = add i16 %d_i_0_read, i16 %trunc_ln67" [array_io.c:69]   --->   Operation 16 'add' 'add_ln69' <Predicate = true> <Delay = 1.12> <CoreInst = "Adder">   --->   Core 1 'Adder' <Latency = 0> <II = 1> <Delay = 1.12> <FuncUnit> <Opcode : 'add' 'sub'> <InPorts = 2> <OutPorts = 1>
ST_2 : Operation 17 [1/1] (1.46ns)   --->   "%write_ln69 = write void @_ssdm_op_Write.ap_fifo.volatile.i16P0A, i16 %d_o_0, i16 %add_ln69" [array_io.c:69]   --->   Operation 17 'write' 'write_ln69' <Predicate = true> <Delay = 1.46> <CoreInst = "FIFO">   --->   Core 78 'FIFO' <Latency = 0> <II = 1> <Delay = 1.72> <Storage> <Opcode : 'read' 'write' 'nbread' 'nbwrite'> <Ports = 0> <Width = -1> <Depth = -1> <FIFO>
ST_2 : Operation 18 [1/1] (0.00ns)   --->   "%acc_1_load = load i32 %acc_1" [array_io.c:67]   --->   Operation 18 'load' 'acc_1_load' <Predicate = true> <Delay = 0.00>
ST_2 : Operation 19 [1/1] (0.00ns)   --->   "%trunc_ln67_1 = trunc i32 %acc_1_load" [array_io.c:67]   --->   Operation 19 'trunc' 'trunc_ln67_1' <Predicate = true> <Delay = 0.00>
ST_2 : Operation 20 [1/1] (1.12ns)   --->   "%add_ln69_1 = add i16 %d_i_1_read, i16 %trunc_ln67_1" [array_io.c:69]   --->   Operation 20 'add' 'add_ln69_1' <Predicate = true> <Delay = 1.12> <CoreInst = "Adder">   --->   Core 1 'Adder' <Latency = 0> <II = 1> <Delay = 1.12> <FuncUnit> <Opcode : 'add' 'sub'> <InPorts = 2> <OutPorts = 1>
ST_2 : Operation 21 [1/1] (1.46ns)   --->   "%write_ln69 = write void @_ssdm_op_Write.ap_fifo.volatile.i16P0A, i16 %d_o_1, i16 %add_ln69_1" [array_io.c:69]   --->   Operation 21 'write' 'write_ln69' <Predicate = true> <Delay = 1.46> <CoreInst = "FIFO">   --->   Core 78 'FIFO' <Latency = 0> <II = 1> <Delay = 1.72> <Storage> <Opcode : 'read' 'write' 'nbread' 'nbwrite'> <Ports = 0> <Width = -1> <Depth = -1> <FIFO>
ST_2 : Operation 22 [1/1] (0.00ns)   --->   "%acc_2_load = load i32 %acc_2" [array_io.c:67]   --->   Operation 22 'load' 'acc_2_load' <Predicate = true> <Delay = 0.00>
ST_2 : Operation 23 [1/1] (0.00ns)   --->   "%trunc_ln67_2 = trunc i32 %acc_2_load" [array_io.c:67]   --->   Operation 23 'trunc' 'trunc_ln67_2' <Predicate = true> <Delay = 0.00>
ST_2 : Operation 24 [1/1] (1.12ns)   --->   "%add_ln69_2 = add i16 %d_i_2_read, i16 %trunc_ln67_2" [array_io.c:69]   --->   Operation 24 'add' 'add_ln69_2' <Predicate = true> <Delay = 1.12> <CoreInst = "Adder">   --->   Core 1 'Adder' <Latency = 0> <II = 1> <Delay = 1.12> <FuncUnit> <Opcode : 'add' 'sub'> <InPorts = 2> <OutPorts = 1>
ST_2 : Operation 25 [1/1] (1.46ns)   --->   "%write_ln69 = write void @_ssdm_op_Write.ap_fifo.volatile.i16P0A, i16 %d_o_2, i16 %add_ln69_2" [array_io.c:69]   --->   Operation 25 'write' 'write_ln69' <Predicate = true> <Delay = 1.46> <CoreInst = "FIFO">   --->   Core 78 'FIFO' <Latency = 0> <II = 1> <Delay = 1.72> <Storage> <Opcode : 'read' 'write' 'nbread' 'nbwrite'> <Ports = 0> <Width = -1> <Depth = -1> <FIFO>
ST_2 : Operation 26 [1/1] (0.00ns)   --->   "%acc_3_load = load i32 %acc_3" [array_io.c:67]   --->   Operation 26 'load' 'acc_3_load' <Predicate = true> <Delay = 0.00>
ST_2 : Operation 27 [1/1] (0.00ns)   --->   "%trunc_ln67_3 = trunc i32 %acc_3_load" [array_io.c:67]   --->   Operation 27 'trunc' 'trunc_ln67_3' <Predicate = true> <Delay = 0.00>
ST_2 : Operation 28 [1/1] (1.12ns)   --->   "%add_ln69_3 = add i16 %d_i_3_read, i16 %trunc_ln67_3" [array_io.c:69]   --->   Operation 28 'add' 'add_ln69_3' <Predicate = true> <Delay = 1.12> <CoreInst = "Adder">   --->   Core 1 'Adder' <Latency = 0> <II = 1> <Delay = 1.12> <FuncUnit> <Opcode : 'add' 'sub'> <InPorts = 2> <OutPorts = 1>
ST_2 : Operation 29 [1/1] (1.46ns)   --->   "%write_ln69 = write void @_ssdm_op_Write.ap_fifo.volatile.i16P0A, i16 %d_o_3, i16 %add_ln69_3" [array_io.c:69]   --->   Operation 29 'write' 'write_ln69' <Predicate = true> <Delay = 1.46> <CoreInst = "FIFO">   --->   Core 78 'FIFO' <Latency = 0> <II = 1> <Delay = 1.72> <Storage> <Opcode : 'read' 'write' 'nbread' 'nbwrite'> <Ports = 0> <Width = -1> <Depth = -1> <FIFO>
ST_2 : Operation 30 [1/1] (0.00ns)   --->   "%acc_4_load = load i32 %acc_4" [array_io.c:67]   --->   Operation 30 'load' 'acc_4_load' <Predicate = true> <Delay = 0.00>
ST_2 : Operation 31 [1/1] (0.00ns)   --->   "%trunc_ln67_4 = trunc i32 %acc_4_load" [array_io.c:67]   --->   Operation 31 'trunc' 'trunc_ln67_4' <Predicate = true> <Delay = 0.00>
ST_2 : Operation 32 [1/1] (1.12ns)   --->   "%add_ln69_4 = add i16 %d_i_4_read, i16 %trunc_ln67_4" [array_io.c:69]   --->   Operation 32 'add' 'add_ln69_4' <Predicate = true> <Delay = 1.12> <CoreInst = "Adder">   --->   Core 1 'Adder' <Latency = 0> <II = 1> <Delay = 1.12> <FuncUnit> <Opcode : 'add' 'sub'> <InPorts = 2> <OutPorts = 1>
ST_2 : Operation 33 [1/1] (1.46ns)   --->   "%write_ln69 = write void @_ssdm_op_Write.ap_fifo.volatile.i16P0A, i16 %d_o_4, i16 %add_ln69_4" [array_io.c:69]   --->   Operation 33 'write' 'write_ln69' <Predicate = true> <Delay = 1.46> <CoreInst = "FIFO">   --->   Core 78 'FIFO' <Latency = 0> <II = 1> <Delay = 1.72> <Storage> <Opcode : 'read' 'write' 'nbread' 'nbwrite'> <Ports = 0> <Width = -1> <Depth = -1> <FIFO>
ST_2 : Operation 34 [1/1] (0.00ns)   --->   "%acc_5_load = load i32 %acc_5" [array_io.c:67]   --->   Operation 34 'load' 'acc_5_load' <Predicate = true> <Delay = 0.00>
ST_2 : Operation 35 [1/1] (0.00ns)   --->   "%trunc_ln67_5 = trunc i32 %acc_5_load" [array_io.c:67]   --->   Operation 35 'trunc' 'trunc_ln67_5' <Predicate = true> <Delay = 0.00>
ST_2 : Operation 36 [1/1] (1.12ns)   --->   "%add_ln69_5 = add i16 %d_i_5_read, i16 %trunc_ln67_5" [array_io.c:69]   --->   Operation 36 'add' 'add_ln69_5' <Predicate = true> <Delay = 1.12> <CoreInst = "Adder">   --->   Core 1 'Adder' <Latency = 0> <II = 1> <Delay = 1.12> <FuncUnit> <Opcode : 'add' 'sub'> <InPorts = 2> <OutPorts = 1>
ST_2 : Operation 37 [1/1] (1.46ns)   --->   "%write_ln69 = write void @_ssdm_op_Write.ap_fifo.volatile.i16P0A, i16 %d_o_5, i16 %add_ln69_5" [array_io.c:69]   --->   Operation 37 'write' 'write_ln69' <Predicate = true> <Delay = 1.46> <CoreInst = "FIFO">   --->   Core 78 'FIFO' <Latency = 0> <II = 1> <Delay = 1.72> <Storage> <Opcode : 'read' 'write' 'nbread' 'nbwrite'> <Ports = 0> <Width = -1> <Depth = -1> <FIFO>
ST_2 : Operation 38 [1/1] (0.00ns)   --->   "%acc_6_load = load i32 %acc_6" [array_io.c:67]   --->   Operation 38 'load' 'acc_6_load' <Predicate = true> <Delay = 0.00>
ST_2 : Operation 39 [1/1] (0.00ns)   --->   "%trunc_ln67_6 = trunc i32 %acc_6_load" [array_io.c:67]   --->   Operation 39 'trunc' 'trunc_ln67_6' <Predicate = true> <Delay = 0.00>
ST_2 : Operation 40 [1/1] (1.12ns)   --->   "%add_ln69_6 = add i16 %d_i_6_read, i16 %trunc_ln67_6" [array_io.c:69]   --->   Operation 40 'add' 'add_ln69_6' <Predicate = true> <Delay = 1.12> <CoreInst = "Adder">   --->   Core 1 'Adder' <Latency = 0> <II = 1> <Delay = 1.12> <FuncUnit> <Opcode : 'add' 'sub'> <InPorts = 2> <OutPorts = 1>
ST_2 : Operation 41 [1/1] (1.46ns)   --->   "%write_ln69 = write void @_ssdm_op_Write.ap_fifo.volatile.i16P0A, i16 %d_o_6, i16 %add_ln69_6" [array_io.c:69]   --->   Operation 41 'write' 'write_ln69' <Predicate = true> <Delay = 1.46> <CoreInst = "FIFO">   --->   Core 78 'FIFO' <Latency = 0> <II = 1> <Delay = 1.72> <Storage> <Opcode : 'read' 'write' 'nbread' 'nbwrite'> <Ports = 0> <Width = -1> <Depth = -1> <FIFO>
ST_2 : Operation 42 [1/1] (0.00ns)   --->   "%acc_7_load = load i32 %acc_7" [array_io.c:67]   --->   Operation 42 'load' 'acc_7_load' <Predicate = true> <Delay = 0.00>
ST_2 : Operation 43 [1/1] (0.00ns)   --->   "%trunc_ln67_7 = trunc i32 %acc_7_load" [array_io.c:67]   --->   Operation 43 'trunc' 'trunc_ln67_7' <Predicate = true> <Delay = 0.00>
ST_2 : Operation 44 [1/1] (1.12ns)   --->   "%add_ln69_7 = add i16 %d_i_7_read, i16 %trunc_ln67_7" [array_io.c:69]   --->   Operation 44 'add' 'add_ln69_7' <Predicate = true> <Delay = 1.12> <CoreInst = "Adder">   --->   Core 1 'Adder' <Latency = 0> <II = 1> <Delay = 1.12> <FuncUnit> <Opcode : 'add' 'sub'> <InPorts = 2> <OutPorts = 1>
ST_2 : Operation 45 [1/1] (1.46ns)   --->   "%write_ln69 = write void @_ssdm_op_Write.ap_fifo.volatile.i16P0A, i16 %d_o_7, i16 %add_ln69_7" [array_io.c:69]   --->   Operation 45 'write' 'write_ln69' <Predicate = true> <Delay = 1.46> <CoreInst = "FIFO">   --->   Core 78 'FIFO' <Latency = 0> <II = 1> <Delay = 1.72> <Storage> <Opcode : 'read' 'write' 'nbread' 'nbwrite'> <Ports = 0> <Width = -1> <Depth = -1> <FIFO>
ST_2 : Operation 46 [1/1] (1.46ns)   --->   "%d_i_0_read_1 = read i16 @_ssdm_op_Read.ap_fifo.volatile.i16P0A, i16 %d_i_0" [array_io.c:67]   --->   Operation 46 'read' 'd_i_0_read_1' <Predicate = true> <Delay = 1.46> <CoreInst = "FIFO">   --->   Core 78 'FIFO' <Latency = 0> <II = 1> <Delay = 1.72> <Storage> <Opcode : 'read' 'write' 'nbread' 'nbwrite'> <Ports = 0> <Width = -1> <Depth = -1> <FIFO>
ST_2 : Operation 47 [1/1] (1.46ns)   --->   "%d_i_1_read_1 = read i16 @_ssdm_op_Read.ap_fifo.volatile.i16P0A, i16 %d_i_1" [array_io.c:67]   --->   Operation 47 'read' 'd_i_1_read_1' <Predicate = true> <Delay = 1.46> <CoreInst = "FIFO">   --->   Core 78 'FIFO' <Latency = 0> <II = 1> <Delay = 1.72> <Storage> <Opcode : 'read' 'write' 'nbread' 'nbwrite'> <Ports = 0> <Width = -1> <Depth = -1> <FIFO>
ST_2 : Operation 48 [1/1] (1.46ns)   --->   "%d_i_2_read_1 = read i16 @_ssdm_op_Read.ap_fifo.volatile.i16P0A, i16 %d_i_2" [array_io.c:67]   --->   Operation 48 'read' 'd_i_2_read_1' <Predicate = true> <Delay = 1.46> <CoreInst = "FIFO">   --->   Core 78 'FIFO' <Latency = 0> <II = 1> <Delay = 1.72> <Storage> <Opcode : 'read' 'write' 'nbread' 'nbwrite'> <Ports = 0> <Width = -1> <Depth = -1> <FIFO>
ST_2 : Operation 49 [1/1] (1.46ns)   --->   "%d_i_3_read_1 = read i16 @_ssdm_op_Read.ap_fifo.volatile.i16P0A, i16 %d_i_3" [array_io.c:67]   --->   Operation 49 'read' 'd_i_3_read_1' <Predicate = true> <Delay = 1.46> <CoreInst = "FIFO">   --->   Core 78 'FIFO' <Latency = 0> <II = 1> <Delay = 1.72> <Storage> <Opcode : 'read' 'write' 'nbread' 'nbwrite'> <Ports = 0> <Width = -1> <Depth = -1> <FIFO>
ST_2 : Operation 50 [1/1] (1.46ns)   --->   "%d_i_4_read_1 = read i16 @_ssdm_op_Read.ap_fifo.volatile.i16P0A, i16 %d_i_4" [array_io.c:67]   --->   Operation 50 'read' 'd_i_4_read_1' <Predicate = true> <Delay = 1.46> <CoreInst = "FIFO">   --->   Core 78 'FIFO' <Latency = 0> <II = 1> <Delay = 1.72> <Storage> <Opcode : 'read' 'write' 'nbread' 'nbwrite'> <Ports = 0> <Width = -1> <Depth = -1> <FIFO>
ST_2 : Operation 51 [1/1] (1.46ns)   --->   "%d_i_5_read_1 = read i16 @_ssdm_op_Read.ap_fifo.volatile.i16P0A, i16 %d_i_5" [array_io.c:67]   --->   Operation 51 'read' 'd_i_5_read_1' <Predicate = true> <Delay = 1.46> <CoreInst = "FIFO">   --->   Core 78 'FIFO' <Latency = 0> <II = 1> <Delay = 1.72> <Storage> <Opcode : 'read' 'write' 'nbread' 'nbwrite'> <Ports = 0> <Width = -1> <Depth = -1> <FIFO>
ST_2 : Operation 52 [1/1] (1.46ns)   --->   "%d_i_6_read_1 = read i16 @_ssdm_op_Read.ap_fifo.volatile.i16P0A, i16 %d_i_6" [array_io.c:67]   --->   Operation 52 'read' 'd_i_6_read_1' <Predicate = true> <Delay = 1.46> <CoreInst = "FIFO">   --->   Core 78 'FIFO' <Latency = 0> <II = 1> <Delay = 1.72> <Storage> <Opcode : 'read' 'write' 'nbread' 'nbwrite'> <Ports = 0> <Width = -1> <Depth = -1> <FIFO>
ST_2 : Operation 53 [1/1] (1.46ns)   --->   "%d_i_7_read_1 = read i16 @_ssdm_op_Read.ap_fifo.volatile.i16P0A, i16 %d_i_7" [array_io.c:67]   --->   Operation 53 'read' 'd_i_7_read_1' <Predicate = true> <Delay = 1.46> <CoreInst = "FIFO">   --->   Core 78 'FIFO' <Latency = 0> <II = 1> <Delay = 1.72> <Storage> <Opcode : 'read' 'write' 'nbread' 'nbwrite'> <Ports = 0> <Width = -1> <Depth = -1> <FIFO>

State 3 <SV = 2> <Delay = 2.58>
ST_3 : Operation 54 [1/1] (1.12ns)   --->   "%add_ln69_8 = add i16 %d_i_0_read_1, i16 %add_ln69" [array_io.c:69]   --->   Operation 54 'add' 'add_ln69_8' <Predicate = true> <Delay = 1.12> <CoreInst = "Adder">   --->   Core 1 'Adder' <Latency = 0> <II = 1> <Delay = 1.12> <FuncUnit> <Opcode : 'add' 'sub'> <InPorts = 2> <OutPorts = 1>
ST_3 : Operation 55 [1/1] (1.46ns)   --->   "%write_ln69 = write void @_ssdm_op_Write.ap_fifo.volatile.i16P0A, i16 %d_o_0, i16 %add_ln69_8" [array_io.c:69]   --->   Operation 55 'write' 'write_ln69' <Predicate = true> <Delay = 1.46> <CoreInst = "FIFO">   --->   Core 78 'FIFO' <Latency = 0> <II = 1> <Delay = 1.72> <Storage> <Opcode : 'read' 'write' 'nbread' 'nbwrite'> <Ports = 0> <Width = -1> <Depth = -1> <FIFO>
ST_3 : Operation 56 [1/1] (1.12ns)   --->   "%add_ln69_9 = add i16 %d_i_1_read_1, i16 %add_ln69_1" [array_io.c:69]   --->   Operation 56 'add' 'add_ln69_9' <Predicate = true> <Delay = 1.12> <CoreInst = "Adder">   --->   Core 1 'Adder' <Latency = 0> <II = 1> <Delay = 1.12> <FuncUnit> <Opcode : 'add' 'sub'> <InPorts = 2> <OutPorts = 1>
ST_3 : Operation 57 [1/1] (1.46ns)   --->   "%write_ln69 = write void @_ssdm_op_Write.ap_fifo.volatile.i16P0A, i16 %d_o_1, i16 %add_ln69_9" [array_io.c:69]   --->   Operation 57 'write' 'write_ln69' <Predicate = true> <Delay = 1.46> <CoreInst = "FIFO">   --->   Core 78 'FIFO' <Latency = 0> <II = 1> <Delay = 1.72> <Storage> <Opcode : 'read' 'write' 'nbread' 'nbwrite'> <Ports = 0> <Width = -1> <Depth = -1> <FIFO>
ST_3 : Operation 58 [1/1] (1.12ns)   --->   "%add_ln69_10 = add i16 %d_i_2_read_1, i16 %add_ln69_2" [array_io.c:69]   --->   Operation 58 'add' 'add_ln69_10' <Predicate = true> <Delay = 1.12> <CoreInst = "Adder">   --->   Core 1 'Adder' <Latency = 0> <II = 1> <Delay = 1.12> <FuncUnit> <Opcode : 'add' 'sub'> <InPorts = 2> <OutPorts = 1>
ST_3 : Operation 59 [1/1] (1.46ns)   --->   "%write_ln69 = write void @_ssdm_op_Write.ap_fifo.volatile.i16P0A, i16 %d_o_2, i16 %add_ln69_10" [array_io.c:69]   --->   Operation 59 'write' 'write_ln69' <Predicate = true> <Delay = 1.46> <CoreInst = "FIFO">   --->   Core 78 'FIFO' <Latency = 0> <II = 1> <Delay = 1.72> <Storage> <Opcode : 'read' 'write' 'nbread' 'nbwrite'> <Ports = 0> <Width = -1> <Depth = -1> <FIFO>
ST_3 : Operation 60 [1/1] (1.12ns)   --->   "%add_ln69_11 = add i16 %d_i_3_read_1, i16 %add_ln69_3" [array_io.c:69]   --->   Operation 60 'add' 'add_ln69_11' <Predicate = true> <Delay = 1.12> <CoreInst = "Adder">   --->   Core 1 'Adder' <Latency = 0> <II = 1> <Delay = 1.12> <FuncUnit> <Opcode : 'add' 'sub'> <InPorts = 2> <OutPorts = 1>
ST_3 : Operation 61 [1/1] (1.46ns)   --->   "%write_ln69 = write void @_ssdm_op_Write.ap_fifo.volatile.i16P0A, i16 %d_o_3, i16 %add_ln69_11" [array_io.c:69]   --->   Operation 61 'write' 'write_ln69' <Predicate = true> <Delay = 1.46> <CoreInst = "FIFO">   --->   Core 78 'FIFO' <Latency = 0> <II = 1> <Delay = 1.72> <Storage> <Opcode : 'read' 'write' 'nbread' 'nbwrite'> <Ports = 0> <Width = -1> <Depth = -1> <FIFO>
ST_3 : Operation 62 [1/1] (1.12ns)   --->   "%add_ln69_12 = add i16 %d_i_4_read_1, i16 %add_ln69_4" [array_io.c:69]   --->   Operation 62 'add' 'add_ln69_12' <Predicate = true> <Delay = 1.12> <CoreInst = "Adder">   --->   Core 1 'Adder' <Latency = 0> <II = 1> <Delay = 1.12> <FuncUnit> <Opcode : 'add' 'sub'> <InPorts = 2> <OutPorts = 1>
ST_3 : Operation 63 [1/1] (1.46ns)   --->   "%write_ln69 = write void @_ssdm_op_Write.ap_fifo.volatile.i16P0A, i16 %d_o_4, i16 %add_ln69_12" [array_io.c:69]   --->   Operation 63 'write' 'write_ln69' <Predicate = true> <Delay = 1.46> <CoreInst = "FIFO">   --->   Core 78 'FIFO' <Latency = 0> <II = 1> <Delay = 1.72> <Storage> <Opcode : 'read' 'write' 'nbread' 'nbwrite'> <Ports = 0> <Width = -1> <Depth = -1> <FIFO>
ST_3 : Operation 64 [1/1] (1.12ns)   --->   "%add_ln69_13 = add i16 %d_i_5_read_1, i16 %add_ln69_5" [array_io.c:69]   --->   Operation 64 'add' 'add_ln69_13' <Predicate = true> <Delay = 1.12> <CoreInst = "Adder">   --->   Core 1 'Adder' <Latency = 0> <II = 1> <Delay = 1.12> <FuncUnit> <Opcode : 'add' 'sub'> <InPorts = 2> <OutPorts = 1>
ST_3 : Operation 65 [1/1] (1.46ns)   --->   "%write_ln69 = write void @_ssdm_op_Write.ap_fifo.volatile.i16P0A, i16 %d_o_5, i16 %add_ln69_13" [array_io.c:69]   --->   Operation 65 'write' 'write_ln69' <Predicate = true> <Delay = 1.46> <CoreInst = "FIFO">   --->   Core 78 'FIFO' <Latency = 0> <II = 1> <Delay = 1.72> <Storage> <Opcode : 'read' 'write' 'nbread' 'nbwrite'> <Ports = 0> <Width = -1> <Depth = -1> <FIFO>
ST_3 : Operation 66 [1/1] (1.12ns)   --->   "%add_ln69_14 = add i16 %d_i_6_read_1, i16 %add_ln69_6" [array_io.c:69]   --->   Operation 66 'add' 'add_ln69_14' <Predicate = true> <Delay = 1.12> <CoreInst = "Adder">   --->   Core 1 'Adder' <Latency = 0> <II = 1> <Delay = 1.12> <FuncUnit> <Opcode : 'add' 'sub'> <InPorts = 2> <OutPorts = 1>
ST_3 : Operation 67 [1/1] (1.46ns)   --->   "%write_ln69 = write void @_ssdm_op_Write.ap_fifo.volatile.i16P0A, i16 %d_o_6, i16 %add_ln69_14" [array_io.c:69]   --->   Operation 67 'write' 'write_ln69' <Predicate = true> <Delay = 1.46> <CoreInst = "FIFO">   --->   Core 78 'FIFO' <Latency = 0> <II = 1> <Delay = 1.72> <Storage> <Opcode : 'read' 'write' 'nbread' 'nbwrite'> <Ports = 0> <Width = -1> <Depth = -1> <FIFO>
ST_3 : Operation 68 [1/1] (1.12ns)   --->   "%add_ln69_15 = add i16 %d_i_7_read_1, i16 %add_ln69_7" [array_io.c:69]   --->   Operation 68 'add' 'add_ln69_15' <Predicate = true> <Delay = 1.12> <CoreInst = "Adder">   --->   Core 1 'Adder' <Latency = 0> <II = 1> <Delay = 1.12> <FuncUnit> <Opcode : 'add' 'sub'> <InPorts = 2> <OutPorts = 1>
ST_3 : Operation 69 [1/1] (1.46ns)   --->   "%write_ln69 = write void @_ssdm_op_Write.ap_fifo.volatile.i16P0A, i16 %d_o_7, i16 %add_ln69_15" [array_io.c:69]   --->   Operation 69 'write' 'write_ln69' <Predicate = true> <Delay = 1.46> <CoreInst = "FIFO">   --->   Core 78 'FIFO' <Latency = 0> <II = 1> <Delay = 1.72> <Storage> <Opcode : 'read' 'write' 'nbread' 'nbwrite'> <Ports = 0> <Width = -1> <Depth = -1> <FIFO>
ST_3 : Operation 70 [1/1] (1.46ns)   --->   "%d_i_0_read_2 = read i16 @_ssdm_op_Read.ap_fifo.volatile.i16P0A, i16 %d_i_0" [array_io.c:67]   --->   Operation 70 'read' 'd_i_0_read_2' <Predicate = true> <Delay = 1.46> <CoreInst = "FIFO">   --->   Core 78 'FIFO' <Latency = 0> <II = 1> <Delay = 1.72> <Storage> <Opcode : 'read' 'write' 'nbread' 'nbwrite'> <Ports = 0> <Width = -1> <Depth = -1> <FIFO>
ST_3 : Operation 71 [1/1] (1.46ns)   --->   "%d_i_1_read_2 = read i16 @_ssdm_op_Read.ap_fifo.volatile.i16P0A, i16 %d_i_1" [array_io.c:67]   --->   Operation 71 'read' 'd_i_1_read_2' <Predicate = true> <Delay = 1.46> <CoreInst = "FIFO">   --->   Core 78 'FIFO' <Latency = 0> <II = 1> <Delay = 1.72> <Storage> <Opcode : 'read' 'write' 'nbread' 'nbwrite'> <Ports = 0> <Width = -1> <Depth = -1> <FIFO>
ST_3 : Operation 72 [1/1] (1.46ns)   --->   "%d_i_2_read_2 = read i16 @_ssdm_op_Read.ap_fifo.volatile.i16P0A, i16 %d_i_2" [array_io.c:67]   --->   Operation 72 'read' 'd_i_2_read_2' <Predicate = true> <Delay = 1.46> <CoreInst = "FIFO">   --->   Core 78 'FIFO' <Latency = 0> <II = 1> <Delay = 1.72> <Storage> <Opcode : 'read' 'write' 'nbread' 'nbwrite'> <Ports = 0> <Width = -1> <Depth = -1> <FIFO>
ST_3 : Operation 73 [1/1] (1.46ns)   --->   "%d_i_3_read_2 = read i16 @_ssdm_op_Read.ap_fifo.volatile.i16P0A, i16 %d_i_3" [array_io.c:67]   --->   Operation 73 'read' 'd_i_3_read_2' <Predicate = true> <Delay = 1.46> <CoreInst = "FIFO">   --->   Core 78 'FIFO' <Latency = 0> <II = 1> <Delay = 1.72> <Storage> <Opcode : 'read' 'write' 'nbread' 'nbwrite'> <Ports = 0> <Width = -1> <Depth = -1> <FIFO>
ST_3 : Operation 74 [1/1] (1.46ns)   --->   "%d_i_4_read_2 = read i16 @_ssdm_op_Read.ap_fifo.volatile.i16P0A, i16 %d_i_4" [array_io.c:67]   --->   Operation 74 'read' 'd_i_4_read_2' <Predicate = true> <Delay = 1.46> <CoreInst = "FIFO">   --->   Core 78 'FIFO' <Latency = 0> <II = 1> <Delay = 1.72> <Storage> <Opcode : 'read' 'write' 'nbread' 'nbwrite'> <Ports = 0> <Width = -1> <Depth = -1> <FIFO>
ST_3 : Operation 75 [1/1] (1.46ns)   --->   "%d_i_5_read_2 = read i16 @_ssdm_op_Read.ap_fifo.volatile.i16P0A, i16 %d_i_5" [array_io.c:67]   --->   Operation 75 'read' 'd_i_5_read_2' <Predicate = true> <Delay = 1.46> <CoreInst = "FIFO">   --->   Core 78 'FIFO' <Latency = 0> <II = 1> <Delay = 1.72> <Storage> <Opcode : 'read' 'write' 'nbread' 'nbwrite'> <Ports = 0> <Width = -1> <Depth = -1> <FIFO>
ST_3 : Operation 76 [1/1] (1.46ns)   --->   "%d_i_6_read_2 = read i16 @_ssdm_op_Read.ap_fifo.volatile.i16P0A, i16 %d_i_6" [array_io.c:67]   --->   Operation 76 'read' 'd_i_6_read_2' <Predicate = true> <Delay = 1.46> <CoreInst = "FIFO">   --->   Core 78 'FIFO' <Latency = 0> <II = 1> <Delay = 1.72> <Storage> <Opcode : 'read' 'write' 'nbread' 'nbwrite'> <Ports = 0> <Width = -1> <Depth = -1> <FIFO>
ST_3 : Operation 77 [1/1] (1.46ns)   --->   "%d_i_7_read_2 = read i16 @_ssdm_op_Read.ap_fifo.volatile.i16P0A, i16 %d_i_7" [array_io.c:67]   --->   Operation 77 'read' 'd_i_7_read_2' <Predicate = true> <Delay = 1.46> <CoreInst = "FIFO">   --->   Core 78 'FIFO' <Latency = 0> <II = 1> <Delay = 1.72> <Storage> <Opcode : 'read' 'write' 'nbread' 'nbwrite'> <Ports = 0> <Width = -1> <Depth = -1> <FIFO>

State 4 <SV = 3> <Delay = 2.58>
ST_4 : Operation 78 [1/1] (0.00ns)   --->   "%sext_ln69_8 = sext i16 %d_i_0_read_2" [array_io.c:69]   --->   Operation 78 'sext' 'sext_ln69_8' <Predicate = true> <Delay = 0.00>
ST_4 : Operation 79 [1/1] (1.12ns)   --->   "%add_ln69_16 = add i16 %d_i_0_read_2, i16 %add_ln69_8" [array_io.c:69]   --->   Operation 79 'add' 'add_ln69_16' <Predicate = true> <Delay = 1.12> <CoreInst = "Adder">   --->   Core 1 'Adder' <Latency = 0> <II = 1> <Delay = 1.12> <FuncUnit> <Opcode : 'add' 'sub'> <InPorts = 2> <OutPorts = 1>
ST_4 : Operation 80 [1/1] (1.46ns)   --->   "%write_ln69 = write void @_ssdm_op_Write.ap_fifo.volatile.i16P0A, i16 %d_o_0, i16 %add_ln69_16" [array_io.c:69]   --->   Operation 80 'write' 'write_ln69' <Predicate = true> <Delay = 1.46> <CoreInst = "FIFO">   --->   Core 78 'FIFO' <Latency = 0> <II = 1> <Delay = 1.72> <Storage> <Opcode : 'read' 'write' 'nbread' 'nbwrite'> <Ports = 0> <Width = -1> <Depth = -1> <FIFO>
ST_4 : Operation 81 [1/1] (0.00ns)   --->   "%sext_ln69_9 = sext i16 %d_i_1_read_2" [array_io.c:69]   --->   Operation 81 'sext' 'sext_ln69_9' <Predicate = true> <Delay = 0.00>
ST_4 : Operation 82 [1/1] (1.12ns)   --->   "%add_ln69_17 = add i16 %d_i_1_read_2, i16 %add_ln69_9" [array_io.c:69]   --->   Operation 82 'add' 'add_ln69_17' <Predicate = true> <Delay = 1.12> <CoreInst = "Adder">   --->   Core 1 'Adder' <Latency = 0> <II = 1> <Delay = 1.12> <FuncUnit> <Opcode : 'add' 'sub'> <InPorts = 2> <OutPorts = 1>
ST_4 : Operation 83 [1/1] (1.46ns)   --->   "%write_ln69 = write void @_ssdm_op_Write.ap_fifo.volatile.i16P0A, i16 %d_o_1, i16 %add_ln69_17" [array_io.c:69]   --->   Operation 83 'write' 'write_ln69' <Predicate = true> <Delay = 1.46> <CoreInst = "FIFO">   --->   Core 78 'FIFO' <Latency = 0> <II = 1> <Delay = 1.72> <Storage> <Opcode : 'read' 'write' 'nbread' 'nbwrite'> <Ports = 0> <Width = -1> <Depth = -1> <FIFO>
ST_4 : Operation 84 [1/1] (0.00ns)   --->   "%sext_ln69_10 = sext i16 %d_i_2_read_2" [array_io.c:69]   --->   Operation 84 'sext' 'sext_ln69_10' <Predicate = true> <Delay = 0.00>
ST_4 : Operation 85 [1/1] (1.12ns)   --->   "%add_ln69_18 = add i16 %d_i_2_read_2, i16 %add_ln69_10" [array_io.c:69]   --->   Operation 85 'add' 'add_ln69_18' <Predicate = true> <Delay = 1.12> <CoreInst = "Adder">   --->   Core 1 'Adder' <Latency = 0> <II = 1> <Delay = 1.12> <FuncUnit> <Opcode : 'add' 'sub'> <InPorts = 2> <OutPorts = 1>
ST_4 : Operation 86 [1/1] (1.46ns)   --->   "%write_ln69 = write void @_ssdm_op_Write.ap_fifo.volatile.i16P0A, i16 %d_o_2, i16 %add_ln69_18" [array_io.c:69]   --->   Operation 86 'write' 'write_ln69' <Predicate = true> <Delay = 1.46> <CoreInst = "FIFO">   --->   Core 78 'FIFO' <Latency = 0> <II = 1> <Delay = 1.72> <Storage> <Opcode : 'read' 'write' 'nbread' 'nbwrite'> <Ports = 0> <Width = -1> <Depth = -1> <FIFO>
ST_4 : Operation 87 [1/1] (0.00ns)   --->   "%sext_ln69_11 = sext i16 %d_i_3_read_2" [array_io.c:69]   --->   Operation 87 'sext' 'sext_ln69_11' <Predicate = true> <Delay = 0.00>
ST_4 : Operation 88 [1/1] (1.12ns)   --->   "%add_ln69_19 = add i16 %d_i_3_read_2, i16 %add_ln69_11" [array_io.c:69]   --->   Operation 88 'add' 'add_ln69_19' <Predicate = true> <Delay = 1.12> <CoreInst = "Adder">   --->   Core 1 'Adder' <Latency = 0> <II = 1> <Delay = 1.12> <FuncUnit> <Opcode : 'add' 'sub'> <InPorts = 2> <OutPorts = 1>
ST_4 : Operation 89 [1/1] (1.46ns)   --->   "%write_ln69 = write void @_ssdm_op_Write.ap_fifo.volatile.i16P0A, i16 %d_o_3, i16 %add_ln69_19" [array_io.c:69]   --->   Operation 89 'write' 'write_ln69' <Predicate = true> <Delay = 1.46> <CoreInst = "FIFO">   --->   Core 78 'FIFO' <Latency = 0> <II = 1> <Delay = 1.72> <Storage> <Opcode : 'read' 'write' 'nbread' 'nbwrite'> <Ports = 0> <Width = -1> <Depth = -1> <FIFO>
ST_4 : Operation 90 [1/1] (0.00ns)   --->   "%sext_ln69_12 = sext i16 %d_i_4_read_2" [array_io.c:69]   --->   Operation 90 'sext' 'sext_ln69_12' <Predicate = true> <Delay = 0.00>
ST_4 : Operation 91 [1/1] (1.12ns)   --->   "%add_ln69_20 = add i16 %d_i_4_read_2, i16 %add_ln69_12" [array_io.c:69]   --->   Operation 91 'add' 'add_ln69_20' <Predicate = true> <Delay = 1.12> <CoreInst = "Adder">   --->   Core 1 'Adder' <Latency = 0> <II = 1> <Delay = 1.12> <FuncUnit> <Opcode : 'add' 'sub'> <InPorts = 2> <OutPorts = 1>
ST_4 : Operation 92 [1/1] (1.46ns)   --->   "%write_ln69 = write void @_ssdm_op_Write.ap_fifo.volatile.i16P0A, i16 %d_o_4, i16 %add_ln69_20" [array_io.c:69]   --->   Operation 92 'write' 'write_ln69' <Predicate = true> <Delay = 1.46> <CoreInst = "FIFO">   --->   Core 78 'FIFO' <Latency = 0> <II = 1> <Delay = 1.72> <Storage> <Opcode : 'read' 'write' 'nbread' 'nbwrite'> <Ports = 0> <Width = -1> <Depth = -1> <FIFO>
ST_4 : Operation 93 [1/1] (0.00ns)   --->   "%sext_ln69_13 = sext i16 %d_i_5_read_2" [array_io.c:69]   --->   Operation 93 'sext' 'sext_ln69_13' <Predicate = true> <Delay = 0.00>
ST_4 : Operation 94 [1/1] (1.12ns)   --->   "%add_ln69_21 = add i16 %d_i_5_read_2, i16 %add_ln69_13" [array_io.c:69]   --->   Operation 94 'add' 'add_ln69_21' <Predicate = true> <Delay = 1.12> <CoreInst = "Adder">   --->   Core 1 'Adder' <Latency = 0> <II = 1> <Delay = 1.12> <FuncUnit> <Opcode : 'add' 'sub'> <InPorts = 2> <OutPorts = 1>
ST_4 : Operation 95 [1/1] (1.46ns)   --->   "%write_ln69 = write void @_ssdm_op_Write.ap_fifo.volatile.i16P0A, i16 %d_o_5, i16 %add_ln69_21" [array_io.c:69]   --->   Operation 95 'write' 'write_ln69' <Predicate = true> <Delay = 1.46> <CoreInst = "FIFO">   --->   Core 78 'FIFO' <Latency = 0> <II = 1> <Delay = 1.72> <Storage> <Opcode : 'read' 'write' 'nbread' 'nbwrite'> <Ports = 0> <Width = -1> <Depth = -1> <FIFO>
ST_4 : Operation 96 [1/1] (0.00ns)   --->   "%sext_ln69_14 = sext i16 %d_i_6_read_2" [array_io.c:69]   --->   Operation 96 'sext' 'sext_ln69_14' <Predicate = true> <Delay = 0.00>
ST_4 : Operation 97 [1/1] (1.12ns)   --->   "%add_ln69_22 = add i16 %d_i_6_read_2, i16 %add_ln69_14" [array_io.c:69]   --->   Operation 97 'add' 'add_ln69_22' <Predicate = true> <Delay = 1.12> <CoreInst = "Adder">   --->   Core 1 'Adder' <Latency = 0> <II = 1> <Delay = 1.12> <FuncUnit> <Opcode : 'add' 'sub'> <InPorts = 2> <OutPorts = 1>
ST_4 : Operation 98 [1/1] (1.46ns)   --->   "%write_ln69 = write void @_ssdm_op_Write.ap_fifo.volatile.i16P0A, i16 %d_o_6, i16 %add_ln69_22" [array_io.c:69]   --->   Operation 98 'write' 'write_ln69' <Predicate = true> <Delay = 1.46> <CoreInst = "FIFO">   --->   Core 78 'FIFO' <Latency = 0> <II = 1> <Delay = 1.72> <Storage> <Opcode : 'read' 'write' 'nbread' 'nbwrite'> <Ports = 0> <Width = -1> <Depth = -1> <FIFO>
ST_4 : Operation 99 [1/1] (0.00ns)   --->   "%sext_ln69_15 = sext i16 %d_i_7_read_2" [array_io.c:69]   --->   Operation 99 'sext' 'sext_ln69_15' <Predicate = true> <Delay = 0.00>
ST_4 : Operation 100 [1/1] (1.12ns)   --->   "%add_ln69_23 = add i16 %d_i_7_read_2, i16 %add_ln69_15" [array_io.c:69]   --->   Operation 100 'add' 'add_ln69_23' <Predicate = true> <Delay = 1.12> <CoreInst = "Adder">   --->   Core 1 'Adder' <Latency = 0> <II = 1> <Delay = 1.12> <FuncUnit> <Opcode : 'add' 'sub'> <InPorts = 2> <OutPorts = 1>
ST_4 : Operation 101 [1/1] (1.46ns)   --->   "%write_ln69 = write void @_ssdm_op_Write.ap_fifo.volatile.i16P0A, i16 %d_o_7, i16 %add_ln69_23" [array_io.c:69]   --->   Operation 101 'write' 'write_ln69' <Predicate = true> <Delay = 1.46> <CoreInst = "FIFO">   --->   Core 78 'FIFO' <Latency = 0> <II = 1> <Delay = 1.72> <Storage> <Opcode : 'read' 'write' 'nbread' 'nbwrite'> <Ports = 0> <Width = -1> <Depth = -1> <FIFO>
ST_4 : Operation 102 [1/1] (1.46ns)   --->   "%d_i_0_read_3 = read i16 @_ssdm_op_Read.ap_fifo.volatile.i16P0A, i16 %d_i_0" [array_io.c:67]   --->   Operation 102 'read' 'd_i_0_read_3' <Predicate = true> <Delay = 1.46> <CoreInst = "FIFO">   --->   Core 78 'FIFO' <Latency = 0> <II = 1> <Delay = 1.72> <Storage> <Opcode : 'read' 'write' 'nbread' 'nbwrite'> <Ports = 0> <Width = -1> <Depth = -1> <FIFO>
ST_4 : Operation 103 [1/1] (0.00ns)   --->   "%sext_ln67_8 = sext i16 %d_i_0_read_3" [array_io.c:67]   --->   Operation 103 'sext' 'sext_ln67_8' <Predicate = true> <Delay = 0.00>
ST_4 : Operation 104 [1/1] (1.12ns)   --->   "%add_ln67_1 = add i17 %sext_ln69_8, i17 %sext_ln67_8" [array_io.c:67]   --->   Operation 104 'add' 'add_ln67_1' <Predicate = true> <Delay = 1.12> <CoreInst = "Adder">   --->   Core 1 'Adder' <Latency = 0> <II = 1> <Delay = 1.12> <FuncUnit> <Opcode : 'add' 'sub'> <InPorts = 2> <OutPorts = 1>
ST_4 : Operation 105 [1/1] (1.12ns)   --->   "%add_ln69_24 = add i16 %d_i_0_read_3, i16 %add_ln69_16" [array_io.c:69]   --->   Operation 105 'add' 'add_ln69_24' <Predicate = true> <Delay = 1.12> <CoreInst = "Adder">   --->   Core 1 'Adder' <Latency = 0> <II = 1> <Delay = 1.12> <FuncUnit> <Opcode : 'add' 'sub'> <InPorts = 2> <OutPorts = 1>
ST_4 : Operation 106 [1/1] (1.46ns)   --->   "%d_i_1_read_3 = read i16 @_ssdm_op_Read.ap_fifo.volatile.i16P0A, i16 %d_i_1" [array_io.c:67]   --->   Operation 106 'read' 'd_i_1_read_3' <Predicate = true> <Delay = 1.46> <CoreInst = "FIFO">   --->   Core 78 'FIFO' <Latency = 0> <II = 1> <Delay = 1.72> <Storage> <Opcode : 'read' 'write' 'nbread' 'nbwrite'> <Ports = 0> <Width = -1> <Depth = -1> <FIFO>
ST_4 : Operation 107 [1/1] (0.00ns)   --->   "%sext_ln67_11 = sext i16 %d_i_1_read_3" [array_io.c:67]   --->   Operation 107 'sext' 'sext_ln67_11' <Predicate = true> <Delay = 0.00>
ST_4 : Operation 108 [1/1] (1.12ns)   --->   "%add_ln67_5 = add i17 %sext_ln69_9, i17 %sext_ln67_11" [array_io.c:67]   --->   Operation 108 'add' 'add_ln67_5' <Predicate = true> <Delay = 1.12> <CoreInst = "Adder">   --->   Core 1 'Adder' <Latency = 0> <II = 1> <Delay = 1.12> <FuncUnit> <Opcode : 'add' 'sub'> <InPorts = 2> <OutPorts = 1>
ST_4 : Operation 109 [1/1] (1.12ns)   --->   "%add_ln69_25 = add i16 %d_i_1_read_3, i16 %add_ln69_17" [array_io.c:69]   --->   Operation 109 'add' 'add_ln69_25' <Predicate = true> <Delay = 1.12> <CoreInst = "Adder">   --->   Core 1 'Adder' <Latency = 0> <II = 1> <Delay = 1.12> <FuncUnit> <Opcode : 'add' 'sub'> <InPorts = 2> <OutPorts = 1>
ST_4 : Operation 110 [1/1] (1.46ns)   --->   "%d_i_2_read_3 = read i16 @_ssdm_op_Read.ap_fifo.volatile.i16P0A, i16 %d_i_2" [array_io.c:67]   --->   Operation 110 'read' 'd_i_2_read_3' <Predicate = true> <Delay = 1.46> <CoreInst = "FIFO">   --->   Core 78 'FIFO' <Latency = 0> <II = 1> <Delay = 1.72> <Storage> <Opcode : 'read' 'write' 'nbread' 'nbwrite'> <Ports = 0> <Width = -1> <Depth = -1> <FIFO>
ST_4 : Operation 111 [1/1] (0.00ns)   --->   "%sext_ln67_14 = sext i16 %d_i_2_read_3" [array_io.c:67]   --->   Operation 111 'sext' 'sext_ln67_14' <Predicate = true> <Delay = 0.00>
ST_4 : Operation 112 [1/1] (1.12ns)   --->   "%add_ln67_9 = add i17 %sext_ln69_10, i17 %sext_ln67_14" [array_io.c:67]   --->   Operation 112 'add' 'add_ln67_9' <Predicate = true> <Delay = 1.12> <CoreInst = "Adder">   --->   Core 1 'Adder' <Latency = 0> <II = 1> <Delay = 1.12> <FuncUnit> <Opcode : 'add' 'sub'> <InPorts = 2> <OutPorts = 1>
ST_4 : Operation 113 [1/1] (1.12ns)   --->   "%add_ln69_26 = add i16 %d_i_2_read_3, i16 %add_ln69_18" [array_io.c:69]   --->   Operation 113 'add' 'add_ln69_26' <Predicate = true> <Delay = 1.12> <CoreInst = "Adder">   --->   Core 1 'Adder' <Latency = 0> <II = 1> <Delay = 1.12> <FuncUnit> <Opcode : 'add' 'sub'> <InPorts = 2> <OutPorts = 1>
ST_4 : Operation 114 [1/1] (1.46ns)   --->   "%d_i_3_read_3 = read i16 @_ssdm_op_Read.ap_fifo.volatile.i16P0A, i16 %d_i_3" [array_io.c:67]   --->   Operation 114 'read' 'd_i_3_read_3' <Predicate = true> <Delay = 1.46> <CoreInst = "FIFO">   --->   Core 78 'FIFO' <Latency = 0> <II = 1> <Delay = 1.72> <Storage> <Opcode : 'read' 'write' 'nbread' 'nbwrite'> <Ports = 0> <Width = -1> <Depth = -1> <FIFO>
ST_4 : Operation 115 [1/1] (0.00ns)   --->   "%sext_ln67_17 = sext i16 %d_i_3_read_3" [array_io.c:67]   --->   Operation 115 'sext' 'sext_ln67_17' <Predicate = true> <Delay = 0.00>
ST_4 : Operation 116 [1/1] (1.12ns)   --->   "%add_ln67_13 = add i17 %sext_ln69_11, i17 %sext_ln67_17" [array_io.c:67]   --->   Operation 116 'add' 'add_ln67_13' <Predicate = true> <Delay = 1.12> <CoreInst = "Adder">   --->   Core 1 'Adder' <Latency = 0> <II = 1> <Delay = 1.12> <FuncUnit> <Opcode : 'add' 'sub'> <InPorts = 2> <OutPorts = 1>
ST_4 : Operation 117 [1/1] (1.12ns)   --->   "%add_ln69_27 = add i16 %d_i_3_read_3, i16 %add_ln69_19" [array_io.c:69]   --->   Operation 117 'add' 'add_ln69_27' <Predicate = true> <Delay = 1.12> <CoreInst = "Adder">   --->   Core 1 'Adder' <Latency = 0> <II = 1> <Delay = 1.12> <FuncUnit> <Opcode : 'add' 'sub'> <InPorts = 2> <OutPorts = 1>
ST_4 : Operation 118 [1/1] (1.46ns)   --->   "%d_i_4_read_3 = read i16 @_ssdm_op_Read.ap_fifo.volatile.i16P0A, i16 %d_i_4" [array_io.c:67]   --->   Operation 118 'read' 'd_i_4_read_3' <Predicate = true> <Delay = 1.46> <CoreInst = "FIFO">   --->   Core 78 'FIFO' <Latency = 0> <II = 1> <Delay = 1.72> <Storage> <Opcode : 'read' 'write' 'nbread' 'nbwrite'> <Ports = 0> <Width = -1> <Depth = -1> <FIFO>
ST_4 : Operation 119 [1/1] (0.00ns)   --->   "%sext_ln67_20 = sext i16 %d_i_4_read_3" [array_io.c:67]   --->   Operation 119 'sext' 'sext_ln67_20' <Predicate = true> <Delay = 0.00>
ST_4 : Operation 120 [1/1] (1.12ns)   --->   "%add_ln67_17 = add i17 %sext_ln69_12, i17 %sext_ln67_20" [array_io.c:67]   --->   Operation 120 'add' 'add_ln67_17' <Predicate = true> <Delay = 1.12> <CoreInst = "Adder">   --->   Core 1 'Adder' <Latency = 0> <II = 1> <Delay = 1.12> <FuncUnit> <Opcode : 'add' 'sub'> <InPorts = 2> <OutPorts = 1>
ST_4 : Operation 121 [1/1] (1.12ns)   --->   "%add_ln69_28 = add i16 %d_i_4_read_3, i16 %add_ln69_20" [array_io.c:69]   --->   Operation 121 'add' 'add_ln69_28' <Predicate = true> <Delay = 1.12> <CoreInst = "Adder">   --->   Core 1 'Adder' <Latency = 0> <II = 1> <Delay = 1.12> <FuncUnit> <Opcode : 'add' 'sub'> <InPorts = 2> <OutPorts = 1>
ST_4 : Operation 122 [1/1] (1.46ns)   --->   "%d_i_5_read_3 = read i16 @_ssdm_op_Read.ap_fifo.volatile.i16P0A, i16 %d_i_5" [array_io.c:67]   --->   Operation 122 'read' 'd_i_5_read_3' <Predicate = true> <Delay = 1.46> <CoreInst = "FIFO">   --->   Core 78 'FIFO' <Latency = 0> <II = 1> <Delay = 1.72> <Storage> <Opcode : 'read' 'write' 'nbread' 'nbwrite'> <Ports = 0> <Width = -1> <Depth = -1> <FIFO>
ST_4 : Operation 123 [1/1] (0.00ns)   --->   "%sext_ln67_23 = sext i16 %d_i_5_read_3" [array_io.c:67]   --->   Operation 123 'sext' 'sext_ln67_23' <Predicate = true> <Delay = 0.00>
ST_4 : Operation 124 [1/1] (1.12ns)   --->   "%add_ln67_21 = add i17 %sext_ln69_13, i17 %sext_ln67_23" [array_io.c:67]   --->   Operation 124 'add' 'add_ln67_21' <Predicate = true> <Delay = 1.12> <CoreInst = "Adder">   --->   Core 1 'Adder' <Latency = 0> <II = 1> <Delay = 1.12> <FuncUnit> <Opcode : 'add' 'sub'> <InPorts = 2> <OutPorts = 1>
ST_4 : Operation 125 [1/1] (1.12ns)   --->   "%add_ln69_29 = add i16 %d_i_5_read_3, i16 %add_ln69_21" [array_io.c:69]   --->   Operation 125 'add' 'add_ln69_29' <Predicate = true> <Delay = 1.12> <CoreInst = "Adder">   --->   Core 1 'Adder' <Latency = 0> <II = 1> <Delay = 1.12> <FuncUnit> <Opcode : 'add' 'sub'> <InPorts = 2> <OutPorts = 1>
ST_4 : Operation 126 [1/1] (1.46ns)   --->   "%d_i_6_read_3 = read i16 @_ssdm_op_Read.ap_fifo.volatile.i16P0A, i16 %d_i_6" [array_io.c:67]   --->   Operation 126 'read' 'd_i_6_read_3' <Predicate = true> <Delay = 1.46> <CoreInst = "FIFO">   --->   Core 78 'FIFO' <Latency = 0> <II = 1> <Delay = 1.72> <Storage> <Opcode : 'read' 'write' 'nbread' 'nbwrite'> <Ports = 0> <Width = -1> <Depth = -1> <FIFO>
ST_4 : Operation 127 [1/1] (0.00ns)   --->   "%sext_ln67_26 = sext i16 %d_i_6_read_3" [array_io.c:67]   --->   Operation 127 'sext' 'sext_ln67_26' <Predicate = true> <Delay = 0.00>
ST_4 : Operation 128 [1/1] (1.12ns)   --->   "%add_ln67_25 = add i17 %sext_ln69_14, i17 %sext_ln67_26" [array_io.c:67]   --->   Operation 128 'add' 'add_ln67_25' <Predicate = true> <Delay = 1.12> <CoreInst = "Adder">   --->   Core 1 'Adder' <Latency = 0> <II = 1> <Delay = 1.12> <FuncUnit> <Opcode : 'add' 'sub'> <InPorts = 2> <OutPorts = 1>
ST_4 : Operation 129 [1/1] (1.12ns)   --->   "%add_ln69_30 = add i16 %d_i_6_read_3, i16 %add_ln69_22" [array_io.c:69]   --->   Operation 129 'add' 'add_ln69_30' <Predicate = true> <Delay = 1.12> <CoreInst = "Adder">   --->   Core 1 'Adder' <Latency = 0> <II = 1> <Delay = 1.12> <FuncUnit> <Opcode : 'add' 'sub'> <InPorts = 2> <OutPorts = 1>
ST_4 : Operation 130 [1/1] (1.46ns)   --->   "%d_i_7_read_3 = read i16 @_ssdm_op_Read.ap_fifo.volatile.i16P0A, i16 %d_i_7" [array_io.c:67]   --->   Operation 130 'read' 'd_i_7_read_3' <Predicate = true> <Delay = 1.46> <CoreInst = "FIFO">   --->   Core 78 'FIFO' <Latency = 0> <II = 1> <Delay = 1.72> <Storage> <Opcode : 'read' 'write' 'nbread' 'nbwrite'> <Ports = 0> <Width = -1> <Depth = -1> <FIFO>
ST_4 : Operation 131 [1/1] (0.00ns)   --->   "%sext_ln67_29 = sext i16 %d_i_7_read_3" [array_io.c:67]   --->   Operation 131 'sext' 'sext_ln67_29' <Predicate = true> <Delay = 0.00>
ST_4 : Operation 132 [1/1] (1.12ns)   --->   "%add_ln67_29 = add i17 %sext_ln69_15, i17 %sext_ln67_29" [array_io.c:67]   --->   Operation 132 'add' 'add_ln67_29' <Predicate = true> <Delay = 1.12> <CoreInst = "Adder">   --->   Core 1 'Adder' <Latency = 0> <II = 1> <Delay = 1.12> <FuncUnit> <Opcode : 'add' 'sub'> <InPorts = 2> <OutPorts = 1>
ST_4 : Operation 133 [1/1] (1.12ns)   --->   "%add_ln69_31 = add i16 %d_i_7_read_3, i16 %add_ln69_23" [array_io.c:69]   --->   Operation 133 'add' 'add_ln69_31' <Predicate = true> <Delay = 1.12> <CoreInst = "Adder">   --->   Core 1 'Adder' <Latency = 0> <II = 1> <Delay = 1.12> <FuncUnit> <Opcode : 'add' 'sub'> <InPorts = 2> <OutPorts = 1>

State 5 <SV = 4> <Delay = 2.02>
ST_5 : Operation 134 [1/1] (0.00ns)   --->   "%spectopmodule_ln57 = spectopmodule void @_ssdm_op_SpecTopModule, void @empty_1" [array_io.c:57]   --->   Operation 134 'spectopmodule' 'spectopmodule_ln57' <Predicate = true> <Delay = 0.00>
ST_5 : Operation 135 [1/1] (0.00ns)   --->   "%specinterface_ln0 = specinterface void @_ssdm_op_SpecInterface, i16 %d_o_0, void @empty_0, i32 0, i32 0, void @empty, i32 0, i32 0, void @empty, void @empty, void @empty, i32 0, i32 0, i32 0, i32 0, void @empty, void @empty, i32 4294967295, i32 0"   --->   Operation 135 'specinterface' 'specinterface_ln0' <Predicate = true> <Delay = 0.00>
ST_5 : Operation 136 [1/1] (0.00ns)   --->   "%specbitsmap_ln0 = specbitsmap void @_ssdm_op_SpecBitsMap, i16 %d_o_0"   --->   Operation 136 'specbitsmap' 'specbitsmap_ln0' <Predicate = true> <Delay = 0.00>
ST_5 : Operation 137 [1/1] (0.00ns)   --->   "%specinterface_ln0 = specinterface void @_ssdm_op_SpecInterface, i16 %d_o_1, void @empty_0, i32 0, i32 0, void @empty, i32 0, i32 0, void @empty, void @empty, void @empty, i32 0, i32 0, i32 0, i32 0, void @empty, void @empty, i32 4294967295, i32 0"   --->   Operation 137 'specinterface' 'specinterface_ln0' <Predicate = true> <Delay = 0.00>
ST_5 : Operation 138 [1/1] (0.00ns)   --->   "%specbitsmap_ln0 = specbitsmap void @_ssdm_op_SpecBitsMap, i16 %d_o_1"   --->   Operation 138 'specbitsmap' 'specbitsmap_ln0' <Predicate = true> <Delay = 0.00>
ST_5 : Operation 139 [1/1] (0.00ns)   --->   "%specinterface_ln0 = specinterface void @_ssdm_op_SpecInterface, i16 %d_o_2, void @empty_0, i32 0, i32 0, void @empty, i32 0, i32 0, void @empty, void @empty, void @empty, i32 0, i32 0, i32 0, i32 0, void @empty, void @empty, i32 4294967295, i32 0"   --->   Operation 139 'specinterface' 'specinterface_ln0' <Predicate = true> <Delay = 0.00>
ST_5 : Operation 140 [1/1] (0.00ns)   --->   "%specbitsmap_ln0 = specbitsmap void @_ssdm_op_SpecBitsMap, i16 %d_o_2"   --->   Operation 140 'specbitsmap' 'specbitsmap_ln0' <Predicate = true> <Delay = 0.00>
ST_5 : Operation 141 [1/1] (0.00ns)   --->   "%specinterface_ln0 = specinterface void @_ssdm_op_SpecInterface, i16 %d_o_3, void @empty_0, i32 0, i32 0, void @empty, i32 0, i32 0, void @empty, void @empty, void @empty, i32 0, i32 0, i32 0, i32 0, void @empty, void @empty, i32 4294967295, i32 0"   --->   Operation 141 'specinterface' 'specinterface_ln0' <Predicate = true> <Delay = 0.00>
ST_5 : Operation 142 [1/1] (0.00ns)   --->   "%specbitsmap_ln0 = specbitsmap void @_ssdm_op_SpecBitsMap, i16 %d_o_3"   --->   Operation 142 'specbitsmap' 'specbitsmap_ln0' <Predicate = true> <Delay = 0.00>
ST_5 : Operation 143 [1/1] (0.00ns)   --->   "%specinterface_ln0 = specinterface void @_ssdm_op_SpecInterface, i16 %d_o_4, void @empty_0, i32 0, i32 0, void @empty, i32 0, i32 0, void @empty, void @empty, void @empty, i32 0, i32 0, i32 0, i32 0, void @empty, void @empty, i32 4294967295, i32 0"   --->   Operation 143 'specinterface' 'specinterface_ln0' <Predicate = true> <Delay = 0.00>
ST_5 : Operation 144 [1/1] (0.00ns)   --->   "%specbitsmap_ln0 = specbitsmap void @_ssdm_op_SpecBitsMap, i16 %d_o_4"   --->   Operation 144 'specbitsmap' 'specbitsmap_ln0' <Predicate = true> <Delay = 0.00>
ST_5 : Operation 145 [1/1] (0.00ns)   --->   "%specinterface_ln0 = specinterface void @_ssdm_op_SpecInterface, i16 %d_o_5, void @empty_0, i32 0, i32 0, void @empty, i32 0, i32 0, void @empty, void @empty, void @empty, i32 0, i32 0, i32 0, i32 0, void @empty, void @empty, i32 4294967295, i32 0"   --->   Operation 145 'specinterface' 'specinterface_ln0' <Predicate = true> <Delay = 0.00>
ST_5 : Operation 146 [1/1] (0.00ns)   --->   "%specbitsmap_ln0 = specbitsmap void @_ssdm_op_SpecBitsMap, i16 %d_o_5"   --->   Operation 146 'specbitsmap' 'specbitsmap_ln0' <Predicate = true> <Delay = 0.00>
ST_5 : Operation 147 [1/1] (0.00ns)   --->   "%specinterface_ln0 = specinterface void @_ssdm_op_SpecInterface, i16 %d_o_6, void @empty_0, i32 0, i32 0, void @empty, i32 0, i32 0, void @empty, void @empty, void @empty, i32 0, i32 0, i32 0, i32 0, void @empty, void @empty, i32 4294967295, i32 0"   --->   Operation 147 'specinterface' 'specinterface_ln0' <Predicate = true> <Delay = 0.00>
ST_5 : Operation 148 [1/1] (0.00ns)   --->   "%specbitsmap_ln0 = specbitsmap void @_ssdm_op_SpecBitsMap, i16 %d_o_6"   --->   Operation 148 'specbitsmap' 'specbitsmap_ln0' <Predicate = true> <Delay = 0.00>
ST_5 : Operation 149 [1/1] (0.00ns)   --->   "%specinterface_ln0 = specinterface void @_ssdm_op_SpecInterface, i16 %d_o_7, void @empty_0, i32 0, i32 0, void @empty, i32 0, i32 0, void @empty, void @empty, void @empty, i32 0, i32 0, i32 0, i32 0, void @empty, void @empty, i32 4294967295, i32 0"   --->   Operation 149 'specinterface' 'specinterface_ln0' <Predicate = true> <Delay = 0.00>
ST_5 : Operation 150 [1/1] (0.00ns)   --->   "%specbitsmap_ln0 = specbitsmap void @_ssdm_op_SpecBitsMap, i16 %d_o_7"   --->   Operation 150 'specbitsmap' 'specbitsmap_ln0' <Predicate = true> <Delay = 0.00>
ST_5 : Operation 151 [1/1] (0.00ns)   --->   "%specinterface_ln0 = specinterface void @_ssdm_op_SpecInterface, i16 %d_i_0, void @empty_0, i32 0, i32 0, void @empty, i32 0, i32 0, void @empty, void @empty, void @empty, i32 0, i32 0, i32 0, i32 0, void @empty, void @empty, i32 4294967295, i32 0"   --->   Operation 151 'specinterface' 'specinterface_ln0' <Predicate = true> <Delay = 0.00>
ST_5 : Operation 152 [1/1] (0.00ns)   --->   "%specbitsmap_ln0 = specbitsmap void @_ssdm_op_SpecBitsMap, i16 %d_i_0"   --->   Operation 152 'specbitsmap' 'specbitsmap_ln0' <Predicate = true> <Delay = 0.00>
ST_5 : Operation 153 [1/1] (0.00ns)   --->   "%specinterface_ln0 = specinterface void @_ssdm_op_SpecInterface, i16 %d_i_1, void @empty_0, i32 0, i32 0, void @empty, i32 0, i32 0, void @empty, void @empty, void @empty, i32 0, i32 0, i32 0, i32 0, void @empty, void @empty, i32 4294967295, i32 0"   --->   Operation 153 'specinterface' 'specinterface_ln0' <Predicate = true> <Delay = 0.00>
ST_5 : Operation 154 [1/1] (0.00ns)   --->   "%specbitsmap_ln0 = specbitsmap void @_ssdm_op_SpecBitsMap, i16 %d_i_1"   --->   Operation 154 'specbitsmap' 'specbitsmap_ln0' <Predicate = true> <Delay = 0.00>
ST_5 : Operation 155 [1/1] (0.00ns)   --->   "%specinterface_ln0 = specinterface void @_ssdm_op_SpecInterface, i16 %d_i_2, void @empty_0, i32 0, i32 0, void @empty, i32 0, i32 0, void @empty, void @empty, void @empty, i32 0, i32 0, i32 0, i32 0, void @empty, void @empty, i32 4294967295, i32 0"   --->   Operation 155 'specinterface' 'specinterface_ln0' <Predicate = true> <Delay = 0.00>
ST_5 : Operation 156 [1/1] (0.00ns)   --->   "%specbitsmap_ln0 = specbitsmap void @_ssdm_op_SpecBitsMap, i16 %d_i_2"   --->   Operation 156 'specbitsmap' 'specbitsmap_ln0' <Predicate = true> <Delay = 0.00>
ST_5 : Operation 157 [1/1] (0.00ns)   --->   "%specinterface_ln0 = specinterface void @_ssdm_op_SpecInterface, i16 %d_i_3, void @empty_0, i32 0, i32 0, void @empty, i32 0, i32 0, void @empty, void @empty, void @empty, i32 0, i32 0, i32 0, i32 0, void @empty, void @empty, i32 4294967295, i32 0"   --->   Operation 157 'specinterface' 'specinterface_ln0' <Predicate = true> <Delay = 0.00>
ST_5 : Operation 158 [1/1] (0.00ns)   --->   "%specbitsmap_ln0 = specbitsmap void @_ssdm_op_SpecBitsMap, i16 %d_i_3"   --->   Operation 158 'specbitsmap' 'specbitsmap_ln0' <Predicate = true> <Delay = 0.00>
ST_5 : Operation 159 [1/1] (0.00ns)   --->   "%specinterface_ln0 = specinterface void @_ssdm_op_SpecInterface, i16 %d_i_4, void @empty_0, i32 0, i32 0, void @empty, i32 0, i32 0, void @empty, void @empty, void @empty, i32 0, i32 0, i32 0, i32 0, void @empty, void @empty, i32 4294967295, i32 0"   --->   Operation 159 'specinterface' 'specinterface_ln0' <Predicate = true> <Delay = 0.00>
ST_5 : Operation 160 [1/1] (0.00ns)   --->   "%specbitsmap_ln0 = specbitsmap void @_ssdm_op_SpecBitsMap, i16 %d_i_4"   --->   Operation 160 'specbitsmap' 'specbitsmap_ln0' <Predicate = true> <Delay = 0.00>
ST_5 : Operation 161 [1/1] (0.00ns)   --->   "%specinterface_ln0 = specinterface void @_ssdm_op_SpecInterface, i16 %d_i_5, void @empty_0, i32 0, i32 0, void @empty, i32 0, i32 0, void @empty, void @empty, void @empty, i32 0, i32 0, i32 0, i32 0, void @empty, void @empty, i32 4294967295, i32 0"   --->   Operation 161 'specinterface' 'specinterface_ln0' <Predicate = true> <Delay = 0.00>
ST_5 : Operation 162 [1/1] (0.00ns)   --->   "%specbitsmap_ln0 = specbitsmap void @_ssdm_op_SpecBitsMap, i16 %d_i_5"   --->   Operation 162 'specbitsmap' 'specbitsmap_ln0' <Predicate = true> <Delay = 0.00>
ST_5 : Operation 163 [1/1] (0.00ns)   --->   "%specinterface_ln0 = specinterface void @_ssdm_op_SpecInterface, i16 %d_i_6, void @empty_0, i32 0, i32 0, void @empty, i32 0, i32 0, void @empty, void @empty, void @empty, i32 0, i32 0, i32 0, i32 0, void @empty, void @empty, i32 4294967295, i32 0"   --->   Operation 163 'specinterface' 'specinterface_ln0' <Predicate = true> <Delay = 0.00>
ST_5 : Operation 164 [1/1] (0.00ns)   --->   "%specbitsmap_ln0 = specbitsmap void @_ssdm_op_SpecBitsMap, i16 %d_i_6"   --->   Operation 164 'specbitsmap' 'specbitsmap_ln0' <Predicate = true> <Delay = 0.00>
ST_5 : Operation 165 [1/1] (0.00ns)   --->   "%specinterface_ln0 = specinterface void @_ssdm_op_SpecInterface, i16 %d_i_7, void @empty_0, i32 0, i32 0, void @empty, i32 0, i32 0, void @empty, void @empty, void @empty, i32 0, i32 0, i32 0, i32 0, void @empty, void @empty, i32 4294967295, i32 0"   --->   Operation 165 'specinterface' 'specinterface_ln0' <Predicate = true> <Delay = 0.00>
ST_5 : Operation 166 [1/1] (0.00ns)   --->   "%specbitsmap_ln0 = specbitsmap void @_ssdm_op_SpecBitsMap, i16 %d_i_7"   --->   Operation 166 'specbitsmap' 'specbitsmap_ln0' <Predicate = true> <Delay = 0.00>
ST_5 : Operation 167 [1/1] (0.00ns)   --->   "%sext_ln67 = sext i16 %d_i_0_read" [array_io.c:67]   --->   Operation 167 'sext' 'sext_ln67' <Predicate = true> <Delay = 0.00>
ST_5 : Operation 168 [1/1] (0.00ns)   --->   "%sext_ln67_1 = sext i16 %d_i_1_read" [array_io.c:67]   --->   Operation 168 'sext' 'sext_ln67_1' <Predicate = true> <Delay = 0.00>
ST_5 : Operation 169 [1/1] (0.00ns)   --->   "%sext_ln67_2 = sext i16 %d_i_2_read" [array_io.c:67]   --->   Operation 169 'sext' 'sext_ln67_2' <Predicate = true> <Delay = 0.00>
ST_5 : Operation 170 [1/1] (0.00ns)   --->   "%sext_ln67_3 = sext i16 %d_i_3_read" [array_io.c:67]   --->   Operation 170 'sext' 'sext_ln67_3' <Predicate = true> <Delay = 0.00>
ST_5 : Operation 171 [1/1] (0.00ns)   --->   "%sext_ln67_4 = sext i16 %d_i_4_read" [array_io.c:67]   --->   Operation 171 'sext' 'sext_ln67_4' <Predicate = true> <Delay = 0.00>
ST_5 : Operation 172 [1/1] (0.00ns)   --->   "%sext_ln67_5 = sext i16 %d_i_5_read" [array_io.c:67]   --->   Operation 172 'sext' 'sext_ln67_5' <Predicate = true> <Delay = 0.00>
ST_5 : Operation 173 [1/1] (0.00ns)   --->   "%sext_ln67_6 = sext i16 %d_i_6_read" [array_io.c:67]   --->   Operation 173 'sext' 'sext_ln67_6' <Predicate = true> <Delay = 0.00>
ST_5 : Operation 174 [1/1] (0.00ns)   --->   "%sext_ln67_7 = sext i16 %d_i_7_read" [array_io.c:67]   --->   Operation 174 'sext' 'sext_ln67_7' <Predicate = true> <Delay = 0.00>
ST_5 : Operation 175 [1/1] (0.00ns)   --->   "%sext_ln69 = sext i16 %d_i_0_read_1" [array_io.c:69]   --->   Operation 175 'sext' 'sext_ln69' <Predicate = true> <Delay = 0.00>
ST_5 : Operation 176 [1/1] (0.00ns)   --->   "%sext_ln69_1 = sext i16 %d_i_1_read_1" [array_io.c:69]   --->   Operation 176 'sext' 'sext_ln69_1' <Predicate = true> <Delay = 0.00>
ST_5 : Operation 177 [1/1] (0.00ns)   --->   "%sext_ln69_2 = sext i16 %d_i_2_read_1" [array_io.c:69]   --->   Operation 177 'sext' 'sext_ln69_2' <Predicate = true> <Delay = 0.00>
ST_5 : Operation 178 [1/1] (0.00ns)   --->   "%sext_ln69_3 = sext i16 %d_i_3_read_1" [array_io.c:69]   --->   Operation 178 'sext' 'sext_ln69_3' <Predicate = true> <Delay = 0.00>
ST_5 : Operation 179 [1/1] (0.00ns)   --->   "%sext_ln69_4 = sext i16 %d_i_4_read_1" [array_io.c:69]   --->   Operation 179 'sext' 'sext_ln69_4' <Predicate = true> <Delay = 0.00>
ST_5 : Operation 180 [1/1] (0.00ns)   --->   "%sext_ln69_5 = sext i16 %d_i_5_read_1" [array_io.c:69]   --->   Operation 180 'sext' 'sext_ln69_5' <Predicate = true> <Delay = 0.00>
ST_5 : Operation 181 [1/1] (0.00ns)   --->   "%sext_ln69_6 = sext i16 %d_i_6_read_1" [array_io.c:69]   --->   Operation 181 'sext' 'sext_ln69_6' <Predicate = true> <Delay = 0.00>
ST_5 : Operation 182 [1/1] (0.00ns)   --->   "%sext_ln69_7 = sext i16 %d_i_7_read_1" [array_io.c:69]   --->   Operation 182 'sext' 'sext_ln69_7' <Predicate = true> <Delay = 0.00>
ST_5 : Operation 183 [1/1] (0.00ns) (grouped into TernaryAdder)   --->   "%add_ln67 = add i32 %acc_0_load, i32 %sext_ln67" [array_io.c:67]   --->   Operation 183 'add' 'add_ln67' <Predicate = true> <Delay = 0.00> <CoreInst = "TAddSub">   --->   Core 10 'TAddSub' <Latency = 0> <II = 1> <Delay = 0.45> <IPBlock> <Opcode : 'add' 'sub'> <InPorts = 3> <OutPorts = 1> <Sync> <CReg>
ST_5 : Operation 184 [1/1] (0.00ns)   --->   "%sext_ln67_9 = sext i17 %add_ln67_1" [array_io.c:67]   --->   Operation 184 'sext' 'sext_ln67_9' <Predicate = true> <Delay = 0.00>
ST_5 : Operation 185 [1/1] (1.12ns)   --->   "%add_ln67_2 = add i18 %sext_ln67_9, i18 %sext_ln69" [array_io.c:67]   --->   Operation 185 'add' 'add_ln67_2' <Predicate = true> <Delay = 1.12> <CoreInst = "Adder">   --->   Core 1 'Adder' <Latency = 0> <II = 1> <Delay = 1.12> <FuncUnit> <Opcode : 'add' 'sub'> <InPorts = 2> <OutPorts = 1>
ST_5 : Operation 186 [1/1] (0.00ns)   --->   "%sext_ln67_10 = sext i18 %add_ln67_2" [array_io.c:67]   --->   Operation 186 'sext' 'sext_ln67_10' <Predicate = true> <Delay = 0.00>
ST_5 : Operation 187 [1/1] (0.90ns) (root node of TernaryAdder)   --->   "%temp = add i32 %sext_ln67_10, i32 %add_ln67" [array_io.c:67]   --->   Operation 187 'add' 'temp' <Predicate = true> <Delay = 0.90> <CoreInst = "TAddSub">   --->   Core 10 'TAddSub' <Latency = 0> <II = 1> <Delay = 0.45> <IPBlock> <Opcode : 'add' 'sub'> <InPorts = 3> <OutPorts = 1> <Sync> <CReg>
ST_5 : Operation 188 [1/1] (0.00ns)   --->   "%store_ln68 = store i32 %temp, i32 %acc_0" [array_io.c:68]   --->   Operation 188 'store' 'store_ln68' <Predicate = true> <Delay = 0.00>
ST_5 : Operation 189 [1/1] (1.46ns)   --->   "%write_ln69 = write void @_ssdm_op_Write.ap_fifo.volatile.i16P0A, i16 %d_o_0, i16 %add_ln69_24" [array_io.c:69]   --->   Operation 189 'write' 'write_ln69' <Predicate = true> <Delay = 1.46> <CoreInst = "FIFO">   --->   Core 78 'FIFO' <Latency = 0> <II = 1> <Delay = 1.72> <Storage> <Opcode : 'read' 'write' 'nbread' 'nbwrite'> <Ports = 0> <Width = -1> <Depth = -1> <FIFO>
ST_5 : Operation 190 [1/1] (0.00ns) (grouped into TernaryAdder)   --->   "%add_ln67_4 = add i32 %acc_1_load, i32 %sext_ln67_1" [array_io.c:67]   --->   Operation 190 'add' 'add_ln67_4' <Predicate = true> <Delay = 0.00> <CoreInst = "TAddSub">   --->   Core 10 'TAddSub' <Latency = 0> <II = 1> <Delay = 0.45> <IPBlock> <Opcode : 'add' 'sub'> <InPorts = 3> <OutPorts = 1> <Sync> <CReg>
ST_5 : Operation 191 [1/1] (0.00ns)   --->   "%sext_ln67_12 = sext i17 %add_ln67_5" [array_io.c:67]   --->   Operation 191 'sext' 'sext_ln67_12' <Predicate = true> <Delay = 0.00>
ST_5 : Operation 192 [1/1] (1.12ns)   --->   "%add_ln67_6 = add i18 %sext_ln67_12, i18 %sext_ln69_1" [array_io.c:67]   --->   Operation 192 'add' 'add_ln67_6' <Predicate = true> <Delay = 1.12> <CoreInst = "Adder">   --->   Core 1 'Adder' <Latency = 0> <II = 1> <Delay = 1.12> <FuncUnit> <Opcode : 'add' 'sub'> <InPorts = 2> <OutPorts = 1>
ST_5 : Operation 193 [1/1] (0.00ns)   --->   "%sext_ln67_13 = sext i18 %add_ln67_6" [array_io.c:67]   --->   Operation 193 'sext' 'sext_ln67_13' <Predicate = true> <Delay = 0.00>
ST_5 : Operation 194 [1/1] (0.90ns) (root node of TernaryAdder)   --->   "%temp_1 = add i32 %sext_ln67_13, i32 %add_ln67_4" [array_io.c:67]   --->   Operation 194 'add' 'temp_1' <Predicate = true> <Delay = 0.90> <CoreInst = "TAddSub">   --->   Core 10 'TAddSub' <Latency = 0> <II = 1> <Delay = 0.45> <IPBlock> <Opcode : 'add' 'sub'> <InPorts = 3> <OutPorts = 1> <Sync> <CReg>
ST_5 : Operation 195 [1/1] (0.00ns)   --->   "%store_ln68 = store i32 %temp_1, i32 %acc_1" [array_io.c:68]   --->   Operation 195 'store' 'store_ln68' <Predicate = true> <Delay = 0.00>
ST_5 : Operation 196 [1/1] (1.46ns)   --->   "%write_ln69 = write void @_ssdm_op_Write.ap_fifo.volatile.i16P0A, i16 %d_o_1, i16 %add_ln69_25" [array_io.c:69]   --->   Operation 196 'write' 'write_ln69' <Predicate = true> <Delay = 1.46> <CoreInst = "FIFO">   --->   Core 78 'FIFO' <Latency = 0> <II = 1> <Delay = 1.72> <Storage> <Opcode : 'read' 'write' 'nbread' 'nbwrite'> <Ports = 0> <Width = -1> <Depth = -1> <FIFO>
ST_5 : Operation 197 [1/1] (0.00ns) (grouped into TernaryAdder)   --->   "%add_ln67_8 = add i32 %acc_2_load, i32 %sext_ln67_2" [array_io.c:67]   --->   Operation 197 'add' 'add_ln67_8' <Predicate = true> <Delay = 0.00> <CoreInst = "TAddSub">   --->   Core 10 'TAddSub' <Latency = 0> <II = 1> <Delay = 0.45> <IPBlock> <Opcode : 'add' 'sub'> <InPorts = 3> <OutPorts = 1> <Sync> <CReg>
ST_5 : Operation 198 [1/1] (0.00ns)   --->   "%sext_ln67_15 = sext i17 %add_ln67_9" [array_io.c:67]   --->   Operation 198 'sext' 'sext_ln67_15' <Predicate = true> <Delay = 0.00>
ST_5 : Operation 199 [1/1] (1.12ns)   --->   "%add_ln67_10 = add i18 %sext_ln67_15, i18 %sext_ln69_2" [array_io.c:67]   --->   Operation 199 'add' 'add_ln67_10' <Predicate = true> <Delay = 1.12> <CoreInst = "Adder">   --->   Core 1 'Adder' <Latency = 0> <II = 1> <Delay = 1.12> <FuncUnit> <Opcode : 'add' 'sub'> <InPorts = 2> <OutPorts = 1>
ST_5 : Operation 200 [1/1] (0.00ns)   --->   "%sext_ln67_16 = sext i18 %add_ln67_10" [array_io.c:67]   --->   Operation 200 'sext' 'sext_ln67_16' <Predicate = true> <Delay = 0.00>
ST_5 : Operation 201 [1/1] (0.90ns) (root node of TernaryAdder)   --->   "%temp_2 = add i32 %sext_ln67_16, i32 %add_ln67_8" [array_io.c:67]   --->   Operation 201 'add' 'temp_2' <Predicate = true> <Delay = 0.90> <CoreInst = "TAddSub">   --->   Core 10 'TAddSub' <Latency = 0> <II = 1> <Delay = 0.45> <IPBlock> <Opcode : 'add' 'sub'> <InPorts = 3> <OutPorts = 1> <Sync> <CReg>
ST_5 : Operation 202 [1/1] (0.00ns)   --->   "%store_ln68 = store i32 %temp_2, i32 %acc_2" [array_io.c:68]   --->   Operation 202 'store' 'store_ln68' <Predicate = true> <Delay = 0.00>
ST_5 : Operation 203 [1/1] (1.46ns)   --->   "%write_ln69 = write void @_ssdm_op_Write.ap_fifo.volatile.i16P0A, i16 %d_o_2, i16 %add_ln69_26" [array_io.c:69]   --->   Operation 203 'write' 'write_ln69' <Predicate = true> <Delay = 1.46> <CoreInst = "FIFO">   --->   Core 78 'FIFO' <Latency = 0> <II = 1> <Delay = 1.72> <Storage> <Opcode : 'read' 'write' 'nbread' 'nbwrite'> <Ports = 0> <Width = -1> <Depth = -1> <FIFO>
ST_5 : Operation 204 [1/1] (0.00ns) (grouped into TernaryAdder)   --->   "%add_ln67_12 = add i32 %acc_3_load, i32 %sext_ln67_3" [array_io.c:67]   --->   Operation 204 'add' 'add_ln67_12' <Predicate = true> <Delay = 0.00> <CoreInst = "TAddSub">   --->   Core 10 'TAddSub' <Latency = 0> <II = 1> <Delay = 0.45> <IPBlock> <Opcode : 'add' 'sub'> <InPorts = 3> <OutPorts = 1> <Sync> <CReg>
ST_5 : Operation 205 [1/1] (0.00ns)   --->   "%sext_ln67_18 = sext i17 %add_ln67_13" [array_io.c:67]   --->   Operation 205 'sext' 'sext_ln67_18' <Predicate = true> <Delay = 0.00>
ST_5 : Operation 206 [1/1] (1.12ns)   --->   "%add_ln67_14 = add i18 %sext_ln67_18, i18 %sext_ln69_3" [array_io.c:67]   --->   Operation 206 'add' 'add_ln67_14' <Predicate = true> <Delay = 1.12> <CoreInst = "Adder">   --->   Core 1 'Adder' <Latency = 0> <II = 1> <Delay = 1.12> <FuncUnit> <Opcode : 'add' 'sub'> <InPorts = 2> <OutPorts = 1>
ST_5 : Operation 207 [1/1] (0.00ns)   --->   "%sext_ln67_19 = sext i18 %add_ln67_14" [array_io.c:67]   --->   Operation 207 'sext' 'sext_ln67_19' <Predicate = true> <Delay = 0.00>
ST_5 : Operation 208 [1/1] (0.90ns) (root node of TernaryAdder)   --->   "%temp_3 = add i32 %sext_ln67_19, i32 %add_ln67_12" [array_io.c:67]   --->   Operation 208 'add' 'temp_3' <Predicate = true> <Delay = 0.90> <CoreInst = "TAddSub">   --->   Core 10 'TAddSub' <Latency = 0> <II = 1> <Delay = 0.45> <IPBlock> <Opcode : 'add' 'sub'> <InPorts = 3> <OutPorts = 1> <Sync> <CReg>
ST_5 : Operation 209 [1/1] (0.00ns)   --->   "%store_ln68 = store i32 %temp_3, i32 %acc_3" [array_io.c:68]   --->   Operation 209 'store' 'store_ln68' <Predicate = true> <Delay = 0.00>
ST_5 : Operation 210 [1/1] (1.46ns)   --->   "%write_ln69 = write void @_ssdm_op_Write.ap_fifo.volatile.i16P0A, i16 %d_o_3, i16 %add_ln69_27" [array_io.c:69]   --->   Operation 210 'write' 'write_ln69' <Predicate = true> <Delay = 1.46> <CoreInst = "FIFO">   --->   Core 78 'FIFO' <Latency = 0> <II = 1> <Delay = 1.72> <Storage> <Opcode : 'read' 'write' 'nbread' 'nbwrite'> <Ports = 0> <Width = -1> <Depth = -1> <FIFO>
ST_5 : Operation 211 [1/1] (0.00ns) (grouped into TernaryAdder)   --->   "%add_ln67_16 = add i32 %acc_4_load, i32 %sext_ln67_4" [array_io.c:67]   --->   Operation 211 'add' 'add_ln67_16' <Predicate = true> <Delay = 0.00> <CoreInst = "TAddSub">   --->   Core 10 'TAddSub' <Latency = 0> <II = 1> <Delay = 0.45> <IPBlock> <Opcode : 'add' 'sub'> <InPorts = 3> <OutPorts = 1> <Sync> <CReg>
ST_5 : Operation 212 [1/1] (0.00ns)   --->   "%sext_ln67_21 = sext i17 %add_ln67_17" [array_io.c:67]   --->   Operation 212 'sext' 'sext_ln67_21' <Predicate = true> <Delay = 0.00>
ST_5 : Operation 213 [1/1] (1.12ns)   --->   "%add_ln67_18 = add i18 %sext_ln67_21, i18 %sext_ln69_4" [array_io.c:67]   --->   Operation 213 'add' 'add_ln67_18' <Predicate = true> <Delay = 1.12> <CoreInst = "Adder">   --->   Core 1 'Adder' <Latency = 0> <II = 1> <Delay = 1.12> <FuncUnit> <Opcode : 'add' 'sub'> <InPorts = 2> <OutPorts = 1>
ST_5 : Operation 214 [1/1] (0.00ns)   --->   "%sext_ln67_22 = sext i18 %add_ln67_18" [array_io.c:67]   --->   Operation 214 'sext' 'sext_ln67_22' <Predicate = true> <Delay = 0.00>
ST_5 : Operation 215 [1/1] (0.90ns) (root node of TernaryAdder)   --->   "%temp_4 = add i32 %sext_ln67_22, i32 %add_ln67_16" [array_io.c:67]   --->   Operation 215 'add' 'temp_4' <Predicate = true> <Delay = 0.90> <CoreInst = "TAddSub">   --->   Core 10 'TAddSub' <Latency = 0> <II = 1> <Delay = 0.45> <IPBlock> <Opcode : 'add' 'sub'> <InPorts = 3> <OutPorts = 1> <Sync> <CReg>
ST_5 : Operation 216 [1/1] (0.00ns)   --->   "%store_ln68 = store i32 %temp_4, i32 %acc_4" [array_io.c:68]   --->   Operation 216 'store' 'store_ln68' <Predicate = true> <Delay = 0.00>
ST_5 : Operation 217 [1/1] (1.46ns)   --->   "%write_ln69 = write void @_ssdm_op_Write.ap_fifo.volatile.i16P0A, i16 %d_o_4, i16 %add_ln69_28" [array_io.c:69]   --->   Operation 217 'write' 'write_ln69' <Predicate = true> <Delay = 1.46> <CoreInst = "FIFO">   --->   Core 78 'FIFO' <Latency = 0> <II = 1> <Delay = 1.72> <Storage> <Opcode : 'read' 'write' 'nbread' 'nbwrite'> <Ports = 0> <Width = -1> <Depth = -1> <FIFO>
ST_5 : Operation 218 [1/1] (0.00ns) (grouped into TernaryAdder)   --->   "%add_ln67_20 = add i32 %acc_5_load, i32 %sext_ln67_5" [array_io.c:67]   --->   Operation 218 'add' 'add_ln67_20' <Predicate = true> <Delay = 0.00> <CoreInst = "TAddSub">   --->   Core 10 'TAddSub' <Latency = 0> <II = 1> <Delay = 0.45> <IPBlock> <Opcode : 'add' 'sub'> <InPorts = 3> <OutPorts = 1> <Sync> <CReg>
ST_5 : Operation 219 [1/1] (0.00ns)   --->   "%sext_ln67_24 = sext i17 %add_ln67_21" [array_io.c:67]   --->   Operation 219 'sext' 'sext_ln67_24' <Predicate = true> <Delay = 0.00>
ST_5 : Operation 220 [1/1] (1.12ns)   --->   "%add_ln67_22 = add i18 %sext_ln67_24, i18 %sext_ln69_5" [array_io.c:67]   --->   Operation 220 'add' 'add_ln67_22' <Predicate = true> <Delay = 1.12> <CoreInst = "Adder">   --->   Core 1 'Adder' <Latency = 0> <II = 1> <Delay = 1.12> <FuncUnit> <Opcode : 'add' 'sub'> <InPorts = 2> <OutPorts = 1>
ST_5 : Operation 221 [1/1] (0.00ns)   --->   "%sext_ln67_25 = sext i18 %add_ln67_22" [array_io.c:67]   --->   Operation 221 'sext' 'sext_ln67_25' <Predicate = true> <Delay = 0.00>
ST_5 : Operation 222 [1/1] (0.90ns) (root node of TernaryAdder)   --->   "%temp_5 = add i32 %sext_ln67_25, i32 %add_ln67_20" [array_io.c:67]   --->   Operation 222 'add' 'temp_5' <Predicate = true> <Delay = 0.90> <CoreInst = "TAddSub">   --->   Core 10 'TAddSub' <Latency = 0> <II = 1> <Delay = 0.45> <IPBlock> <Opcode : 'add' 'sub'> <InPorts = 3> <OutPorts = 1> <Sync> <CReg>
ST_5 : Operation 223 [1/1] (0.00ns)   --->   "%store_ln68 = store i32 %temp_5, i32 %acc_5" [array_io.c:68]   --->   Operation 223 'store' 'store_ln68' <Predicate = true> <Delay = 0.00>
ST_5 : Operation 224 [1/1] (1.46ns)   --->   "%write_ln69 = write void @_ssdm_op_Write.ap_fifo.volatile.i16P0A, i16 %d_o_5, i16 %add_ln69_29" [array_io.c:69]   --->   Operation 224 'write' 'write_ln69' <Predicate = true> <Delay = 1.46> <CoreInst = "FIFO">   --->   Core 78 'FIFO' <Latency = 0> <II = 1> <Delay = 1.72> <Storage> <Opcode : 'read' 'write' 'nbread' 'nbwrite'> <Ports = 0> <Width = -1> <Depth = -1> <FIFO>
ST_5 : Operation 225 [1/1] (0.00ns) (grouped into TernaryAdder)   --->   "%add_ln67_24 = add i32 %acc_6_load, i32 %sext_ln67_6" [array_io.c:67]   --->   Operation 225 'add' 'add_ln67_24' <Predicate = true> <Delay = 0.00> <CoreInst = "TAddSub">   --->   Core 10 'TAddSub' <Latency = 0> <II = 1> <Delay = 0.45> <IPBlock> <Opcode : 'add' 'sub'> <InPorts = 3> <OutPorts = 1> <Sync> <CReg>
ST_5 : Operation 226 [1/1] (0.00ns)   --->   "%sext_ln67_27 = sext i17 %add_ln67_25" [array_io.c:67]   --->   Operation 226 'sext' 'sext_ln67_27' <Predicate = true> <Delay = 0.00>
ST_5 : Operation 227 [1/1] (1.12ns)   --->   "%add_ln67_26 = add i18 %sext_ln67_27, i18 %sext_ln69_6" [array_io.c:67]   --->   Operation 227 'add' 'add_ln67_26' <Predicate = true> <Delay = 1.12> <CoreInst = "Adder">   --->   Core 1 'Adder' <Latency = 0> <II = 1> <Delay = 1.12> <FuncUnit> <Opcode : 'add' 'sub'> <InPorts = 2> <OutPorts = 1>
ST_5 : Operation 228 [1/1] (0.00ns)   --->   "%sext_ln67_28 = sext i18 %add_ln67_26" [array_io.c:67]   --->   Operation 228 'sext' 'sext_ln67_28' <Predicate = true> <Delay = 0.00>
ST_5 : Operation 229 [1/1] (0.90ns) (root node of TernaryAdder)   --->   "%temp_6 = add i32 %sext_ln67_28, i32 %add_ln67_24" [array_io.c:67]   --->   Operation 229 'add' 'temp_6' <Predicate = true> <Delay = 0.90> <CoreInst = "TAddSub">   --->   Core 10 'TAddSub' <Latency = 0> <II = 1> <Delay = 0.45> <IPBlock> <Opcode : 'add' 'sub'> <InPorts = 3> <OutPorts = 1> <Sync> <CReg>
ST_5 : Operation 230 [1/1] (0.00ns)   --->   "%store_ln68 = store i32 %temp_6, i32 %acc_6" [array_io.c:68]   --->   Operation 230 'store' 'store_ln68' <Predicate = true> <Delay = 0.00>
ST_5 : Operation 231 [1/1] (1.46ns)   --->   "%write_ln69 = write void @_ssdm_op_Write.ap_fifo.volatile.i16P0A, i16 %d_o_6, i16 %add_ln69_30" [array_io.c:69]   --->   Operation 231 'write' 'write_ln69' <Predicate = true> <Delay = 1.46> <CoreInst = "FIFO">   --->   Core 78 'FIFO' <Latency = 0> <II = 1> <Delay = 1.72> <Storage> <Opcode : 'read' 'write' 'nbread' 'nbwrite'> <Ports = 0> <Width = -1> <Depth = -1> <FIFO>
ST_5 : Operation 232 [1/1] (0.00ns) (grouped into TernaryAdder)   --->   "%add_ln67_28 = add i32 %acc_7_load, i32 %sext_ln67_7" [array_io.c:67]   --->   Operation 232 'add' 'add_ln67_28' <Predicate = true> <Delay = 0.00> <CoreInst = "TAddSub">   --->   Core 10 'TAddSub' <Latency = 0> <II = 1> <Delay = 0.45> <IPBlock> <Opcode : 'add' 'sub'> <InPorts = 3> <OutPorts = 1> <Sync> <CReg>
ST_5 : Operation 233 [1/1] (0.00ns)   --->   "%sext_ln67_30 = sext i17 %add_ln67_29" [array_io.c:67]   --->   Operation 233 'sext' 'sext_ln67_30' <Predicate = true> <Delay = 0.00>
ST_5 : Operation 234 [1/1] (1.12ns)   --->   "%add_ln67_30 = add i18 %sext_ln67_30, i18 %sext_ln69_7" [array_io.c:67]   --->   Operation 234 'add' 'add_ln67_30' <Predicate = true> <Delay = 1.12> <CoreInst = "Adder">   --->   Core 1 'Adder' <Latency = 0> <II = 1> <Delay = 1.12> <FuncUnit> <Opcode : 'add' 'sub'> <InPorts = 2> <OutPorts = 1>
ST_5 : Operation 235 [1/1] (0.00ns)   --->   "%sext_ln67_31 = sext i18 %add_ln67_30" [array_io.c:67]   --->   Operation 235 'sext' 'sext_ln67_31' <Predicate = true> <Delay = 0.00>
ST_5 : Operation 236 [1/1] (0.90ns) (root node of TernaryAdder)   --->   "%temp_7 = add i32 %sext_ln67_31, i32 %add_ln67_28" [array_io.c:67]   --->   Operation 236 'add' 'temp_7' <Predicate = true> <Delay = 0.90> <CoreInst = "TAddSub">   --->   Core 10 'TAddSub' <Latency = 0> <II = 1> <Delay = 0.45> <IPBlock> <Opcode : 'add' 'sub'> <InPorts = 3> <OutPorts = 1> <Sync> <CReg>
ST_5 : Operation 237 [1/1] (0.00ns)   --->   "%store_ln68 = store i32 %temp_7, i32 %acc_7" [array_io.c:68]   --->   Operation 237 'store' 'store_ln68' <Predicate = true> <Delay = 0.00>
ST_5 : Operation 238 [1/1] (1.46ns)   --->   "%write_ln69 = write void @_ssdm_op_Write.ap_fifo.volatile.i16P0A, i16 %d_o_7, i16 %add_ln69_31" [array_io.c:69]   --->   Operation 238 'write' 'write_ln69' <Predicate = true> <Delay = 1.46> <CoreInst = "FIFO">   --->   Core 78 'FIFO' <Latency = 0> <II = 1> <Delay = 1.72> <Storage> <Opcode : 'read' 'write' 'nbread' 'nbwrite'> <Ports = 0> <Width = -1> <Depth = -1> <FIFO>
ST_5 : Operation 239 [1/1] (0.00ns)   --->   "%ret_ln71 = ret" [array_io.c:71]   --->   Operation 239 'ret' 'ret_ln71' <Predicate = true> <Delay = 0.00>


============================================================
+ Verbose Summary: Timing violations
============================================================
Target clock period: 4ns, clock uncertainty: 1.08ns.

 <State 1>: 1.46ns
The critical path consists of the following:
	fifo read operation ('d_i_0_read', array_io.c:67) on port 'd_i_0' (array_io.c:67) [59]  (1.46 ns)

 <State 2>: 2.58ns
The critical path consists of the following:
	'load' operation ('acc_0_load', array_io.c:67) on static variable 'acc_0' [58]  (0 ns)
	'add' operation ('add_ln69', array_io.c:69) [62]  (1.12 ns)
	fifo write operation ('write_ln69', array_io.c:69) on port 'd_o_0' (array_io.c:69) [63]  (1.46 ns)

 <State 3>: 2.58ns
The critical path consists of the following:
	'add' operation ('add_ln69_8', array_io.c:69) [108]  (1.12 ns)
	fifo write operation ('write_ln69', array_io.c:69) on port 'd_o_0' (array_io.c:69) [109]  (1.46 ns)

 <State 4>: 2.58ns
The critical path consists of the following:
	'add' operation ('add_ln69_16', array_io.c:69) [140]  (1.12 ns)
	fifo write operation ('write_ln69', array_io.c:69) on port 'd_o_0' (array_io.c:69) [141]  (1.46 ns)

 <State 5>: 2.03ns
The critical path consists of the following:
	'add' operation ('add_ln67_2', array_io.c:67) [175]  (1.12 ns)
	'add' operation ('temp', array_io.c:67) [177]  (0.907 ns)


============================================================
+ Verbose Summary: Binding
============================================================
N/A
* FSMD analyzer results:
  - Output states:
 - Input state : 
  - Chain level:
	State 1
	State 2
	State 3
	State 4
	State 5


============================================================
+ Verbose Summary: Datapath Resource usage 
============================================================
N/A
